0001_0029_0020_0061_0061.jpg 1 29 20 61 61
0002_0017_0024_0065_0065.jpg 1 17 24 65 65
0003_0038_0038_0048_0048.jpg 1 38 38 48 48
0004_0019_0017_0040_0040.jpg 1 19 17 40 40
0005_0030_0008_0028_0028.jpg 1 30 8 28 28
0006_0055_0034_0034_0034.jpg 1 55 34 34 34
0007_0015_0048_0036_0036.jpg 1 15 48 36 36
0008_0006_0005_0061_0061.jpg 1 6 5 61 61
0009_0004_0009_0065_0065.jpg 1 4 9 65 65
0010_0007_0011_0069_0069.jpg 1 7 11 69 69
0011_0026_0009_0063_0063.jpg 1 26 9 63 63
0012_0019_0016_0065_0065.jpg 1 19 16 65 65
0013_0047_0050_0034_0034.jpg 1 47 50 34 34
0014_0024_0020_0037_0037.jpg 1 24 20 37 37
0015_0017_0006_0062_0062.jpg 1 17 6 62 62
0016_0018_0004_0064_0064.jpg 1 18 4 64 64
0017_0027_0024_0069_0069.jpg 1 27 24 69 69
0018_0021_0035_0051_0051.jpg 1 21 35 51 51
0019_0033_0055_0032_0032.jpg 1 33 55 32 32
0020_0040_0020_0028_0028.jpg 1 40 20 28 28
0021_0003_0009_0068_0068.jpg 1 3 9 68 68
0022_0011_0031_0034_0034.jpg 1 11 31 34 34
0023_0008_0010_0025_0025.jpg 1 8 10 25 25
0024_0034_0019_0026_0026.jpg 1 34 19 26 26
0025_0006_0022_0056_0056.jpg 1 6 22 56 56
0026_0021_0019_0040_0040.jpg 1 21 19 40 40
0027_0047_0018_0024_0024.jpg 1 47 18 24 24
0028_0027_0047_0040_0040.jpg 1 27 47 40 40
0029_0018_0030_0026_0026.jpg 1 18 30 26 26
0030_0047_0022_0037_0037.jpg 1 47 22 37 37
0031_0042_0029_0053_0053.jpg 1 42 29 53 53
0032_0028_0033_0033_0033.jpg 1 28 33 33 33
0033_0047_0046_0025_0025.jpg 1 47 46 25 25
0034_0018_0017_0052_0052.jpg 1 18 17 52 52
0035_0029_0016_0056_0056.jpg 1 29 16 56 56
0036_0004_0020_0068_0068.jpg 1 4 20 68 68
0037_0021_0021_0058_0058.jpg 1 21 21 58 58
0038_0009_0006_0060_0060.jpg 1 9 6 60 60
0039_0029_0045_0048_0048.jpg 1 29 45 48 48
0040_0006_0016_0034_0034.jpg 1 6 16 34 34
0041_0021_0050_0042_0042.jpg 1 21 50 42 42
0042_0033_0008_0055_0055.jpg 1 33 8 55 55
0043_0020_0028_0032_0032.jpg 1 20 28 32 32
0044_0011_0047_0044_0044.jpg 1 11 47 44 44
0045_0007_0005_0049_0049.jpg 1 7 5 49 49
0046_0018_0039_0032_0032.jpg 1 18 39 32 32
0047_0017_0028_0033_0033.jpg 1 17 28 33 33
0048_0016_0033_0039_0039.jpg 1 16 33 39 39
0049_0014_0015_0040_0040.jpg 1 14 15 40 40
0050_0046_0056_0030_0030.jpg 1 46 56 30 30
0051_0043_0012_0024_0024.jpg 1 43 12 24 24
0052_0029_0052_0036_0036.jpg 1 29 52 36 36
0053_0008_0015_0039_0039.jpg 1 8 15 39 39
0054_0009_0038_0046_0046.jpg 1 9 38 46 46
0055_0027_0008_0061_0061.jpg 1 27 8 61 61
0056_0014_0032_0042_0042.jpg 1 14 32 42 42
0057_0023_0027_0026_0026.jpg 1 23 27 26 26
0058_0017_0009_0064_0064.jpg 1 17 9 64 64
0059_0053_0047_0040_0040.jpg 1 53 47 40 40
0060_0018_0008_0030_0030.jpg 1 18 8 30 30
0061_0047_0045_0036_0036.jpg 1 47 45 36 36
0062_0026_0062_0030_0030.jpg 1 26 62 30 30
0063_0028_0039_0035_0035.jpg 1 28 39 35 35
0064_0043_0013_0051_0051.jpg 1 43 13 51 51
0065_0020_0036_0053_0053.jpg 1 20 36 53 53
0066_0027_0009_0042_0042.jpg 1 27 9 42 42
0067_0015_0018_0058_0058.jpg 1 15 18 58 58
0068_0047_0013_0031_0031.jpg 1 47 13 31 31
0069_0005_0029_0064_0064.jpg 1 5 29 64 64
0070_0024_0034_0059_0059.jpg 1 24 34 59 59
0071_0028_0029_0060_0060.jpg 1 28 29 60 60
0072_0037_0037_0039_0039.jpg 1 37 37 39 39
0073_0023_0060_0030_0030.jpg 1 23 60 30 30
0074_0021_0019_0044_0044.jpg 1 21 19 44 44
0075_0029_0045_0038_0038.jpg 1 29 45 38 38
0076_0046_0059_0028_0028.jpg 1 46 59 28 28
0077_0019_0034_0053_0053.jpg 1 19 34 53 53
0078_0031_0023_0049_0049.jpg 1 31 23 49 49
0079_0016_0015_0056_0056.jpg 1 16 15 56 56
0080_0032_0049_0037_0037.jpg 1 32 49 37 37
0081_0009_0006_0066_0066.jpg 1 9 6 66 66
0082_0029_0019_0056_0056.jpg 1 29 19 56 56
0083_0026_0016_0042_0042.jpg 1 26 16 42 42
0084_0040_0023_0051_0051.jpg 1 40 23 51 51
0085_0006_0006_0069_0069.jpg 1 6 6 69 69
0086_0031_0012_0047_0047.jpg 1 31 12 47 47
0087_0030_0006_0066_0066.jpg 1 30 6 66 66
0088_0007_0025_0045_0045.jpg 1 7 25 45 45
0089_0014_0028_0034_0034.jpg 1 14 28 34 34
0090_0054_0034_0027_0027.jpg 1 54 34 27 27
0091_0019_0009_0069_0069.jpg 1 19 9 69 69
0092_0048_0066_0025_0025.jpg 1 48 66 25 25
0093_0011_0011_0042_0042.jpg 1 11 11 42 42
0094_0010_0018_0050_0050.jpg 1 10 18 50 50
0095_0015_0034_0050_0050.jpg 1 15 34 50 50
0096_0039_0017_0044_0044.jpg 1 39 17 44 44
0097_0041_0016_0027_0027.jpg 1 41 16 27 27
0098_0039_0032_0040_0040.jpg 1 39 32 40 40
0099_0056_0060_0026_0026.jpg 1 56 60 26 26
0100_0022_0027_0061_0061.jpg 1 22 27 61 61
0101_0030_0036_0049_0049.jpg 1 30 36 49 49
0102_0008_0029_0065_0065.jpg 1 8 29 65 65
0103_0048_0055_0036_0036.jpg 1 48 55 36 36
0104_0052_0059_0024_0024.jpg 1 52 59 24 24
0105_0035_0050_0044_0044.jpg 1 35 50 44 44
0106_0033_0030_0062_0062.jpg 1 33 30 62 62
0107_0022_0004_0066_0066.jpg 1 22 4 66 66
0108_0043_0010_0041_0041.jpg 1 43 10 41 41
0109_0018_0027_0031_0031.jpg 1 18 27 31 31
0110_0043_0029_0030_0030.jpg 1 43 29 30 30
0111_0052_0034_0026_0026.jpg 1 52 34 26 26
0112_0005_0012_0056_0056.jpg 1 5 12 56 56
0113_0037_0032_0049_0049.jpg 1 37 32 49 49
0114_0004_0022_0069_0069.jpg 1 4 22 69 69
0115_0060_0013_0032_0032.jpg 1 60 13 32 32
0116_0032_0018_0042_0042.jpg 1 32 18 42 42
0117_0013_0006_0062_0062.jpg 1 13 6 62 62
0118_0031_0016_0064_0064.jpg 1 31 16 64 64
0119_0023_0055_0026_0026.jpg 1 23 55 26 26
0120_0023_0024_0034_0034.jpg 1 23 24 34 34
0121_0012_0014_0068_0068.jpg 1 12 14 68 68
0122_0037_0016_0046_0046.jpg 1 37 16 46 46
0123_0005_0011_0054_0054.jpg 1 5 11 54 54
0124_0035_0044_0038_0038.jpg 1 35 44 38 38
0125_0043_0018_0043_0043.jpg 1 43 18 43 43
0126_0015_0049_0041_0041.jpg 1 15 49 41 41
0127_0029_0028_0040_0040.jpg 1 29 28 40 40
0128_0019_0028_0044_0044.jpg 1 19 28 44 44
0129_0008_0007_0040_0040.jpg 1 8 7 40 40
0130_0025_0008_0033_0033.jpg 1 25 8 33 33
0131_0022_0011_0067_0067.jpg 1 22 11 67 67
0132_0017_0033_0048_0048.jpg 1 17 33 48 48
0133_0046_0033_0044_0044.jpg 1 46 33 44 44
0134_0005_0035_0050_0050.jpg 1 5 35 50 50
0135_0024_0006_0035_0035.jpg 1 24 6 35 35
0136_0011_0049_0031_0031.jpg 1 11 49 31 31
0137_0026_0013_0068_0068.jpg 1 26 13 68 68
0138_0016_0033_0038_0038.jpg 1 16 33 38 38
0139_0020_0010_0057_0057.jpg 1 20 10 57 57
0140_0018_0031_0032_0032.jpg 1 18 31 32 32
0141_0017_0038_0050_0050.jpg 1 17 38 50 50
0142_0040_0014_0046_0046.jpg 1 40 14 46 46
0143_0007_0028_0066_0066.jpg 1 7 28 66 66
0144_0016_0039_0041_0041.jpg 1 16 39 41 41
0145_0042_0019_0029_0029.jpg 1 42 19 29 29
0146_0027_0003_0067_0067.jpg 1 27 3 67 67
0147_0019_0006_0063_0063.jpg 1 19 6 63 63
0148_0011_0021_0050_0050.jpg 1 11 21 50 50
0149_0010_0016_0061_0061.jpg 1 10 16 61 61
0150_0007_0010_0056_0056.jpg 1 7 10 56 56
0151_0024_0018_0067_0067.jpg 1 24 18 67 67
0152_0026_0041_0033_0033.jpg 1 26 41 33 33
0153_0034_0027_0040_0040.jpg 1 34 27 40 40
0154_0011_0015_0062_0062.jpg 1 11 15 62 62
0155_0014_0025_0060_0060.jpg 1 14 25 60 60
0156_0060_0026_0028_0028.jpg 1 60 26 28 28
0157_0026_0015_0046_0046.jpg 1 26 15 46 46
0158_0009_0009_0061_0061.jpg 1 9 9 61 61
0159_0037_0020_0029_0029.jpg 1 37 20 29 29
0160_0039_0013_0042_0042.jpg 1 39 13 42 42
0161_0031_0010_0059_0059.jpg 1 31 10 59 59
0162_0062_0055_0027_0027.jpg 1 62 55 27 27
0163_0025_0018_0026_0026.jpg 1 25 18 26 26
0164_0036_0031_0034_0034.jpg 1 36 31 34 34
0165_0010_0032_0047_0047.jpg 1 10 32 47 47
0166_0008_0050_0033_0033.jpg 1 8 50 33 33
0167_0037_0032_0045_0045.jpg 1 37 32 45 45
0168_0006_0013_0054_0054.jpg 1 6 13 54 54
0169_0040_0036_0026_0026.jpg 1 40 36 26 26
0170_0046_0010_0036_0036.jpg 1 46 10 36 36
0171_0049_0048_0043_0043.jpg 1 49 48 43 43
0172_0013_0020_0067_0067.jpg 1 13 20 67 67
0173_0049_0042_0028_0028.jpg 1 49 42 28 28
0174_0053_0067_0024_0024.jpg 1 53 67 24 24
0175_0019_0041_0037_0037.jpg 1 19 41 37 37
0176_0014_0044_0050_0050.jpg 1 14 44 50 50
0177_0059_0042_0030_0030.jpg 1 59 42 30 30
0178_0039_0042_0049_0049.jpg 1 39 42 49 49
0179_0007_0023_0044_0044.jpg 1 7 23 44 44
0180_0036_0041_0048_0048.jpg 1 36 41 48 48
0181_0023_0016_0056_0056.jpg 1 23 16 56 56
0182_0025_0010_0055_0055.jpg 1 25 10 55 55
0183_0046_0063_0028_0028.jpg 1 46 63 28 28
0184_0007_0041_0054_0054.jpg 1 7 41 54 54
0185_0049_0008_0035_0035.jpg 1 49 8 35 35
0186_0029_0036_0034_0034.jpg 1 29 36 34 34
0187_0035_0031_0029_0029.jpg 1 35 31 29 29
0188_0012_0023_0032_0032.jpg 1 12 23 32 32
0189_0041_0040_0048_0048.jpg 1 41 40 48 48
0190_0029_0026_0040_0040.jpg 1 29 26 40 40
0191_0013_0019_0026_0026.jpg 1 13 19 26 26
0192_0010_0014_0062_0062.jpg 1 10 14 62 62
0193_0018_0010_0067_0067.jpg 1 18 10 67 67
0194_0024_0021_0068_0068.jpg 1 24 21 68 68
0195_0034_0010_0060_0060.jpg 1 34 10 60 60
0196_0007_0028_0050_0050.jpg 1 7 28 50 50
0197_0012_0016_0027_0027.jpg 1 12 16 27 27
0198_0022_0055_0027_0027.jpg 1 22 55 27 27
0199_0046_0034_0043_0043.jpg 1 46 34 43 43
0200_0060_0048_0027_0027.jpg 1 60 48 27 27
0201_0023_0007_0067_0067.jpg 1 23 7 67 67
0202_0056_0012_0024_0024.jpg 1 56 12 24 24
0203_0030_0049_0029_0029.jpg 1 30 49 29 29
0204_0021_0033_0032_0032.jpg 1 21 33 32 32
0205_0012_0008_0040_0040.jpg 1 12 8 40 40
0206_0021_0028_0060_0060.jpg 1 21 28 60 60
0207_0043_0006_0044_0044.jpg 1 43 6 44 44
0208_0018_0033_0059_0059.jpg 1 18 33 59 59
0209_0014_0021_0037_0037.jpg 1 14 21 37 37
0210_0055_0010_0036_0036.jpg 1 55 10 36 36
0211_0010_0036_0045_0045.jpg 1 10 36 45 45
0212_0007_0013_0065_0065.jpg 1 7 13 65 65
0213_0003_0023_0066_0066.jpg 1 3 23 66 66
0214_0020_0028_0039_0039.jpg 1 20 28 39 39
0215_0042_0013_0043_0043.jpg 1 42 13 43 43
0216_0021_0020_0047_0047.jpg 1 21 20 47 47
0217_0062_0027_0029_0029.jpg 1 62 27 29 29
0218_0031_0038_0035_0035.jpg 1 31 38 35 35
0219_0011_0018_0034_0034.jpg 1 11 18 34 34
0220_0015_0021_0065_0065.jpg 1 15 21 65 65
0221_0056_0062_0024_0024.jpg 1 56 62 24 24
0222_0008_0017_0046_0046.jpg 1 8 17 46 46
0223_0024_0033_0033_0033.jpg 1 24 33 33 33
0224_0017_0014_0038_0038.jpg 1 17 14 38 38
0225_0024_0026_0035_0035.jpg 1 24 26 35 35
0226_0036_0034_0050_0050.jpg 1 36 34 50 50
0227_0047_0008_0043_0043.jpg 1 47 8 43 43
0228_0024_0036_0045_0045.jpg 1 24 36 45 45
0229_0010_0012_0067_0067.jpg 1 10 12 67 67
0230_0052_0061_0027_0027.jpg 1 52 61 27 27
0231_0011_0022_0057_0057.jpg 1 11 22 57 57
0232_0037_0046_0031_0031.jpg 1 37 46 31 31
0233_0006_0010_0052_0052.jpg 1 6 10 52 52
0234_0026_0007_0060_0060.jpg 1 26 7 60 60
0235_0052_0057_0026_0026.jpg 1 52 57 26 26
0236_0044_0009_0041_0041.jpg 1 44 9 41 41
0237_0030_0024_0034_0034.jpg 1 30 24 34 34
0238_0035_0020_0060_0060.jpg 1 35 20 60 60
0239_0006_0021_0055_0055.jpg 1 6 21 55 55
0240_0013_0030_0059_0059.jpg 1 13 30 59 59
0241_0013_0044_0050_0050.jpg 1 13 44 50 50
0242_0032_0016_0064_0064.jpg 1 32 16 64 64
0243_0020_0005_0064_0064.jpg 1 20 5 64 64
0244_0039_0017_0036_0036.jpg 1 39 17 36 36
0245_0038_0043_0030_0030.jpg 1 38 43 30 30
0246_0015_0013_0033_0033.jpg 1 15 13 33 33
0247_0053_0006_0039_0039.jpg 1 53 6 39 39
0248_0007_0032_0044_0044.jpg 1 7 32 44 44
0249_0050_0035_0029_0029.jpg 1 50 35 29 29
0250_0048_0023_0038_0038.jpg 1 48 23 38 38
0251_0024_0014_0049_0049.jpg 1 24 14 49 49
0252_0007_0004_0052_0052.jpg 1 7 4 52 52
0253_0040_0015_0041_0041.jpg 1 40 15 41 41
0254_0012_0016_0038_0038.jpg 1 12 16 38 38
0255_0036_0016_0055_0055.jpg 1 36 16 55 55
0256_0008_0012_0056_0056.jpg 1 8 12 56 56
0257_0026_0031_0060_0060.jpg 1 26 31 60 60
0258_0015_0035_0032_0032.jpg 1 15 35 32 32
0259_0021_0023_0068_0068.jpg 1 21 23 68 68
0260_0008_0014_0050_0050.jpg 1 8 14 50 50
0261_0024_0035_0036_0036.jpg 1 24 35 36 36
0262_0020_0027_0045_0045.jpg 1 20 27 45 45
0263_0006_0024_0061_0061.jpg 1 6 24 61 61
0264_0007_0022_0056_0056.jpg 1 7 22 56 56
0265_0035_0005_0060_0060.jpg 1 35 5 60 60
0266_0025_0045_0040_0040.jpg 1 25 45 40 40
0267_0057_0027_0028_0028.jpg 1 57 27 28 28
0268_0005_0013_0059_0059.jpg 1 5 13 59 59
0269_0013_0032_0038_0038.jpg 1 13 32 38 38
0270_0035_0033_0029_0029.jpg 1 35 33 29 29
0271_0029_0007_0044_0044.jpg 1 29 7 44 44
0272_0047_0030_0029_0029.jpg 1 47 30 29 29
0273_0012_0005_0058_0058.jpg 1 12 5 58 58
0274_0040_0037_0046_0046.jpg 1 40 37 46 46
0275_0020_0023_0055_0055.jpg 1 20 23 55 55
0276_0040_0047_0038_0038.jpg 1 40 47 38 38
0277_0026_0010_0034_0034.jpg 1 26 10 34 34
0278_0018_0005_0048_0048.jpg 1 18 5 48 48
0279_0040_0015_0053_0053.jpg 1 40 15 53 53
0280_0046_0026_0034_0034.jpg 1 46 26 34 34
0281_0031_0021_0045_0045.jpg 1 31 21 45 45
0282_0013_0004_0065_0065.jpg 1 13 4 65 65
0283_0014_0010_0040_0040.jpg 1 14 10 40 40
0284_0014_0025_0061_0061.jpg 1 14 25 61 61
0285_0013_0032_0032_0032.jpg 1 13 32 32 32
0286_0026_0014_0065_0065.jpg 1 26 14 65 65
0287_0005_0019_0048_0048.jpg 1 5 19 48 48
0288_0031_0041_0026_0026.jpg 1 31 41 26 26
0289_0034_0046_0036_0036.jpg 1 34 46 36 36
0290_0013_0052_0032_0032.jpg 1 13 52 32 32
0291_0023_0023_0062_0062.jpg 1 23 23 62 62
0292_0025_0019_0068_0068.jpg 1 25 19 68 68
0293_0028_0028_0058_0058.jpg 1 28 28 58 58
0294_0016_0029_0044_0044.jpg 1 16 29 44 44
0295_0060_0061_0029_0029.jpg 1 60 61 29 29
0296_0005_0038_0056_0056.jpg 1 5 38 56 56
0297_0017_0036_0043_0043.jpg 1 17 36 43 43
0298_0026_0028_0052_0052.jpg 1 26 28 52 52
0299_0040_0043_0048_0048.jpg 1 40 43 48 48
0300_0010_0028_0059_0059.jpg 1 10 28 59 59
0301_0015_0037_0056_0056.jpg 1 15 37 56 56
0302_0030_0031_0027_0027.jpg 1 30 31 27 27
0303_0021_0033_0059_0059.jpg 1 21 33 59 59
0304_0007_0017_0032_0032.jpg 1 7 17 32 32
0305_0011_0016_0033_0033.jpg 1 11 16 33 33
0306_0049_0014_0040_0040.jpg 1 49 14 40 40
0307_0027_0020_0058_0058.jpg 1 27 20 58 58
0308_0016_0029_0051_0051.jpg 1 16 29 51 51
0309_0045_0019_0046_0046.jpg 1 45 19 46 46
0310_0014_0036_0025_0025.jpg 1 14 36 25 25
0311_0030_0021_0061_0061.jpg 1 30 21 61 61
0312_0037_0029_0054_0054.jpg 1 37 29 54 54
0313_0039_0039_0036_0036.jpg 1 39 39 36 36
0314_0031_0017_0053_0053.jpg 1 31 17 53 53
0315_0013_0024_0042_0042.jpg 1 13 24 42 42
0316_0005_0028_0055_0055.jpg 1 5 28 55 55
0317_0031_0039_0024_0024.jpg 1 31 39 24 24
0318_0022_0008_0066_0066.jpg 1 22 8 66 66
0319_0031_0048_0043_0043.jpg 1 31 48 43 43
0320_0030_0039_0043_0043.jpg 1 30 39 43 43
0321_0005_0020_0053_0053.jpg 1 5 20 53 53
0322_0034_0014_0061_0061.jpg 1 34 14 61 61
0323_0028_0027_0026_0026.jpg 1 28 27 26 26
0324_0026_0019_0025_0025.jpg 1 26 19 25 25
0325_0009_0036_0033_0033.jpg 1 9 36 33 33
0326_0023_0042_0053_0053.jpg 1 23 42 53 53
0327_0012_0049_0045_0045.jpg 1 12 49 45 45
0328_0012_0023_0058_0058.jpg 1 12 23 58 58
0329_0024_0061_0031_0031.jpg 1 24 61 31 31
0330_0032_0019_0063_0063.jpg 1 32 19 63 63
0331_0014_0026_0067_0067.jpg 1 14 26 67 67
0332_0046_0009_0044_0044.jpg 1 46 9 44 44
0333_0016_0006_0063_0063.jpg 1 16 6 63 63
0334_0008_0040_0049_0049.jpg 1 8 40 49 49
0335_0007_0004_0061_0061.jpg 1 7 4 61 61
0336_0019_0027_0062_0062.jpg 1 19 27 62 62
0337_0028_0050_0037_0037.jpg 1 28 50 37 37
0338_0050_0042_0042_0042.jpg 1 50 42 42 42
0339_0015_0036_0047_0047.jpg 1 15 36 47 47
0340_0044_0024_0046_0046.jpg 1 44 24 46 46
0341_0040_0022_0041_0041.jpg 1 40 22 41 41
0342_0019_0024_0060_0060.jpg 1 19 24 60 60
0343_0053_0032_0038_0038.jpg 1 53 32 38 38
0344_0025_0034_0049_0049.jpg 1 25 34 49 49
0345_0052_0007_0035_0035.jpg 1 52 7 35 35
0346_0031_0026_0057_0057.jpg 1 31 26 57 57
0347_0024_0026_0061_0061.jpg 1 24 26 61 61
0348_0025_0008_0047_0047.jpg 1 25 8 47 47
0349_0030_0033_0031_0031.jpg 1 30 33 31 31
0350_0034_0028_0049_0049.jpg 1 34 28 49 49
0351_0025_0026_0039_0039.jpg 1 25 26 39 39
0352_0011_0023_0048_0048.jpg 1 11 23 48 48
0353_0005_0010_0065_0065.jpg 1 5 10 65 65
0354_0051_0041_0024_0024.jpg 1 51 41 24 24
0355_0013_0027_0068_0068.jpg 1 13 27 68 68
0356_0014_0006_0062_0062.jpg 1 14 6 62 62
0357_0033_0023_0037_0037.jpg 1 33 23 37 37
0358_0014_0022_0056_0056.jpg 1 14 22 56 56
0359_0005_0020_0055_0055.jpg 1 5 20 55 55
0360_0009_0010_0058_0058.jpg 1 9 10 58 58
0361_0060_0052_0033_0033.jpg 1 60 52 33 33
0362_0054_0015_0035_0035.jpg 1 54 15 35 35
0363_0019_0033_0028_0028.jpg 1 19 33 28 28
0364_0053_0065_0025_0025.jpg 1 53 65 25 25
0365_0043_0017_0025_0025.jpg 1 43 17 25 25
0366_0021_0054_0034_0034.jpg 1 21 54 34 34
0367_0008_0039_0037_0037.jpg 1 8 39 37 37
0368_0010_0004_0067_0067.jpg 1 10 4 67 67
0369_0031_0010_0036_0036.jpg 1 31 10 36 36
0370_0023_0019_0031_0031.jpg 1 23 19 31 31
0371_0036_0026_0040_0040.jpg 1 36 26 40 40
0372_0008_0014_0034_0034.jpg 1 8 14 34 34
0373_0009_0023_0063_0063.jpg 1 9 23 63 63
0374_0009_0019_0067_0067.jpg 1 9 19 67 67
0375_0011_0008_0033_0033.jpg 1 11 8 33 33
0376_0006_0013_0063_0063.jpg 1 6 13 63 63
0377_0007_0017_0048_0048.jpg 1 7 17 48 48
0378_0006_0005_0068_0068.jpg 1 6 5 68 68
0379_0032_0025_0032_0032.jpg 1 32 25 32 32
0380_0026_0022_0067_0067.jpg 1 26 22 67 67
0381_0054_0038_0033_0033.jpg 1 54 38 33 33
0382_0012_0021_0032_0032.jpg 1 12 21 32 32
0383_0012_0042_0026_0026.jpg 1 12 42 26 26
0384_0053_0006_0036_0036.jpg 1 53 6 36 36
0385_0007_0012_0066_0066.jpg 1 7 12 66 66
0386_0015_0013_0035_0035.jpg 1 15 13 35 35
0387_0050_0055_0025_0025.jpg 1 50 55 25 25
0388_0032_0037_0030_0030.jpg 1 32 37 30 30
0389_0028_0025_0039_0039.jpg 1 28 25 39 39
0390_0010_0005_0048_0048.jpg 1 10 5 48 48
0391_0042_0021_0049_0049.jpg 1 42 21 49 49
0392_0014_0027_0053_0053.jpg 1 14 27 53 53
0393_0007_0025_0042_0042.jpg 1 7 25 42 42
0394_0023_0061_0030_0030.jpg 1 23 61 30 30
0395_0033_0022_0062_0062.jpg 1 33 22 62 62
0396_0054_0030_0028_0028.jpg 1 54 30 28 28
0397_0041_0030_0032_0032.jpg 1 41 30 32 32
0398_0057_0048_0028_0028.jpg 1 57 48 28 28
0399_0019_0009_0059_0059.jpg 1 19 9 59 59
0400_0007_0026_0061_0061.jpg 1 7 26 61 61
0401_0025_0034_0049_0049.jpg 1 25 34 49 49
0402_0010_0008_0039_0039.jpg 1 10 8 39 39
0403_0006_0038_0035_0035.jpg 1 6 38 35 35
0404_0042_0020_0038_0038.jpg 1 42 20 38 38
0405_0028_0012_0068_0068.jpg 1 28 12 68 68
0406_0033_0056_0026_0026.jpg 1 33 56 26 26
0407_0018_0028_0060_0060.jpg 1 18 28 60 60
0408_0041_0046_0045_0045.jpg 1 41 46 45 45
0409_0030_0016_0049_0049.jpg 1 30 16 49 49
0410_0016_0029_0057_0057.jpg 1 16 29 57 57
0411_0010_0027_0058_0058.jpg 1 10 27 58 58
0412_0029_0045_0030_0030.jpg 1 29 45 30 30
0413_0049_0032_0039_0039.jpg 1 49 32 39 39
0414_0026_0065_0027_0027.jpg 1 26 65 27 27
0415_0038_0045_0031_0031.jpg 1 38 45 31 31
0416_0039_0014_0035_0035.jpg 1 39 14 35 35
0417_0014_0050_0039_0039.jpg 1 14 50 39 39
0418_0028_0029_0036_0036.jpg 1 28 29 36 36
0419_0009_0029_0055_0055.jpg 1 9 29 55 55
0420_0049_0040_0035_0035.jpg 1 49 40 35 35
0421_0016_0009_0054_0054.jpg 1 16 9 54 54
0422_0057_0050_0031_0031.jpg 1 57 50 31 31
0423_0020_0006_0061_0061.jpg 1 20 6 61 61
0424_0034_0014_0029_0029.jpg 1 34 14 29 29
0425_0031_0009_0047_0047.jpg 1 31 9 47 47
0426_0048_0014_0043_0043.jpg 1 48 14 43 43
0427_0038_0044_0051_0051.jpg 1 38 44 51 51
0428_0041_0008_0050_0050.jpg 1 41 8 50 50
0429_0016_0042_0035_0035.jpg 1 16 42 35 35
0430_0005_0027_0055_0055.jpg 1 5 27 55 55
0431_0037_0025_0055_0055.jpg 1 37 25 55 55
0432_0047_0055_0027_0027.jpg 1 47 55 27 27
0433_0017_0035_0055_0055.jpg 1 17 35 55 55
0434_0027_0036_0054_0054.jpg 1 27 36 54 54
0435_0031_0028_0061_0061.jpg 1 31 28 61 61
0436_0035_0012_0051_0051.jpg 1 35 12 51 51
0437_0016_0023_0042_0042.jpg 1 16 23 42 42
0438_0009_0003_0069_0069.jpg 1 9 3 69 69
0439_0029_0054_0037_0037.jpg 1 29 54 37 37
0440_0017_0025_0056_0056.jpg 1 17 25 56 56
0441_0021_0038_0031_0031.jpg 1 21 38 31 31
0442_0004_0005_0054_0054.jpg 1 4 5 54 54
0443_0023_0017_0033_0033.jpg 1 23 17 33 33
0444_0026_0033_0029_0029.jpg 1 26 33 29 29
0445_0048_0015_0039_0039.jpg 1 48 15 39 39
0446_0047_0057_0033_0033.jpg 1 47 57 33 33
0447_0032_0037_0038_0038.jpg 1 32 37 38 38
0448_0033_0030_0061_0061.jpg 1 33 30 61 61
0449_0016_0007_0066_0066.jpg 1 16 7 66 66
0450_0042_0029_0047_0047.jpg 1 42 29 47 47
0451_0006_0006_0063_0063.jpg 1 6 6 63 63
0452_0032_0031_0062_0062.jpg 1 32 31 62 62
0453_0023_0005_0066_0066.jpg 1 23 5 66 66
0454_0064_0051_0028_0028.jpg 1 64 51 28 28
0455_0030_0003_0062_0062.jpg 1 30 3 62 62
0456_0031_0041_0050_0050.jpg 1 31 41 50 50
0457_0047_0046_0046_0046.jpg 1 47 46 46 46
0458_0017_0037_0024_0024.jpg 1 17 37 24 24
0459_0020_0014_0069_0069.jpg 1 20 14 69 69
0460_0023_0017_0068_0068.jpg 1 23 17 68 68
0461_0029_0031_0054_0054.jpg 1 29 31 54 54
0462_0038_0022_0039_0039.jpg 1 38 22 39 39
0463_0015_0009_0069_0069.jpg 1 15 9 69 69
0464_0010_0034_0055_0055.jpg 1 10 34 55 55
0465_0032_0022_0050_0050.jpg 1 32 22 50 50
0466_0006_0009_0055_0055.jpg 1 6 9 55 55
0467_0026_0007_0053_0053.jpg 1 26 7 53 53
0468_0023_0016_0066_0066.jpg 1 23 16 66 66
0469_0048_0007_0031_0031.jpg 1 48 7 31 31
0470_0066_0029_0026_0026.jpg 1 66 29 26 26
0471_0006_0012_0046_0046.jpg 1 6 12 46 46
0472_0033_0056_0026_0026.jpg 1 33 56 26 26
0473_0006_0014_0044_0044.jpg 1 6 14 44 44
0474_0044_0030_0039_0039.jpg 1 44 30 39 39
0475_0013_0018_0024_0024.jpg 1 13 18 24 24
0476_0050_0031_0029_0029.jpg 1 50 31 29 29
0477_0021_0033_0057_0057.jpg 1 21 33 57 57
0478_0029_0004_0065_0065.jpg 1 29 4 65 65
0479_0018_0017_0049_0049.jpg 1 18 17 49 49
0480_0017_0053_0040_0040.jpg 1 17 53 40 40
0481_0010_0032_0051_0051.jpg 1 10 32 51 51
0482_0043_0049_0034_0034.jpg 1 43 49 34 34
0483_0011_0014_0057_0057.jpg 1 11 14 57 57
0484_0028_0014_0064_0064.jpg 1 28 14 64 64
0485_0026_0027_0026_0026.jpg 1 26 27 26 26
0486_0035_0014_0042_0042.jpg 1 35 14 42 42
0487_0007_0034_0038_0038.jpg 1 7 34 38 38
0488_0011_0028_0061_0061.jpg 1 11 28 61 61
0489_0034_0044_0038_0038.jpg 1 34 44 38 38
0490_0029_0050_0044_0044.jpg 1 29 50 44 44
0491_0013_0023_0066_0066.jpg 1 13 23 66 66
0492_0026_0012_0040_0040.jpg 1 26 12 40 40
0493_0033_0005_0062_0062.jpg 1 33 5 62 62
0494_0028_0018_0050_0050.jpg 1 28 18 50 50
0495_0005_0027_0065_0065.jpg 1 5 27 65 65
0496_0024_0017_0033_0033.jpg 1 24 17 33 33
0497_0004_0018_0069_0069.jpg 1 4 18 69 69
0498_0008_0009_0066_0066.jpg 1 8 9 66 66
0499_0020_0013_0036_0036.jpg 1 20 13 36 36
0500_0050_0060_0028_0028.jpg 1 50 60 28 28
0501_0040_0039_0053_0053.jpg 1 40 39 53 53
0502_0017_0024_0067_0067.jpg 1 17 24 67 67
0503_0016_0033_0041_0041.jpg 1 16 33 41 41
0504_0028_0030_0041_0041.jpg 1 28 30 41 41
0505_0043_0017_0029_0029.jpg 1 43 17 29 29
0506_0010_0016_0068_0068.jpg 1 10 16 68 68
0507_0041_0048_0024_0024.jpg 1 41 48 24 24
0508_0049_0036_0043_0043.jpg 1 49 36 43 43
0509_0028_0029_0038_0038.jpg 1 28 29 38 38
0510_0012_0016_0050_0050.jpg 1 12 16 50 50
0511_0037_0039_0029_0029.jpg 1 37 39 29 29
0512_0050_0008_0032_0032.jpg 1 50 8 32 32
0513_0007_0048_0027_0027.jpg 1 7 48 27 27
0514_0011_0038_0057_0057.jpg 1 11 38 57 57
0515_0017_0007_0026_0026.jpg 1 17 7 26 26
0516_0013_0022_0032_0032.jpg 1 13 22 32 32
0517_0025_0029_0062_0062.jpg 1 25 29 62 62
0518_0007_0003_0064_0064.jpg 1 7 3 64 64
0519_0014_0018_0024_0024.jpg 1 14 18 24 24
0520_0010_0012_0050_0050.jpg 1 10 12 50 50
0521_0019_0015_0067_0067.jpg 1 19 15 67 67
0522_0021_0032_0048_0048.jpg 1 21 32 48 48
0523_0059_0054_0028_0028.jpg 1 59 54 28 28
0524_0010_0018_0069_0069.jpg 1 10 18 69 69
0525_0020_0055_0038_0038.jpg 1 20 55 38 38
0526_0039_0015_0030_0030.jpg 1 39 15 30 30
0527_0014_0040_0041_0041.jpg 1 14 40 41 41
0528_0061_0061_0029_0029.jpg 1 61 61 29 29
0529_0024_0007_0035_0035.jpg 1 24 7 35 35
0530_0050_0061_0025_0025.jpg 1 50 61 25 25
0531_0063_0018_0028_0028.jpg 1 63 18 28 28
0532_0058_0035_0029_0029.jpg 1 58 35 29 29
0533_0046_0019_0034_0034.jpg 1 46 19 34 34
0534_0009_0041_0039_0039.jpg 1 9 41 39 39
0535_0035_0032_0051_0051.jpg 1 35 32 51 51
0536_0018_0012_0057_0057.jpg 1 18 12 57 57
0537_0022_0007_0054_0054.jpg 1 22 7 54 54
0538_0023_0030_0030_0030.jpg 1 23 30 30 30
0539_0023_0023_0064_0064.jpg 1 23 23 64 64
0540_0010_0068_0024_0024.jpg 1 10 68 24 24
0541_0008_0046_0029_0029.jpg 1 8 46 29 29
0542_0050_0043_0042_0042.jpg 1 50 43 42 42
0543_0041_0008_0026_0026.jpg 1 41 8 26 26
0544_0034_0021_0038_0038.jpg 1 34 21 38 38
0545_0012_0016_0067_0067.jpg 1 12 16 67 67
0546_0019_0034_0040_0040.jpg 1 19 34 40 40
0547_0036_0048_0039_0039.jpg 1 36 48 39 39
0548_0034_0021_0040_0040.jpg 1 34 21 40 40
0549_0039_0035_0039_0039.jpg 1 39 35 39 39
0550_0011_0016_0060_0060.jpg 1 11 16 60 60
0551_0031_0014_0051_0051.jpg 1 31 14 51 51
0552_0010_0063_0024_0024.jpg 1 10 63 24 24
0553_0034_0030_0057_0057.jpg 1 34 30 57 57
0554_0039_0041_0046_0046.jpg 1 39 41 46 46
0555_0053_0025_0035_0035.jpg 1 53 25 35 35
0556_0045_0016_0048_0048.jpg 1 45 16 48 48
0557_0054_0031_0033_0033.jpg 1 54 31 33 33
0558_0037_0004_0057_0057.jpg 1 37 4 57 57
0559_0025_0009_0050_0050.jpg 1 25 9 50 50
0560_0030_0037_0031_0031.jpg 1 30 37 31 31
0561_0039_0042_0029_0029.jpg 1 39 42 29 29
0562_0055_0051_0033_0033.jpg 1 55 51 33 33
0563_0049_0019_0027_0027.jpg 1 49 19 27 27
0564_0052_0046_0031_0031.jpg 1 52 46 31 31
0565_0027_0016_0042_0042.jpg 1 27 16 42 42
0566_0024_0041_0035_0035.jpg 1 24 41 35 35
0567_0052_0018_0035_0035.jpg 1 52 18 35 35
0568_0041_0022_0049_0049.jpg 1 41 22 49 49
0569_0043_0042_0046_0046.jpg 1 43 42 46 46
0570_0030_0009_0027_0027.jpg 1 30 9 27 27
0571_0032_0022_0061_0061.jpg 1 32 22 61 61
0572_0028_0031_0040_0040.jpg 1 28 31 40 40
0573_0026_0049_0044_0044.jpg 1 26 49 44 44
0574_0037_0043_0033_0033.jpg 1 37 43 33 33
0575_0021_0021_0044_0044.jpg 1 21 21 44 44
0576_0021_0011_0052_0052.jpg 1 21 11 52 52
0577_0044_0045_0040_0040.jpg 1 44 45 40 40
0578_0015_0020_0064_0064.jpg 1 15 20 64 64
0579_0005_0026_0050_0050.jpg 1 5 26 50 50
0580_0032_0008_0046_0046.jpg 1 32 8 46 46
0581_0025_0008_0064_0064.jpg 1 25 8 64 64
0582_0013_0022_0067_0067.jpg 1 13 22 67 67
0583_0022_0047_0040_0040.jpg 1 22 47 40 40
0584_0024_0047_0035_0035.jpg 1 24 47 35 35
0585_0028_0034_0051_0051.jpg 1 28 34 51 51
0586_0055_0025_0024_0024.jpg 1 55 25 24 24
0587_0011_0035_0040_0040.jpg 1 11 35 40 40
0588_0010_0019_0028_0028.jpg 1 10 19 28 28
0589_0021_0027_0057_0057.jpg 1 21 27 57 57
0590_0012_0027_0062_0062.jpg 1 12 27 62 62
0591_0044_0021_0026_0026.jpg 1 44 21 26 26
0592_0027_0029_0062_0062.jpg 1 27 29 62 62
0593_0032_0009_0029_0029.jpg 1 32 9 29 29
0594_0015_0027_0052_0052.jpg 1 15 27 52 52
0595_0048_0029_0040_0040.jpg 1 48 29 40 40
0596_0019_0010_0067_0067.jpg 1 19 10 67 67
0597_0049_0031_0027_0027.jpg 1 49 31 27 27
0598_0011_0042_0030_0030.jpg 1 11 42 30 30
0599_0010_0018_0066_0066.jpg 1 10 18 66 66
0600_0034_0019_0036_0036.jpg 1 34 19 36 36
0601_0017_0021_0062_0062.jpg 1 17 21 62 62
0602_0007_0043_0036_0036.jpg 1 7 43 36 36
0603_0033_0012_0062_0062.jpg 1 33 12 62 62
0604_0016_0025_0049_0049.jpg 1 16 25 49 49
0605_0005_0011_0058_0058.jpg 1 5 11 58 58
0606_0032_0037_0031_0031.jpg 1 32 37 31 31
0607_0020_0015_0051_0051.jpg 1 20 15 51 51
0608_0017_0038_0056_0056.jpg 1 17 38 56 56
0609_0020_0018_0054_0054.jpg 1 20 18 54 54
0610_0023_0007_0069_0069.jpg 1 23 7 69 69
0611_0020_0031_0042_0042.jpg 1 20 31 42 42
0612_0012_0008_0049_0049.jpg 1 12 8 49 49
0613_0006_0009_0050_0050.jpg 1 6 9 50 50
0614_0010_0035_0036_0036.jpg 1 10 35 36 36
0615_0016_0026_0043_0043.jpg 1 16 26 43 43
0616_0011_0038_0050_0050.jpg 1 11 38 50 50
0617_0024_0050_0036_0036.jpg 1 24 50 36 36
0618_0057_0051_0029_0029.jpg 1 57 51 29 29
0619_0020_0025_0060_0060.jpg 1 20 25 60 60
0620_0022_0026_0058_0058.jpg 1 22 26 58 58
0621_0019_0022_0052_0052.jpg 1 19 22 52 52
0622_0036_0028_0046_0046.jpg 1 36 28 46 46
0623_0042_0037_0049_0049.jpg 1 42 37 49 49
0624_0023_0011_0062_0062.jpg 1 23 11 62 62
0625_0021_0033_0024_0024.jpg 1 21 33 24 24
0626_0024_0030_0065_0065.jpg 1 24 30 65 65
0627_0015_0015_0032_0032.jpg 1 15 15 32 32
0628_0012_0041_0036_0036.jpg 1 12 41 36 36
0629_0007_0020_0047_0047.jpg 1 7 20 47 47
0630_0032_0029_0043_0043.jpg 1 32 29 43 43
0631_0032_0028_0063_0063.jpg 1 32 28 63 63
0632_0025_0019_0066_0066.jpg 1 25 19 66 66
0633_0006_0015_0047_0047.jpg 1 6 15 47 47
0634_0035_0013_0048_0048.jpg 1 35 13 48 48
0635_0021_0044_0040_0040.jpg 1 21 44 40 40
0636_0035_0049_0040_0040.jpg 1 35 49 40 40
0637_0010_0044_0045_0045.jpg 1 10 44 45 45
0638_0024_0027_0037_0037.jpg 1 24 27 37 37
0639_0024_0046_0030_0030.jpg 1 24 46 30 30
0640_0062_0039_0027_0027.jpg 1 62 39 27 27
0641_0054_0029_0031_0031.jpg 1 54 29 31 31
0642_0022_0014_0066_0066.jpg 1 22 14 66 66
0643_0029_0028_0046_0046.jpg 1 29 28 46 46
0644_0054_0056_0034_0034.jpg 1 54 56 34 34
0645_0027_0015_0035_0035.jpg 1 27 15 35 35
0646_0021_0049_0033_0033.jpg 1 21 49 33 33
0647_0012_0049_0044_0044.jpg 1 12 49 44 44
0648_0009_0037_0050_0050.jpg 1 9 37 50 50
0649_0015_0009_0026_0026.jpg 1 15 9 26 26
0650_0014_0035_0038_0038.jpg 1 14 35 38 38
0651_0022_0040_0026_0026.jpg 1 22 40 26 26
0652_0031_0031_0062_0062.jpg 1 31 31 62 62
0653_0029_0032_0035_0035.jpg 1 29 32 35 35
0654_0012_0027_0069_0069.jpg 1 12 27 69 69
0655_0018_0035_0032_0032.jpg 1 18 35 32 32
0656_0019_0011_0045_0045.jpg 1 19 11 45 45
0657_0041_0065_0025_0025.jpg 1 41 65 25 25
0658_0021_0030_0037_0037.jpg 1 21 30 37 37
0659_0039_0010_0037_0037.jpg 1 39 10 37 37
0660_0021_0018_0065_0065.jpg 1 21 18 65 65
0661_0011_0018_0039_0039.jpg 1 11 18 39 39
0662_0015_0025_0056_0056.jpg 1 15 25 56 56
0663_0020_0018_0061_0061.jpg 1 20 18 61 61
0664_0008_0038_0039_0039.jpg 1 8 38 39 39
0665_0016_0044_0035_0035.jpg 1 16 44 35 35
0666_0056_0038_0027_0027.jpg 1 56 38 27 27
0667_0050_0043_0038_0038.jpg 1 50 43 38 38
0668_0013_0025_0068_0068.jpg 1 13 25 68 68
0669_0026_0056_0036_0036.jpg 1 26 56 36 36
0670_0036_0018_0056_0056.jpg 1 36 18 56 56
0671_0019_0009_0069_0069.jpg 1 19 9 69 69
0672_0034_0005_0060_0060.jpg 1 34 5 60 60
0673_0029_0023_0046_0046.jpg 1 29 23 46 46
0674_0052_0050_0024_0024.jpg 1 52 50 24 24
0675_0031_0015_0037_0037.jpg 1 31 15 37 37
0676_0008_0024_0051_0051.jpg 1 8 24 51 51
0677_0006_0020_0062_0062.jpg 1 6 20 62 62
0678_0010_0009_0068_0068.jpg 1 10 9 68 68
0679_0043_0056_0031_0031.jpg 1 43 56 31 31
0680_0022_0012_0052_0052.jpg 1 22 12 52 52
0681_0050_0021_0024_0024.jpg 1 50 21 24 24
0682_0015_0006_0066_0066.jpg 1 15 6 66 66
0683_0028_0019_0066_0066.jpg 1 28 19 66 66
0684_0019_0011_0068_0068.jpg 1 19 11 68 68
0685_0008_0011_0064_0064.jpg 1 8 11 64 64
0686_0008_0031_0040_0040.jpg 1 8 31 40 40
0687_0014_0024_0042_0042.jpg 1 14 24 42 42
0688_0025_0043_0051_0051.jpg 1 25 43 51 51
0689_0006_0014_0066_0066.jpg 1 6 14 66 66
0690_0036_0027_0059_0059.jpg 1 36 27 59 59
0691_0034_0041_0028_0028.jpg 1 34 41 28 28
0692_0026_0057_0031_0031.jpg 1 26 57 31 31
0693_0048_0020_0028_0028.jpg 1 48 20 28 28
0694_0022_0025_0069_0069.jpg 1 22 25 69 69
0695_0027_0014_0063_0063.jpg 1 27 14 63 63
0696_0008_0010_0058_0058.jpg 1 8 10 58 58
0697_0017_0028_0067_0067.jpg 1 17 28 67 67
0698_0049_0016_0025_0025.jpg 1 49 16 25 25
0699_0023_0013_0065_0065.jpg 1 23 13 65 65
0700_0026_0035_0030_0030.jpg 1 26 35 30 30
0701_0035_0013_0041_0041.jpg 1 35 13 41 41
0702_0047_0006_0042_0042.jpg 1 47 6 42 42
0703_0028_0030_0049_0049.jpg 1 28 30 49 49
0704_0018_0042_0046_0046.jpg 1 18 42 46 46
0705_0018_0013_0063_0063.jpg 1 18 13 63 63
0706_0020_0022_0066_0066.jpg 1 20 22 66 66
0707_0027_0020_0059_0059.jpg 1 27 20 59 59
0708_0008_0018_0065_0065.jpg 1 8 18 65 65
0709_0034_0036_0039_0039.jpg 1 34 36 39 39
0710_0057_0020_0033_0033.jpg 1 57 20 33 33
0711_0015_0025_0057_0057.jpg 1 15 25 57 57
0712_0043_0025_0043_0043.jpg 1 43 25 43 43
0713_0039_0047_0043_0043.jpg 1 39 47 43 43
0714_0040_0007_0054_0054.jpg 1 40 7 54 54
0715_0017_0043_0040_0040.jpg 1 17 43 40 40
0716_0033_0023_0035_0035.jpg 1 33 23 35 35
0717_0049_0021_0031_0031.jpg 1 49 21 31 31
0718_0053_0027_0039_0039.jpg 1 53 27 39 39
0719_0019_0015_0052_0052.jpg 1 19 15 52 52
0720_0019_0011_0063_0063.jpg 1 19 11 63 63
0721_0045_0032_0028_0028.jpg 1 45 32 28 28
0722_0058_0047_0026_0026.jpg 1 58 47 26 26
0723_0012_0025_0051_0051.jpg 1 12 25 51 51
0724_0019_0037_0053_0053.jpg 1 19 37 53 53
0725_0037_0011_0038_0038.jpg 1 37 11 38 38
0726_0008_0019_0055_0055.jpg 1 8 19 55 55
0727_0040_0006_0038_0038.jpg 1 40 6 38 38
0728_0034_0055_0033_0033.jpg 1 34 55 33 33
0729_0023_0040_0032_0032.jpg 1 23 40 32 32
0730_0027_0021_0035_0035.jpg 1 27 21 35 35
0731_0025_0023_0051_0051.jpg 1 25 23 51 51
0732_0022_0043_0043_0043.jpg 1 22 43 43 43
0733_0012_0014_0039_0039.jpg 1 12 14 39 39
0734_0022_0019_0068_0068.jpg 1 22 19 68 68
0735_0022_0020_0026_0026.jpg 1 22 20 26 26
0736_0039_0039_0027_0027.jpg 1 39 39 27 27
0737_0006_0030_0062_0062.jpg 1 6 30 62 62
0738_0017_0030_0032_0032.jpg 1 17 30 32 32
0739_0006_0012_0066_0066.jpg 1 6 12 66 66
0740_0063_0050_0029_0029.jpg 1 63 50 29 29
0741_0024_0025_0051_0051.jpg 1 24 25 51 51
0742_0035_0013_0045_0045.jpg 1 35 13 45 45
0743_0017_0045_0039_0039.jpg 1 17 45 39 39
0744_0029_0030_0048_0048.jpg 1 29 30 48 48
0745_0009_0025_0068_0068.jpg 1 9 25 68 68
0746_0034_0008_0062_0062.jpg 1 34 8 62 62
0747_0012_0021_0064_0064.jpg 1 12 21 64 64
0748_0031_0025_0057_0057.jpg 1 31 25 57 57
0749_0014_0021_0068_0068.jpg 1 14 21 68 68
0750_0017_0030_0062_0062.jpg 1 17 30 62 62
0751_0040_0005_0054_0054.jpg 1 40 5 54 54
0752_0064_0038_0027_0027.jpg 1 64 38 27 27
0753_0029_0024_0053_0053.jpg 1 29 24 53 53
0754_0031_0043_0041_0041.jpg 1 31 43 41 41
0755_0037_0017_0045_0045.jpg 1 37 17 45 45
0756_0029_0021_0067_0067.jpg 1 29 21 67 67
0757_0008_0010_0069_0069.jpg 1 8 10 69 69
0758_0006_0010_0063_0063.jpg 1 6 10 63 63
0759_0043_0011_0042_0042.jpg 1 43 11 42 42
0760_0012_0008_0068_0068.jpg 1 12 8 68 68
0761_0054_0034_0036_0036.jpg 1 54 34 36 36
0762_0029_0013_0066_0066.jpg 1 29 13 66 66
0763_0037_0029_0057_0057.jpg 1 37 29 57 57
0764_0058_0045_0027_0027.jpg 1 58 45 27 27
0765_0007_0018_0052_0052.jpg 1 7 18 52 52
0766_0017_0015_0060_0060.jpg 1 17 15 60 60
0767_0036_0012_0035_0035.jpg 1 36 12 35 35
0768_0025_0033_0054_0054.jpg 1 25 33 54 54
0769_0011_0034_0048_0048.jpg 1 11 34 48 48
0770_0012_0019_0060_0060.jpg 1 12 19 60 60
0771_0017_0045_0038_0038.jpg 1 17 45 38 38
0772_0026_0019_0037_0037.jpg 1 26 19 37 37
0773_0016_0007_0053_0053.jpg 1 16 7 53 53
0774_0006_0012_0064_0064.jpg 1 6 12 64 64
0775_0033_0044_0028_0028.jpg 1 33 44 28 28
0776_0024_0019_0034_0034.jpg 1 24 19 34 34
0777_0051_0053_0032_0032.jpg 1 51 53 32 32
0778_0017_0013_0043_0043.jpg 1 17 13 43 43
0779_0005_0015_0063_0063.jpg 1 5 15 63 63
0780_0015_0043_0049_0049.jpg 1 15 43 49 49
0781_0029_0016_0045_0045.jpg 1 29 16 45 45
0782_0020_0009_0059_0059.jpg 1 20 9 59 59
0783_0040_0013_0046_0046.jpg 1 40 13 46 46
0784_0021_0023_0047_0047.jpg 1 21 23 47 47
0785_0047_0058_0030_0030.jpg 1 47 58 30 30
0786_0016_0011_0045_0045.jpg 1 16 11 45 45
0787_0038_0006_0037_0037.jpg 1 38 6 37 37
0788_0023_0023_0056_0056.jpg 1 23 23 56 56
0789_0040_0021_0040_0040.jpg 1 40 21 40 40
0790_0018_0009_0050_0050.jpg 1 18 9 50 50
0791_0041_0024_0043_0043.jpg 1 41 24 43 43
0792_0016_0027_0051_0051.jpg 1 16 27 51 51
0793_0037_0043_0039_0039.jpg 1 37 43 39 39
0794_0014_0009_0056_0056.jpg 1 14 9 56 56
0795_0024_0044_0050_0050.jpg 1 24 44 50 50
0796_0013_0029_0067_0067.jpg 1 13 29 67 67
0797_0027_0025_0050_0050.jpg 1 27 25 50 50
0798_0023_0022_0068_0068.jpg 1 23 22 68 68
0799_0015_0008_0067_0067.jpg 1 15 8 67 67
0800_0045_0032_0037_0037.jpg 1 45 32 37 37
0801_0009_0018_0052_0052.jpg 1 9 18 52 52
0802_0028_0006_0061_0061.jpg 1 28 6 61 61
0803_0007_0013_0067_0067.jpg 1 7 13 67 67
0804_0024_0025_0057_0057.jpg 1 24 25 57 57
0805_0044_0032_0044_0044.jpg 1 44 32 44 44
0806_0013_0028_0034_0034.jpg 1 13 28 34 34
0807_0035_0017_0038_0038.jpg 1 35 17 38 38
0808_0030_0036_0058_0058.jpg 1 30 36 58 58
0809_0022_0022_0055_0055.jpg 1 22 22 55 55
0810_0030_0014_0052_0052.jpg 1 30 14 52 52
0811_0036_0038_0028_0028.jpg 1 36 38 28 28
0812_0045_0056_0031_0031.jpg 1 45 56 31 31
0813_0009_0043_0049_0049.jpg 1 9 43 49 49
0814_0025_0027_0069_0069.jpg 1 25 27 69 69
0815_0025_0024_0037_0037.jpg 1 25 24 37 37
0816_0008_0025_0051_0051.jpg 1 8 25 51 51
0817_0050_0050_0029_0029.jpg 1 50 50 29 29
0818_0052_0041_0040_0040.jpg 1 52 41 40 40
0819_0016_0022_0048_0048.jpg 1 16 22 48 48
0820_0019_0027_0064_0064.jpg 1 19 27 64 64
0821_0035_0040_0046_0046.jpg 1 35 40 46 46
0822_0016_0027_0068_0068.jpg 1 16 27 68 68
0823_0045_0034_0036_0036.jpg 1 45 34 36 36
0824_0028_0024_0067_0067.jpg 1 28 24 67 67
0825_0058_0049_0028_0028.jpg 1 58 49 28 28
0826_0026_0030_0064_0064.jpg 1 26 30 64 64
0827_0025_0009_0065_0065.jpg 1 25 9 65 65
0828_0027_0004_0055_0055.jpg 1 27 4 55 55
0829_0039_0036_0056_0056.jpg 1 39 36 56 56
0830_0052_0054_0033_0033.jpg 1 52 54 33 33
0831_0012_0024_0042_0042.jpg 1 12 24 42 42
0832_0013_0031_0064_0064.jpg 1 13 31 64 64
0833_0037_0019_0028_0028.jpg 1 37 19 28 28
0834_0038_0048_0041_0041.jpg 1 38 48 41 41
0835_0053_0012_0027_0027.jpg 1 53 12 27 27
0836_0021_0019_0046_0046.jpg 1 21 19 46 46
0837_0032_0057_0028_0028.jpg 1 32 57 28 28
0838_0036_0023_0058_0058.jpg 1 36 23 58 58
0839_0046_0060_0027_0027.jpg 1 46 60 27 27
0840_0005_0023_0058_0058.jpg 1 5 23 58 58
0841_0034_0038_0048_0048.jpg 1 34 38 48 48
0842_0022_0021_0055_0055.jpg 1 22 21 55 55
0843_0012_0015_0042_0042.jpg 1 12 15 42 42
0844_0029_0033_0042_0042.jpg 1 29 33 42 42
0845_0036_0052_0041_0041.jpg 1 36 52 41 41
0846_0011_0064_0025_0025.jpg 1 11 64 25 25
0847_0013_0054_0030_0030.jpg 1 13 54 30 30
0848_0012_0040_0040_0040.jpg 1 12 40 40 40
0849_0021_0020_0029_0029.jpg 1 21 20 29 29
0850_0005_0009_0060_0060.jpg 1 5 9 60 60
0851_0013_0030_0066_0066.jpg 1 13 30 66 66
0852_0017_0027_0058_0058.jpg 1 17 27 58 58
0853_0006_0007_0061_0061.jpg 1 6 7 61 61
0854_0021_0048_0031_0031.jpg 1 21 48 31 31
0855_0047_0007_0034_0034.jpg 1 47 7 34 34
0856_0030_0019_0047_0047.jpg 1 30 19 47 47
0857_0053_0051_0039_0039.jpg 1 53 51 39 39
0858_0045_0026_0028_0028.jpg 1 45 26 28 28
0859_0012_0012_0033_0033.jpg 1 12 12 33 33
0860_0011_0012_0051_0051.jpg 1 11 12 51 51
0861_0010_0030_0041_0041.jpg 1 10 30 41 41
0862_0008_0024_0037_0037.jpg 1 8 24 37 37
0863_0052_0043_0040_0040.jpg 1 52 43 40 40
0864_0019_0025_0060_0060.jpg 1 19 25 60 60
0865_0021_0014_0064_0064.jpg 1 21 14 64 64
0866_0018_0022_0066_0066.jpg 1 18 22 66 66
0867_0045_0061_0026_0026.jpg 1 45 61 26 26
0868_0013_0020_0059_0059.jpg 1 13 20 59 59
0869_0046_0034_0047_0047.jpg 1 46 34 47 47
0870_0021_0018_0062_0062.jpg 1 21 18 62 62
0871_0022_0063_0027_0027.jpg 1 22 63 27 27
0872_0044_0044_0050_0050.jpg 1 44 44 50 50
0873_0045_0019_0037_0037.jpg 1 45 19 37 37
0874_0028_0024_0059_0059.jpg 1 28 24 59 59
0875_0006_0044_0048_0048.jpg 1 6 44 48 48
0876_0032_0030_0060_0060.jpg 1 32 30 60 60
0877_0029_0006_0047_0047.jpg 1 29 6 47 47
0878_0006_0012_0065_0065.jpg 1 6 12 65 65
0879_0027_0011_0059_0059.jpg 1 27 11 59 59
0880_0006_0015_0065_0065.jpg 1 6 15 65 65
0881_0010_0029_0049_0049.jpg 1 10 29 49 49
0882_0043_0011_0048_0048.jpg 1 43 11 48 48
0883_0026_0022_0026_0026.jpg 1 26 22 26 26
0884_0043_0043_0040_0040.jpg 1 43 43 40 40
0885_0028_0009_0034_0034.jpg 1 28 9 34 34
0886_0015_0019_0031_0031.jpg 1 15 19 31 31
0887_0037_0018_0043_0043.jpg 1 37 18 43 43
0888_0028_0017_0050_0050.jpg 1 28 17 50 50
0889_0051_0053_0036_0036.jpg 1 51 53 36 36
0890_0044_0046_0047_0047.jpg 1 44 46 47 47
0891_0045_0006_0045_0045.jpg 1 45 6 45 45
0892_0018_0010_0062_0062.jpg 1 18 10 62 62
0893_0017_0014_0067_0067.jpg 1 17 14 67 67
0894_0015_0047_0034_0034.jpg 1 15 47 34 34
0895_0049_0043_0039_0039.jpg 1 49 43 39 39
0896_0018_0012_0044_0044.jpg 1 18 12 44 44
0897_0042_0035_0035_0035.jpg 1 42 35 35 35
0898_0013_0028_0045_0045.jpg 1 13 28 45 45
0899_0036_0050_0038_0038.jpg 1 36 50 38 38
0900_0016_0011_0060_0060.jpg 1 16 11 60 60
0901_0020_0055_0031_0031.jpg 1 20 55 31 31
0902_0038_0022_0039_0039.jpg 1 38 22 39 39
0903_0051_0032_0025_0025.jpg 1 51 32 25 25
0904_0014_0043_0045_0045.jpg 1 14 43 45 45
0905_0043_0041_0042_0042.jpg 1 43 41 42 42
0906_0022_0038_0043_0043.jpg 1 22 38 43 43
0907_0012_0013_0060_0060.jpg 1 12 13 60 60
0908_0010_0044_0049_0049.jpg 1 10 44 49 49
0909_0022_0048_0044_0044.jpg 1 22 48 44 44
0910_0024_0005_0047_0047.jpg 1 24 5 47 47
0911_0023_0006_0043_0043.jpg 1 23 6 43 43
0912_0007_0052_0026_0026.jpg 1 7 52 26 26
0913_0032_0032_0054_0054.jpg 1 32 32 54 54
0914_0013_0047_0032_0032.jpg 1 13 47 32 32
0915_0023_0057_0032_0032.jpg 1 23 57 32 32
0916_0058_0049_0028_0028.jpg 1 58 49 28 28
0917_0009_0058_0034_0034.jpg 1 9 58 34 34
0918_0048_0042_0033_0033.jpg 1 48 42 33 33
0919_0016_0053_0036_0036.jpg 1 16 53 36 36
0920_0058_0014_0028_0028.jpg 1 58 14 28 28
0921_0030_0025_0051_0051.jpg 1 30 25 51 51
0922_0012_0040_0048_0048.jpg 1 12 40 48 48
0923_0034_0026_0047_0047.jpg 1 34 26 47 47
0924_0022_0022_0032_0032.jpg 1 22 22 32 32
0925_0009_0025_0061_0061.jpg 1 9 25 61 61
0926_0015_0021_0030_0030.jpg 1 15 21 30 30
0927_0007_0021_0067_0067.jpg 1 7 21 67 67
0928_0029_0027_0024_0024.jpg 1 29 27 24 24
0929_0012_0041_0049_0049.jpg 1 12 41 49 49
0930_0004_0008_0065_0065.jpg 1 4 8 65 65
0931_0030_0041_0032_0032.jpg 1 30 41 32 32
0932_0058_0045_0031_0031.jpg 1 58 45 31 31
0933_0056_0012_0029_0029.jpg 1 56 12 29 29
0934_0009_0025_0051_0051.jpg 1 9 25 51 51
0935_0004_0005_0067_0067.jpg 1 4 5 67 67
0936_0036_0028_0043_0043.jpg 1 36 28 43 43
0937_0003_0016_0062_0062.jpg 1 3 16 62 62
0938_0016_0017_0055_0055.jpg 1 16 17 55 55
0939_0028_0054_0032_0032.jpg 1 28 54 32 32
0940_0020_0022_0059_0059.jpg 1 20 22 59 59
0941_0059_0058_0034_0034.jpg 1 59 58 34 34
0942_0040_0042_0046_0046.jpg 1 40 42 46 46
0943_0037_0020_0054_0054.jpg 1 37 20 54 54
0944_0028_0015_0031_0031.jpg 1 28 15 31 31
0945_0019_0008_0061_0061.jpg 1 19 8 61 61
0946_0005_0020_0058_0058.jpg 1 5 20 58 58
0947_0014_0021_0047_0047.jpg 1 14 21 47 47
0948_0029_0037_0050_0050.jpg 1 29 37 50 50
0949_0027_0022_0036_0036.jpg 1 27 22 36 36
0950_0037_0005_0052_0052.jpg 1 37 5 52 52
0951_0031_0030_0038_0038.jpg 1 31 30 38 38
0952_0032_0026_0048_0048.jpg 1 32 26 48 48
0953_0058_0059_0025_0025.jpg 1 58 59 25 25
0954_0024_0007_0066_0066.jpg 1 24 7 66 66
0955_0029_0013_0038_0038.jpg 1 29 13 38 38
0956_0011_0013_0059_0059.jpg 1 11 13 59 59
0957_0047_0030_0046_0046.jpg 1 47 30 46 46
0958_0014_0014_0061_0061.jpg 1 14 14 61 61
0959_0027_0012_0057_0057.jpg 1 27 12 57 57
0960_0020_0006_0041_0041.jpg 1 20 6 41 41
0961_0031_0016_0062_0062.jpg 1 31 16 62 62
0962_0039_0031_0024_0024.jpg 1 39 31 24 24
0963_0017_0022_0025_0025.jpg 1 17 22 25 25
0964_0004_0016_0069_0069.jpg 1 4 16 69 69
0965_0017_0041_0044_0044.jpg 1 17 41 44 44
0966_0034_0049_0045_0045.jpg 1 34 49 45 45
0967_0014_0036_0048_0048.jpg 1 14 36 48 48
0968_0008_0007_0067_0067.jpg 1 8 7 67 67
0969_0007_0025_0053_0053.jpg 1 7 25 53 53
0970_0023_0026_0046_0046.jpg 1 23 26 46 46
0971_0016_0044_0028_0028.jpg 1 16 44 28 28
0972_0008_0009_0047_0047.jpg 1 8 9 47 47
0973_0066_0039_0024_0024.jpg 1 66 39 24 24
0974_0038_0020_0057_0057.jpg 1 38 20 57 57
0975_0033_0029_0060_0060.jpg 1 33 29 60 60
0976_0013_0016_0030_0030.jpg 1 13 16 30 30
0977_0041_0045_0038_0038.jpg 1 41 45 38 38
0978_0007_0024_0065_0065.jpg 1 7 24 65 65
0979_0044_0008_0050_0050.jpg 1 44 8 50 50
0980_0023_0015_0051_0051.jpg 1 23 15 51 51
0981_0018_0024_0062_0062.jpg 1 18 24 62 62
0982_0031_0012_0029_0029.jpg 1 31 12 29 29
0983_0018_0043_0050_0050.jpg 1 18 43 50 50
0984_0021_0008_0059_0059.jpg 1 21 8 59 59
0985_0013_0019_0045_0045.jpg 1 13 19 45 45
0986_0036_0012_0045_0045.jpg 1 36 12 45 45
0987_0022_0020_0026_0026.jpg 1 22 20 26 26
0988_0021_0024_0060_0060.jpg 1 21 24 60 60
0989_0004_0008_0069_0069.jpg 1 4 8 69 69
0990_0031_0013_0051_0051.jpg 1 31 13 51 51
0991_0006_0007_0069_0069.jpg 1 6 7 69 69
0992_0014_0026_0033_0033.jpg 1 14 26 33 33
0993_0041_0027_0042_0042.jpg 1 41 27 42 42
0994_0007_0029_0067_0067.jpg 1 7 29 67 67
0995_0042_0010_0045_0045.jpg 1 42 10 45 45
0996_0047_0011_0033_0033.jpg 1 47 11 33 33
0997_0025_0010_0060_0060.jpg 1 25 10 60 60
0998_0030_0013_0045_0045.jpg 1 30 13 45 45
0999_0038_0044_0028_0028.jpg 1 38 44 28 28
1000_0020_0043_0025_0025.jpg 1 20 43 25 25
1001_0025_0026_0068_0068.jpg 1 25 26 68 68
1002_0063_0010_0024_0024.jpg 1 63 10 24 24
1003_0029_0024_0065_0065.jpg 1 29 24 65 65
1004_0029_0007_0056_0056.jpg 1 29 7 56 56
1005_0027_0050_0032_0032.jpg 1 27 50 32 32
1006_0019_0052_0035_0035.jpg 1 19 52 35 35
1007_0053_0013_0036_0036.jpg 1 53 13 36 36
1008_0062_0048_0031_0031.jpg 1 62 48 31 31
1009_0014_0025_0066_0066.jpg 1 14 25 66 66
1010_0040_0041_0046_0046.jpg 1 40 41 46 46
1011_0037_0046_0045_0045.jpg 1 37 46 45 45
1012_0011_0054_0028_0028.jpg 1 11 54 28 28
1013_0012_0020_0058_0058.jpg 1 12 20 58 58
1014_0027_0039_0038_0038.jpg 1 27 39 38 38
1015_0009_0033_0039_0039.jpg 1 9 33 39 39
1016_0015_0047_0039_0039.jpg 1 15 47 39 39
1017_0004_0024_0067_0067.jpg 1 4 24 67 67
1018_0009_0065_0025_0025.jpg 1 9 65 25 25
1019_0009_0036_0044_0044.jpg 1 9 36 44 44
1020_0032_0016_0062_0062.jpg 1 32 16 62 62
1021_0012_0006_0047_0047.jpg 1 12 6 47 47
1022_0028_0053_0040_0040.jpg 1 28 53 40 40
1023_0025_0063_0026_0026.jpg 1 25 63 26 26
1024_0031_0035_0032_0032.jpg 1 31 35 32 32
1025_0027_0015_0067_0067.jpg 1 27 15 67 67
1026_0025_0021_0045_0045.jpg 1 25 21 45 45
1027_0011_0026_0028_0028.jpg 1 11 26 28 28
1028_0008_0011_0060_0060.jpg 1 8 11 60 60
1029_0032_0026_0058_0058.jpg 1 32 26 58 58
1030_0026_0053_0034_0034.jpg 1 26 53 34 34
1031_0010_0010_0029_0029.jpg 1 10 10 29 29
1032_0022_0022_0067_0067.jpg 1 22 22 67 67
1033_0049_0042_0038_0038.jpg 1 49 42 38 38
1034_0019_0028_0036_0036.jpg 1 19 28 36 36
1035_0057_0015_0026_0026.jpg 1 57 15 26 26
1036_0020_0034_0052_0052.jpg 1 20 34 52 52
1037_0009_0037_0039_0039.jpg 1 9 37 39 39
1038_0029_0032_0056_0056.jpg 1 29 32 56 56
1039_0025_0022_0035_0035.jpg 1 25 22 35 35
1040_0011_0007_0054_0054.jpg 1 11 7 54 54
1041_0008_0006_0067_0067.jpg 1 8 6 67 67
1042_0014_0017_0065_0065.jpg 1 14 17 65 65
1043_0033_0022_0043_0043.jpg 1 33 22 43 43
1044_0006_0039_0054_0054.jpg 1 6 39 54 54
1045_0026_0031_0045_0045.jpg 1 26 31 45 45
1046_0014_0006_0041_0041.jpg 1 14 6 41 41
1047_0026_0028_0068_0068.jpg 1 26 28 68 68
1048_0042_0007_0051_0051.jpg 1 42 7 51 51
1049_0016_0032_0030_0030.jpg 1 16 32 30 30
1050_0038_0007_0043_0043.jpg 1 38 7 43 43
