0001_0059_0034_0030_0030.jpg 1 59 34 30 30
0002_0045_0038_0045_0045.jpg 1 45 38 45 45
0003_0004_0003_0064_0064.jpg 1 4 3 64 64
0004_0042_0031_0038_0038.jpg 1 42 31 38 38
0005_0032_0038_0044_0044.jpg 1 32 38 44 44
0006_0036_0030_0042_0042.jpg 1 36 30 42 42
0007_0040_0039_0052_0052.jpg 1 40 39 52 52
0008_0016_0036_0037_0037.jpg 1 16 36 37 37
0009_0028_0008_0061_0061.jpg 1 28 8 61 61
0010_0018_0006_0062_0062.jpg 1 18 6 62 62
0011_0023_0016_0045_0045.jpg 1 23 16 45 45
0012_0006_0018_0064_0064.jpg 1 6 18 64 64
0013_0016_0006_0062_0062.jpg 1 16 6 62 62
0014_0011_0020_0067_0067.jpg 1 11 20 67 67
0015_0023_0019_0030_0030.jpg 1 23 19 30 30
0016_0004_0024_0069_0069.jpg 1 4 24 69 69
0017_0013_0009_0055_0055.jpg 1 13 9 55 55
0018_0028_0036_0048_0048.jpg 1 28 36 48 48
0019_0029_0022_0056_0056.jpg 1 29 22 56 56
0020_0038_0014_0044_0044.jpg 1 38 14 44 44
0021_0019_0007_0039_0039.jpg 1 19 7 39 39
0022_0009_0048_0029_0029.jpg 1 9 48 29 29
0023_0019_0018_0064_0064.jpg 1 19 18 64 64
0024_0035_0021_0061_0061.jpg 1 35 21 61 61
0025_0036_0030_0057_0057.jpg 1 36 30 57 57
0026_0065_0045_0024_0024.jpg 1 65 45 24 24
0027_0027_0011_0051_0051.jpg 1 27 11 51 51
0028_0021_0015_0068_0068.jpg 1 21 15 68 68
0029_0054_0008_0026_0026.jpg 1 54 8 26 26
0030_0021_0049_0041_0041.jpg 1 21 49 41 41
0031_0053_0006_0038_0038.jpg 1 53 6 38 38
0032_0028_0032_0046_0046.jpg 1 28 32 46 46
0033_0055_0018_0026_0026.jpg 1 55 18 26 26
0034_0005_0018_0059_0059.jpg 1 5 18 59 59
0035_0046_0042_0041_0041.jpg 1 46 42 41 41
0036_0024_0026_0046_0046.jpg 1 24 26 46 46
0037_0012_0040_0024_0024.jpg 1 12 40 24 24
0038_0045_0030_0043_0043.jpg 1 45 30 43 43
0039_0012_0024_0069_0069.jpg 1 12 24 69 69
0040_0020_0028_0029_0029.jpg 1 20 28 29 29
0041_0030_0007_0045_0045.jpg 1 30 7 45 45
0042_0027_0029_0044_0044.jpg 1 27 29 44 44
0043_0028_0050_0025_0025.jpg 1 28 50 25 25
0044_0022_0016_0042_0042.jpg 1 22 16 42 42
0045_0019_0013_0059_0059.jpg 1 19 13 59 59
0046_0028_0055_0035_0035.jpg 1 28 55 35 35
0047_0029_0025_0059_0059.jpg 1 29 25 59 59
0048_0040_0007_0049_0049.jpg 1 40 7 49 49
0049_0028_0010_0066_0066.jpg 1 28 10 66 66
0050_0052_0048_0041_0041.jpg 1 52 48 41 41
0051_0049_0033_0036_0036.jpg 1 49 33 36 36
0052_0022_0015_0028_0028.jpg 1 22 15 28 28
0053_0032_0031_0040_0040.jpg 1 32 31 40 40
0054_0013_0018_0063_0063.jpg 1 13 18 63 63
0055_0019_0017_0068_0068.jpg 1 19 17 68 68
0056_0017_0049_0039_0039.jpg 1 17 49 39 39
0057_0028_0019_0057_0057.jpg 1 28 19 57 57
0058_0044_0023_0042_0042.jpg 1 44 23 42 42
0059_0029_0050_0034_0034.jpg 1 29 50 34 34
0060_0016_0036_0054_0054.jpg 1 16 36 54 54
0061_0029_0032_0057_0057.jpg 1 29 32 57 57
0062_0007_0004_0065_0065.jpg 1 7 4 65 65
0063_0011_0014_0052_0052.jpg 1 11 14 52 52
0064_0009_0055_0030_0030.jpg 1 9 55 30 30
0065_0030_0016_0054_0054.jpg 1 30 16 54 54
0066_0019_0058_0024_0024.jpg 1 19 58 24 24
0067_0025_0005_0063_0063.jpg 1 25 5 63 63
0068_0023_0023_0055_0055.jpg 1 23 23 55 55
0069_0038_0048_0040_0040.jpg 1 38 48 40 40
0070_0042_0024_0033_0033.jpg 1 42 24 33 33
0071_0004_0014_0065_0065.jpg 1 4 14 65 65
0072_0031_0007_0057_0057.jpg 1 31 7 57 57
0073_0037_0023_0038_0038.jpg 1 37 23 38 38
0074_0023_0031_0045_0045.jpg 1 23 31 45 45
0075_0037_0031_0054_0054.jpg 1 37 31 54 54
0076_0029_0026_0059_0059.jpg 1 29 26 59 59
0077_0041_0031_0053_0053.jpg 1 41 31 53 53
0078_0028_0031_0062_0062.jpg 1 28 31 62 62
0079_0026_0033_0043_0043.jpg 1 26 33 43 43
0080_0018_0021_0052_0052.jpg 1 18 21 52 52
0081_0006_0021_0046_0046.jpg 1 6 21 46 46
0082_0036_0021_0034_0034.jpg 1 36 21 34 34
0083_0023_0012_0060_0060.jpg 1 23 12 60 60
0084_0032_0024_0062_0062.jpg 1 32 24 62 62
0085_0029_0028_0062_0062.jpg 1 29 28 62 62
0086_0034_0029_0059_0059.jpg 1 34 29 59 59
0087_0004_0012_0053_0053.jpg 1 4 12 53 53
0088_0030_0027_0049_0049.jpg 1 30 27 49 49
0089_0039_0052_0029_0029.jpg 1 39 52 29 29
0090_0021_0011_0068_0068.jpg 1 21 11 68 68
0091_0022_0026_0067_0067.jpg 1 22 26 67 67
0092_0041_0033_0053_0053.jpg 1 41 33 53 53
0093_0018_0014_0068_0068.jpg 1 18 14 68 68
0094_0040_0052_0025_0025.jpg 1 40 52 25 25
0095_0047_0007_0040_0040.jpg 1 47 7 40 40
0096_0034_0019_0047_0047.jpg 1 34 19 47 47
0097_0008_0043_0049_0049.jpg 1 8 43 49 49
0098_0039_0033_0025_0025.jpg 1 39 33 25 25
0099_0027_0011_0062_0062.jpg 1 27 11 62 62
0100_0040_0020_0033_0033.jpg 1 40 20 33 33
0101_0009_0021_0051_0051.jpg 1 9 21 51 51
0102_0009_0036_0040_0040.jpg 1 9 36 40 40
0103_0032_0019_0060_0060.jpg 1 32 19 60 60
0104_0044_0017_0040_0040.jpg 1 44 17 40 40
0105_0019_0024_0048_0048.jpg 1 19 24 48 48
0106_0065_0053_0026_0026.jpg 1 65 53 26 26
0107_0025_0016_0061_0061.jpg 1 25 16 61 61
0108_0047_0033_0033_0033.jpg 1 47 33 33 33
0109_0012_0021_0049_0049.jpg 1 12 21 49 49
0110_0018_0031_0057_0057.jpg 1 18 31 57 57
0111_0030_0034_0043_0043.jpg 1 30 34 43 43
0112_0041_0035_0053_0053.jpg 1 41 35 53 53
0113_0044_0025_0032_0032.jpg 1 44 25 32 32
0114_0045_0019_0047_0047.jpg 1 45 19 47 47
0115_0019_0046_0033_0033.jpg 1 19 46 33 33
0116_0041_0013_0038_0038.jpg 1 41 13 38 38
0117_0015_0021_0051_0051.jpg 1 15 21 51 51
0118_0004_0034_0053_0053.jpg 1 4 34 53 53
0119_0027_0040_0031_0031.jpg 1 27 40 31 31
0120_0053_0027_0026_0026.jpg 1 53 27 26 26
0121_0023_0009_0040_0040.jpg 1 23 9 40 40
0122_0021_0035_0050_0050.jpg 1 21 35 50 50
0123_0013_0046_0027_0027.jpg 1 13 46 27 27
0124_0056_0039_0026_0026.jpg 1 56 39 26 26
0125_0054_0047_0033_0033.jpg 1 54 47 33 33
0126_0026_0022_0048_0048.jpg 1 26 22 48 48
0127_0022_0019_0059_0059.jpg 1 22 19 59 59
0128_0047_0056_0032_0032.jpg 1 47 56 32 32
0129_0028_0030_0048_0048.jpg 1 28 30 48 48
0130_0006_0007_0068_0068.jpg 1 6 7 68 68
0131_0028_0033_0053_0053.jpg 1 28 33 53 53
0132_0022_0051_0024_0024.jpg 1 22 51 24 24
0133_0031_0033_0054_0054.jpg 1 31 33 54 54
0134_0032_0019_0059_0059.jpg 1 32 19 59 59
0135_0043_0028_0046_0046.jpg 1 43 28 46 46
0136_0007_0018_0069_0069.jpg 1 7 18 69 69
0137_0043_0012_0037_0037.jpg 1 43 12 37 37
0138_0032_0032_0062_0062.jpg 1 32 32 62 62
0139_0053_0032_0032_0032.jpg 1 53 32 32 32
0140_0035_0009_0045_0045.jpg 1 35 9 45 45
0141_0039_0007_0042_0042.jpg 1 39 7 42 42
0142_0049_0008_0036_0036.jpg 1 49 8 36 36
0143_0007_0021_0045_0045.jpg 1 7 21 45 45
0144_0043_0030_0033_0033.jpg 1 43 30 33 33
0145_0009_0011_0060_0060.jpg 1 9 11 60 60
0146_0008_0024_0057_0057.jpg 1 8 24 57 57
0147_0013_0027_0065_0065.jpg 1 13 27 65 65
0148_0016_0005_0068_0068.jpg 1 16 5 68 68
0149_0022_0029_0033_0033.jpg 1 22 29 33 33
0150_0008_0016_0069_0069.jpg 1 8 16 69 69
0151_0043_0014_0041_0041.jpg 1 43 14 41 41
0152_0016_0008_0026_0026.jpg 1 16 8 26 26
0153_0043_0030_0049_0049.jpg 1 43 30 49 49
0154_0044_0049_0039_0039.jpg 1 44 49 39 39
0155_0018_0013_0052_0052.jpg 1 18 13 52 52
0156_0005_0009_0065_0065.jpg 1 5 9 65 65
0157_0018_0058_0025_0025.jpg 1 18 58 25 25
0158_0047_0057_0031_0031.jpg 1 47 57 31 31
0159_0022_0029_0041_0041.jpg 1 22 29 41 41
0160_0007_0030_0052_0052.jpg 1 7 30 52 52
0161_0009_0011_0066_0066.jpg 1 9 11 66 66
0162_0046_0039_0034_0034.jpg 1 46 39 34 34
0163_0039_0066_0024_0024.jpg 1 39 66 24 24
0164_0020_0033_0025_0025.jpg 1 20 33 25 25
0165_0037_0029_0025_0025.jpg 1 37 29 25 25
0166_0019_0026_0063_0063.jpg 1 19 26 63 63
0167_0010_0037_0044_0044.jpg 1 10 37 44 44
0168_0019_0015_0069_0069.jpg 1 19 15 69 69
0169_0039_0021_0054_0054.jpg 1 39 21 54 54
0170_0019_0020_0047_0047.jpg 1 19 20 47 47
0171_0040_0024_0026_0026.jpg 1 40 24 26 26
0172_0033_0034_0055_0055.jpg 1 33 34 55 55
0173_0024_0010_0055_0055.jpg 1 24 10 55 55
0174_0007_0022_0044_0044.jpg 1 7 22 44 44
0175_0047_0028_0043_0043.jpg 1 47 28 43 43
0176_0028_0015_0068_0068.jpg 1 28 15 68 68
0177_0005_0005_0058_0058.jpg 1 5 5 58 58
0178_0029_0053_0026_0026.jpg 1 29 53 26 26
0179_0004_0009_0061_0061.jpg 1 4 9 61 61
0180_0012_0006_0065_0065.jpg 1 12 6 65 65
0181_0035_0038_0041_0041.jpg 1 35 38 41 41
0182_0034_0023_0048_0048.jpg 1 34 23 48 48
0183_0017_0004_0067_0067.jpg 1 17 4 67 67
0184_0027_0038_0053_0053.jpg 1 27 38 53 53
0185_0024_0025_0034_0034.jpg 1 24 25 34 34
0186_0009_0042_0031_0031.jpg 1 9 42 31 31
0187_0019_0051_0032_0032.jpg 1 19 51 32 32
0188_0024_0036_0025_0025.jpg 1 24 36 25 25
0189_0046_0014_0026_0026.jpg 1 46 14 26 26
0190_0042_0024_0046_0046.jpg 1 42 24 46 46
0191_0030_0045_0041_0041.jpg 1 30 45 41 41
0192_0061_0051_0024_0024.jpg 1 61 51 24 24
0193_0019_0031_0060_0060.jpg 1 19 31 60 60
0194_0029_0024_0032_0032.jpg 1 29 24 32 32
0195_0026_0043_0028_0028.jpg 1 26 43 28 28
0196_0011_0038_0043_0043.jpg 1 11 38 43 43
0197_0010_0028_0037_0037.jpg 1 10 28 37 37
0198_0024_0009_0047_0047.jpg 1 24 9 47 47
0199_0020_0020_0065_0065.jpg 1 20 20 65 65
0200_0052_0017_0040_0040.jpg 1 52 17 40 40
0201_0024_0014_0067_0067.jpg 1 24 14 67 67
0202_0050_0017_0028_0028.jpg 1 50 17 28 28
0203_0045_0024_0043_0043.jpg 1 45 24 43 43
0204_0013_0025_0065_0065.jpg 1 13 25 65 65
0205_0024_0042_0044_0044.jpg 1 24 42 44 44
0206_0050_0015_0044_0044.jpg 1 50 15 44 44
0207_0004_0022_0056_0056.jpg 1 4 22 56 56
0208_0046_0041_0048_0048.jpg 1 46 41 48 48
0209_0022_0028_0034_0034.jpg 1 22 28 34 34
0210_0050_0051_0039_0039.jpg 1 50 51 39 39
0211_0012_0023_0068_0068.jpg 1 12 23 68 68
0212_0051_0029_0041_0041.jpg 1 51 29 41 41
0213_0017_0004_0062_0062.jpg 1 17 4 62 62
0214_0045_0011_0028_0028.jpg 1 45 11 28 28
0215_0037_0056_0026_0026.jpg 1 37 56 26 26
0216_0028_0027_0029_0029.jpg 1 28 27 29 29
0217_0034_0021_0056_0056.jpg 1 34 21 56 56
0218_0027_0040_0052_0052.jpg 1 27 40 52 52
0219_0029_0030_0040_0040.jpg 1 29 30 40 40
0220_0014_0048_0038_0038.jpg 1 14 48 38 38
0221_0020_0005_0069_0069.jpg 1 20 5 69 69
0222_0057_0009_0034_0034.jpg 1 57 9 34 34
0223_0021_0022_0061_0061.jpg 1 21 22 61 61
0224_0010_0042_0041_0041.jpg 1 10 42 41 41
0225_0038_0022_0050_0050.jpg 1 38 22 50 50
0226_0041_0034_0041_0041.jpg 1 41 34 41 41
0227_0022_0031_0034_0034.jpg 1 22 31 34 34
0228_0031_0019_0064_0064.jpg 1 31 19 64 64
0229_0008_0007_0045_0045.jpg 1 8 7 45 45
0230_0021_0056_0028_0028.jpg 1 21 56 28 28
0231_0024_0006_0066_0066.jpg 1 24 6 66 66
0232_0036_0018_0050_0050.jpg 1 36 18 50 50
0233_0050_0039_0035_0035.jpg 1 50 39 35 35
0234_0019_0032_0057_0057.jpg 1 19 32 57 57
0235_0054_0038_0029_0029.jpg 1 54 38 29 29
0236_0015_0038_0051_0051.jpg 1 15 38 51 51
0237_0010_0014_0068_0068.jpg 1 10 14 68 68
0238_0037_0007_0050_0050.jpg 1 37 7 50 50
0239_0021_0033_0052_0052.jpg 1 21 33 52 52
0240_0021_0016_0068_0068.jpg 1 21 16 68 68
0241_0048_0031_0034_0034.jpg 1 48 31 34 34
0242_0047_0059_0029_0029.jpg 1 47 59 29 29
0243_0043_0044_0050_0050.jpg 1 43 44 50 50
0244_0006_0004_0055_0055.jpg 1 6 4 55 55
0245_0019_0016_0052_0052.jpg 1 19 16 52 52
0246_0019_0010_0036_0036.jpg 1 19 10 36 36
0247_0018_0006_0055_0055.jpg 1 18 6 55 55
0248_0061_0051_0031_0031.jpg 1 61 51 31 31
0249_0014_0049_0037_0037.jpg 1 14 49 37 37
0250_0009_0031_0032_0032.jpg 1 9 31 32 32
0251_0033_0034_0050_0050.jpg 1 33 34 50 50
0252_0062_0044_0030_0030.jpg 1 62 44 30 30
0253_0029_0025_0065_0065.jpg 1 29 25 65 65
0254_0022_0011_0061_0061.jpg 1 22 11 61 61
0255_0016_0027_0064_0064.jpg 1 16 27 64 64
0256_0034_0031_0057_0057.jpg 1 34 31 57 57
0257_0007_0022_0065_0065.jpg 1 7 22 65 65
0258_0022_0015_0051_0051.jpg 1 22 15 51 51
0259_0014_0050_0034_0034.jpg 1 14 50 34 34
0260_0035_0010_0055_0055.jpg 1 35 10 55 55
0261_0021_0054_0036_0036.jpg 1 21 54 36 36
0262_0028_0038_0042_0042.jpg 1 28 38 42 42
0263_0019_0017_0065_0065.jpg 1 19 17 65 65
0264_0018_0008_0064_0064.jpg 1 18 8 64 64
0265_0038_0013_0037_0037.jpg 1 38 13 37 37
0266_0024_0046_0042_0042.jpg 1 24 46 42 42
0267_0011_0010_0061_0061.jpg 1 11 10 61 61
0268_0035_0033_0052_0052.jpg 1 35 33 52 52
0269_0016_0035_0048_0048.jpg 1 16 35 48 48
0270_0022_0017_0057_0057.jpg 1 22 17 57 57
0271_0014_0024_0068_0068.jpg 1 14 24 68 68
0272_0050_0050_0043_0043.jpg 1 50 50 43 43
0273_0028_0021_0043_0043.jpg 1 28 21 43 43
0274_0023_0032_0059_0059.jpg 1 23 32 59 59
0275_0054_0028_0030_0030.jpg 1 54 28 30 30
0276_0044_0035_0033_0033.jpg 1 44 35 33 33
0277_0014_0023_0059_0059.jpg 1 14 23 59 59
0278_0031_0032_0058_0058.jpg 1 31 32 58 58
0279_0012_0029_0065_0065.jpg 1 12 29 65 65
0280_0051_0022_0033_0033.jpg 1 51 22 33 33
0281_0021_0032_0063_0063.jpg 1 21 32 63 63
0282_0045_0023_0039_0039.jpg 1 45 23 39 39
0283_0024_0020_0053_0053.jpg 1 24 20 53 53
0284_0031_0025_0064_0064.jpg 1 31 25 64 64
0285_0012_0022_0035_0035.jpg 1 12 22 35 35
0286_0033_0010_0059_0059.jpg 1 33 10 59 59
0287_0038_0024_0046_0046.jpg 1 38 24 46 46
0288_0030_0038_0053_0053.jpg 1 30 38 53 53
0289_0028_0018_0054_0054.jpg 1 28 18 54 54
0290_0023_0010_0065_0065.jpg 1 23 10 65 65
0291_0030_0006_0044_0044.jpg 1 30 6 44 44
0292_0018_0044_0036_0036.jpg 1 18 44 36 36
0293_0055_0036_0030_0030.jpg 1 55 36 30 30
0294_0027_0012_0063_0063.jpg 1 27 12 63 63
0295_0036_0041_0039_0039.jpg 1 36 41 39 39
0296_0062_0024_0026_0026.jpg 1 62 24 26 26
0297_0005_0008_0061_0061.jpg 1 5 8 61 61
0298_0022_0019_0062_0062.jpg 1 22 19 62 62
0299_0050_0023_0044_0044.jpg 1 50 23 44 44
0300_0008_0023_0040_0040.jpg 1 8 23 40 40
0301_0010_0035_0048_0048.jpg 1 10 35 48 48
0302_0063_0055_0026_0026.jpg 1 63 55 26 26
0303_0022_0031_0045_0045.jpg 1 22 31 45 45
0304_0042_0037_0052_0052.jpg 1 42 37 52 52
0305_0009_0003_0068_0068.jpg 1 9 3 68 68
0306_0008_0034_0059_0059.jpg 1 8 34 59 59
0307_0044_0056_0028_0028.jpg 1 44 56 28 28
0308_0033_0007_0052_0052.jpg 1 33 7 52 52
0309_0027_0038_0032_0032.jpg 1 27 38 32 32
0310_0036_0026_0035_0035.jpg 1 36 26 35 35
0311_0009_0016_0069_0069.jpg 1 9 16 69 69
0312_0008_0004_0063_0063.jpg 1 8 4 63 63
0313_0028_0034_0058_0058.jpg 1 28 34 58 58
0314_0038_0032_0024_0024.jpg 1 38 32 24 24
0315_0010_0020_0040_0040.jpg 1 10 20 40 40
0316_0024_0025_0068_0068.jpg 1 24 25 68 68
0317_0054_0037_0035_0035.jpg 1 54 37 35 35
0318_0058_0056_0029_0029.jpg 1 58 56 29 29
0319_0035_0006_0044_0044.jpg 1 35 6 44 44
0320_0045_0042_0045_0045.jpg 1 45 42 45 45
0321_0026_0018_0066_0066.jpg 1 26 18 66 66
0322_0010_0027_0068_0068.jpg 1 10 27 68 68
0323_0050_0038_0037_0037.jpg 1 50 38 37 37
0324_0012_0015_0036_0036.jpg 1 12 15 36 36
0325_0064_0045_0025_0025.jpg 1 64 45 25 25
0326_0031_0034_0056_0056.jpg 1 31 34 56 56
0327_0048_0007_0039_0039.jpg 1 48 7 39 39
0328_0023_0048_0035_0035.jpg 1 23 48 35 35
0329_0020_0012_0065_0065.jpg 1 20 12 65 65
0330_0009_0016_0053_0053.jpg 1 9 16 53 53
0331_0023_0006_0049_0049.jpg 1 23 6 49 49
0332_0047_0024_0043_0043.jpg 1 47 24 43 43
0333_0007_0036_0035_0035.jpg 1 7 36 35 35
0334_0061_0048_0028_0028.jpg 1 61 48 28 28
0335_0031_0027_0059_0059.jpg 1 31 27 59 59
0336_0033_0015_0047_0047.jpg 1 33 15 47 47
0337_0021_0022_0061_0061.jpg 1 21 22 61 61
0338_0030_0027_0045_0045.jpg 1 30 27 45 45
0339_0033_0006_0047_0047.jpg 1 33 6 47 47
0340_0012_0030_0062_0062.jpg 1 12 30 62 62
0341_0015_0020_0053_0053.jpg 1 15 20 53 53
0342_0014_0017_0063_0063.jpg 1 14 17 63 63
0343_0016_0027_0061_0061.jpg 1 16 27 61 61
0344_0012_0018_0059_0059.jpg 1 12 18 59 59
0345_0025_0024_0047_0047.jpg 1 25 24 47 47
0346_0041_0025_0047_0047.jpg 1 41 25 47 47
0347_0018_0027_0055_0055.jpg 1 18 27 55 55
0348_0017_0009_0066_0066.jpg 1 17 9 66 66
0349_0017_0026_0054_0054.jpg 1 17 26 54 54
0350_0008_0010_0037_0037.jpg 1 8 10 37 37
0351_0037_0022_0055_0055.jpg 1 37 22 55 55
0352_0038_0026_0045_0045.jpg 1 38 26 45 45
0353_0032_0030_0059_0059.jpg 1 32 30 59 59
0354_0016_0042_0037_0037.jpg 1 16 42 37 37
0355_0027_0060_0030_0030.jpg 1 27 60 30 30
0356_0015_0019_0035_0035.jpg 1 15 19 35 35
0357_0034_0009_0055_0055.jpg 1 34 9 55 55
0358_0023_0029_0065_0065.jpg 1 23 29 65 65
0359_0020_0030_0061_0061.jpg 1 20 30 61 61
0360_0012_0031_0052_0052.jpg 1 12 31 52 52
0361_0019_0044_0043_0043.jpg 1 19 44 43 43
0362_0015_0009_0060_0060.jpg 1 15 9 60 60
0363_0053_0037_0038_0038.jpg 1 53 37 38 38
0364_0007_0029_0056_0056.jpg 1 7 29 56 56
0365_0055_0030_0034_0034.jpg 1 55 30 34 34
0366_0012_0039_0052_0052.jpg 1 12 39 52 52
0367_0022_0025_0045_0045.jpg 1 22 25 45 45
0368_0028_0016_0065_0065.jpg 1 28 16 65 65
0369_0012_0019_0039_0039.jpg 1 12 19 39 39
0370_0010_0029_0066_0066.jpg 1 10 29 66 66
0371_0004_0004_0068_0068.jpg 1 4 4 68 68
0372_0047_0029_0045_0045.jpg 1 47 29 45 45
0373_0006_0031_0057_0057.jpg 1 6 31 57 57
0374_0020_0023_0037_0037.jpg 1 20 23 37 37
0375_0029_0032_0053_0053.jpg 1 29 32 53 53
0376_0040_0020_0051_0051.jpg 1 40 20 51 51
0377_0038_0045_0031_0031.jpg 1 38 45 31 31
0378_0043_0027_0043_0043.jpg 1 43 27 43 43
0379_0053_0036_0036_0036.jpg 1 53 36 36 36
0380_0043_0023_0031_0031.jpg 1 43 23 31 31
0381_0011_0028_0063_0063.jpg 1 11 28 63 63
0382_0006_0039_0037_0037.jpg 1 6 39 37 37
0383_0017_0025_0050_0050.jpg 1 17 25 50 50
0384_0006_0048_0039_0039.jpg 1 6 48 39 39
0385_0039_0011_0040_0040.jpg 1 39 11 40 40
0386_0017_0020_0042_0042.jpg 1 17 20 42 42
0387_0028_0004_0064_0064.jpg 1 28 4 64 64
0388_0003_0008_0069_0069.jpg 1 3 8 69 69
0389_0017_0014_0044_0044.jpg 1 17 14 44 44
0390_0040_0008_0025_0025.jpg 1 40 8 25 25
0391_0048_0051_0039_0039.jpg 1 48 51 39 39
0392_0040_0023_0043_0043.jpg 1 40 23 43 43
0393_0009_0020_0057_0057.jpg 1 9 20 57 57
0394_0019_0010_0039_0039.jpg 1 19 10 39 39
0395_0029_0044_0035_0035.jpg 1 29 44 35 35
0396_0045_0055_0026_0026.jpg 1 45 55 26 26
0397_0036_0043_0028_0028.jpg 1 36 43 28 28
0398_0006_0014_0052_0052.jpg 1 6 14 52 52
0399_0033_0007_0050_0050.jpg 1 33 7 50 50
0400_0019_0032_0052_0052.jpg 1 19 32 52 52
0401_0055_0010_0033_0033.jpg 1 55 10 33 33
0402_0025_0026_0068_0068.jpg 1 25 26 68 68
0403_0014_0007_0055_0055.jpg 1 14 7 55 55
0404_0019_0019_0057_0057.jpg 1 19 19 57 57
0405_0017_0041_0046_0046.jpg 1 17 41 46 46
0406_0031_0024_0063_0063.jpg 1 31 24 63 63
0407_0030_0020_0055_0055.jpg 1 30 20 55 55
0408_0041_0012_0048_0048.jpg 1 41 12 48 48
0409_0013_0015_0054_0054.jpg 1 13 15 54 54
0410_0054_0029_0031_0031.jpg 1 54 29 31 31
0411_0024_0014_0047_0047.jpg 1 24 14 47 47
0412_0020_0032_0047_0047.jpg 1 20 32 47 47
0413_0052_0058_0031_0031.jpg 1 52 58 31 31
0414_0013_0020_0063_0063.jpg 1 13 20 63 63
0415_0021_0023_0048_0048.jpg 1 21 23 48 48
0416_0026_0015_0064_0064.jpg 1 26 15 64 64
0417_0048_0063_0028_0028.jpg 1 48 63 28 28
0418_0014_0010_0069_0069.jpg 1 14 10 69 69
0419_0028_0040_0050_0050.jpg 1 28 40 50 50
0420_0009_0020_0066_0066.jpg 1 9 20 66 66
0421_0019_0018_0061_0061.jpg 1 19 18 61 61
0422_0061_0014_0025_0025.jpg 1 61 14 25 25
0423_0029_0043_0042_0042.jpg 1 29 43 42 42
0424_0029_0047_0026_0026.jpg 1 29 47 26 26
0425_0008_0016_0067_0067.jpg 1 8 16 67 67
0426_0028_0031_0037_0037.jpg 1 28 31 37 37
0427_0044_0031_0034_0034.jpg 1 44 31 34 34
0428_0016_0028_0062_0062.jpg 1 16 28 62 62
0429_0015_0015_0027_0027.jpg 1 15 15 27 27
0430_0029_0036_0042_0042.jpg 1 29 36 42 42
0431_0045_0051_0042_0042.jpg 1 45 51 42 42
0432_0031_0021_0051_0051.jpg 1 31 21 51 51
0433_0060_0011_0031_0031.jpg 1 60 11 31 31
0434_0033_0040_0048_0048.jpg 1 33 40 48 48
0435_0019_0016_0030_0030.jpg 1 19 16 30 30
0436_0024_0027_0069_0069.jpg 1 24 27 69 69
0437_0008_0024_0059_0059.jpg 1 8 24 59 59
0438_0017_0007_0048_0048.jpg 1 17 7 48 48
0439_0047_0047_0032_0032.jpg 1 47 47 32 32
0440_0023_0023_0069_0069.jpg 1 23 23 69 69
0441_0007_0032_0031_0031.jpg 1 7 32 31 31
0442_0026_0018_0065_0065.jpg 1 26 18 65 65
0443_0042_0038_0052_0052.jpg 1 42 38 52 52
0444_0008_0030_0053_0053.jpg 1 8 30 53 53
0445_0049_0045_0039_0039.jpg 1 49 45 39 39
0446_0023_0034_0059_0059.jpg 1 23 34 59 59
0447_0039_0026_0045_0045.jpg 1 39 26 45 45
0448_0016_0011_0054_0054.jpg 1 16 11 54 54
0449_0029_0037_0043_0043.jpg 1 29 37 43 43
0450_0036_0036_0048_0048.jpg 1 36 36 48 48
0451_0061_0016_0030_0030.jpg 1 61 16 30 30
0452_0003_0026_0069_0069.jpg 1 3 26 69 69
0453_0017_0018_0041_0041.jpg 1 17 18 41 41
0454_0028_0031_0053_0053.jpg 1 28 31 53 53
0455_0044_0061_0026_0026.jpg 1 44 61 26 26
0456_0026_0008_0061_0061.jpg 1 26 8 61 61
0457_0025_0020_0054_0054.jpg 1 25 20 54 54
0458_0009_0008_0035_0035.jpg 1 9 8 35 35
0459_0025_0036_0039_0039.jpg 1 25 36 39 39
0460_0020_0018_0040_0040.jpg 1 20 18 40 40
0461_0004_0014_0068_0068.jpg 1 4 14 68 68
0462_0034_0007_0055_0055.jpg 1 34 7 55 55
0463_0021_0019_0040_0040.jpg 1 21 19 40 40
0464_0015_0053_0037_0037.jpg 1 15 53 37 37
0465_0011_0029_0050_0050.jpg 1 11 29 50 50
0466_0016_0049_0030_0030.jpg 1 16 49 30 30
0467_0037_0049_0024_0024.jpg 1 37 49 24 24
0468_0054_0038_0029_0029.jpg 1 54 38 29 29
0469_0029_0014_0055_0055.jpg 1 29 14 55 55
0470_0035_0005_0057_0057.jpg 1 35 5 57 57
0471_0052_0024_0032_0032.jpg 1 52 24 32 32
0472_0027_0019_0055_0055.jpg 1 27 19 55 55
0473_0046_0046_0039_0039.jpg 1 46 46 39 39
0474_0015_0032_0045_0045.jpg 1 15 32 45 45
0475_0025_0040_0048_0048.jpg 1 25 40 48 48
0476_0041_0016_0045_0045.jpg 1 41 16 45 45
0477_0012_0011_0033_0033.jpg 1 12 11 33 33
0478_0038_0011_0047_0047.jpg 1 38 11 47 47
0479_0055_0011_0029_0029.jpg 1 55 11 29 29
0480_0050_0054_0039_0039.jpg 1 50 54 39 39
0481_0014_0015_0062_0062.jpg 1 14 15 62 62
0482_0023_0013_0030_0030.jpg 1 23 13 30 30
0483_0006_0034_0053_0053.jpg 1 6 34 53 53
0484_0015_0026_0065_0065.jpg 1 15 26 65 65
0485_0066_0065_0024_0024.jpg 1 66 65 24 24
0486_0033_0023_0055_0055.jpg 1 33 23 55 55
0487_0004_0023_0058_0058.jpg 1 4 23 58 58
0488_0045_0014_0039_0039.jpg 1 45 14 39 39
0489_0015_0008_0061_0061.jpg 1 15 8 61 61
0490_0035_0012_0032_0032.jpg 1 35 12 32 32
0491_0057_0027_0032_0032.jpg 1 57 27 32 32
0492_0048_0026_0038_0038.jpg 1 48 26 38 38
0493_0036_0025_0035_0035.jpg 1 36 25 35 35
0494_0034_0019_0041_0041.jpg 1 34 19 41 41
0495_0036_0014_0039_0039.jpg 1 36 14 39 39
0496_0031_0014_0041_0041.jpg 1 31 14 41 41
0497_0039_0054_0035_0035.jpg 1 39 54 35 35
0498_0017_0048_0042_0042.jpg 1 17 48 42 42
0499_0009_0022_0062_0062.jpg 1 9 22 62 62
0500_0035_0060_0029_0029.jpg 1 35 60 29 29
0501_0056_0015_0027_0027.jpg 1 56 15 27 27
0502_0023_0020_0063_0063.jpg 1 23 20 63 63
0503_0050_0063_0028_0028.jpg 1 50 63 28 28
0504_0015_0013_0028_0028.jpg 1 15 13 28 28
0505_0019_0023_0055_0055.jpg 1 19 23 55 55
0506_0036_0039_0024_0024.jpg 1 36 39 24 24
0507_0021_0024_0067_0067.jpg 1 21 24 67 67
0508_0006_0026_0046_0046.jpg 1 6 26 46 46
0509_0028_0017_0053_0053.jpg 1 28 17 53 53
0510_0052_0036_0040_0040.jpg 1 52 36 40 40
0511_0009_0019_0064_0064.jpg 1 9 19 64 64
0512_0032_0006_0050_0050.jpg 1 32 6 50 50
0513_0014_0019_0027_0027.jpg 1 14 19 27 27
0514_0008_0032_0056_0056.jpg 1 8 32 56 56
0515_0008_0040_0051_0051.jpg 1 8 40 51 51
0516_0007_0010_0058_0058.jpg 1 7 10 58 58
0517_0015_0040_0048_0048.jpg 1 15 40 48 48
0518_0008_0008_0067_0067.jpg 1 8 8 67 67
0519_0019_0010_0050_0050.jpg 1 19 10 50 50
0520_0034_0015_0036_0036.jpg 1 34 15 36 36
0521_0027_0022_0041_0041.jpg 1 27 22 41 41
0522_0022_0035_0037_0037.jpg 1 22 35 37 37
0523_0028_0018_0061_0061.jpg 1 28 18 61 61
0524_0012_0014_0050_0050.jpg 1 12 14 50 50
0525_0022_0015_0069_0069.jpg 1 22 15 69 69
0526_0035_0053_0039_0039.jpg 1 35 53 39 39
0527_0038_0021_0051_0051.jpg 1 38 21 51 51
0528_0013_0009_0055_0055.jpg 1 13 9 55 55
0529_0038_0060_0032_0032.jpg 1 38 60 32 32
0530_0015_0047_0030_0030.jpg 1 15 47 30 30
0531_0018_0053_0036_0036.jpg 1 18 53 36 36
0532_0053_0014_0039_0039.jpg 1 53 14 39 39
0533_0029_0035_0059_0059.jpg 1 29 35 59 59
0534_0038_0014_0053_0053.jpg 1 38 14 53 53
0535_0025_0005_0063_0063.jpg 1 25 5 63 63
0536_0012_0013_0064_0064.jpg 1 12 13 64 64
0537_0043_0058_0032_0032.jpg 1 43 58 32 32
0538_0027_0007_0036_0036.jpg 1 27 7 36 36
0539_0004_0028_0061_0061.jpg 1 4 28 61 61
0540_0014_0016_0069_0069.jpg 1 14 16 69 69
0541_0044_0044_0049_0049.jpg 1 44 44 49 49
0542_0034_0025_0043_0043.jpg 1 34 25 43 43
0543_0037_0042_0031_0031.jpg 1 37 42 31 31
0544_0027_0046_0046_0046.jpg 1 27 46 46 46
0545_0010_0034_0044_0044.jpg 1 10 34 44 44
0546_0022_0046_0029_0029.jpg 1 22 46 29 29
0547_0025_0022_0067_0067.jpg 1 25 22 67 67
0548_0028_0012_0034_0034.jpg 1 28 12 34 34
0549_0015_0027_0066_0066.jpg 1 15 27 66 66
0550_0027_0030_0048_0048.jpg 1 27 30 48 48
0551_0032_0019_0055_0055.jpg 1 32 19 55 55
0552_0035_0035_0050_0050.jpg 1 35 35 50 50
0553_0033_0005_0058_0058.jpg 1 33 5 58 58
0554_0016_0029_0043_0043.jpg 1 16 29 43 43
0555_0045_0016_0028_0028.jpg 1 45 16 28 28
0556_0018_0009_0030_0030.jpg 1 18 9 30 30
0557_0020_0014_0065_0065.jpg 1 20 14 65 65
0558_0035_0042_0049_0049.jpg 1 35 42 49 49
0559_0042_0048_0038_0038.jpg 1 42 48 38 38
0560_0060_0039_0028_0028.jpg 1 60 39 28 28
0561_0034_0013_0028_0028.jpg 1 34 13 28 28
0562_0016_0050_0026_0026.jpg 1 16 50 26 26
0563_0011_0009_0043_0043.jpg 1 11 9 43 43
0564_0011_0024_0035_0035.jpg 1 11 24 35 35
0565_0036_0023_0045_0045.jpg 1 36 23 45 45
0566_0037_0035_0052_0052.jpg 1 37 35 52 52
0567_0012_0019_0047_0047.jpg 1 12 19 47 47
0568_0018_0020_0064_0064.jpg 1 18 20 64 64
0569_0006_0031_0043_0043.jpg 1 6 31 43 43
0570_0036_0006_0041_0041.jpg 1 36 6 41 41
0571_0038_0055_0035_0035.jpg 1 38 55 35 35
0572_0052_0026_0032_0032.jpg 1 52 26 32 32
0573_0042_0025_0052_0052.jpg 1 42 25 52 52
0574_0022_0018_0030_0030.jpg 1 22 18 30 30
0575_0005_0020_0056_0056.jpg 1 5 20 56 56
0576_0036_0007_0051_0051.jpg 1 36 7 51 51
0577_0021_0009_0058_0058.jpg 1 21 9 58 58
0578_0023_0051_0043_0043.jpg 1 23 51 43 43
0579_0013_0043_0030_0030.jpg 1 13 43 30 30
0580_0005_0017_0060_0060.jpg 1 5 17 60 60
0581_0033_0033_0053_0053.jpg 1 33 33 53 53
0582_0034_0028_0059_0059.jpg 1 34 28 59 59
0583_0020_0008_0061_0061.jpg 1 20 8 61 61
0584_0031_0049_0039_0039.jpg 1 31 49 39 39
0585_0011_0021_0026_0026.jpg 1 11 21 26 26
0586_0064_0023_0026_0026.jpg 1 64 23 26 26
0587_0014_0019_0068_0068.jpg 1 14 19 68 68
0588_0007_0011_0065_0065.jpg 1 7 11 65 65
0589_0032_0005_0055_0055.jpg 1 32 5 55 55
0590_0026_0027_0062_0062.jpg 1 26 27 62 62
0591_0037_0011_0054_0054.jpg 1 37 11 54 54
0592_0021_0024_0066_0066.jpg 1 21 24 66 66
0593_0015_0012_0063_0063.jpg 1 15 12 63 63
0594_0012_0055_0035_0035.jpg 1 12 55 35 35
0595_0033_0031_0062_0062.jpg 1 33 31 62 62
0596_0020_0030_0062_0062.jpg 1 20 30 62 62
0597_0035_0008_0050_0050.jpg 1 35 8 50 50
0598_0021_0057_0033_0033.jpg 1 21 57 33 33
0599_0057_0042_0032_0032.jpg 1 57 42 32 32
0600_0033_0046_0034_0034.jpg 1 33 46 34 34
0601_0021_0016_0066_0066.jpg 1 21 16 66 66
0602_0009_0050_0041_0041.jpg 1 9 50 41 41
0603_0010_0015_0032_0032.jpg 1 10 15 32 32
0604_0016_0031_0057_0057.jpg 1 16 31 57 57
0605_0052_0020_0038_0038.jpg 1 52 20 38 38
0606_0045_0039_0038_0038.jpg 1 45 39 38 38
0607_0006_0034_0050_0050.jpg 1 6 34 50 50
0608_0056_0050_0034_0034.jpg 1 56 50 34 34
0609_0011_0036_0047_0047.jpg 1 11 36 47 47
0610_0060_0017_0027_0027.jpg 1 60 17 27 27
0611_0019_0004_0057_0057.jpg 1 19 4 57 57
0612_0043_0032_0030_0030.jpg 1 43 32 30 30
0613_0013_0042_0045_0045.jpg 1 13 42 45 45
0614_0033_0012_0058_0058.jpg 1 33 12 58 58
0615_0042_0033_0051_0051.jpg 1 42 33 51 51
0616_0019_0010_0060_0060.jpg 1 19 10 60 60
0617_0031_0047_0047_0047.jpg 1 31 47 47 47
0618_0021_0008_0069_0069.jpg 1 21 8 69 69
0619_0017_0014_0041_0041.jpg 1 17 14 41 41
0620_0009_0044_0042_0042.jpg 1 9 44 42 42
0621_0010_0037_0042_0042.jpg 1 10 37 42 42
0622_0016_0022_0042_0042.jpg 1 16 22 42 42
0623_0008_0038_0049_0049.jpg 1 8 38 49 49
0624_0051_0051_0038_0038.jpg 1 51 51 38 38
0625_0014_0016_0053_0053.jpg 1 14 16 53 53
0626_0040_0011_0055_0055.jpg 1 40 11 55 55
0627_0046_0046_0030_0030.jpg 1 46 46 30 30
0628_0039_0041_0024_0024.jpg 1 39 41 24 24
0629_0030_0021_0061_0061.jpg 1 30 21 61 61
0630_0015_0010_0066_0066.jpg 1 15 10 66 66
0631_0010_0020_0056_0056.jpg 1 10 20 56 56
0632_0019_0048_0046_0046.jpg 1 19 48 46 46
0633_0023_0029_0034_0034.jpg 1 23 29 34 34
0634_0018_0028_0068_0068.jpg 1 18 28 68 68
0635_0043_0030_0038_0038.jpg 1 43 30 38 38
0636_0022_0031_0041_0041.jpg 1 22 31 41 41
0637_0057_0047_0034_0034.jpg 1 57 47 34 34
0638_0024_0036_0029_0029.jpg 1 24 36 29 29
0639_0014_0009_0063_0063.jpg 1 14 9 63 63
0640_0010_0012_0054_0054.jpg 1 10 12 54 54
0641_0016_0037_0034_0034.jpg 1 16 37 34 34
0642_0034_0044_0050_0050.jpg 1 34 44 50 50
0643_0030_0021_0055_0055.jpg 1 30 21 55 55
0644_0028_0018_0064_0064.jpg 1 28 18 64 64
0645_0026_0006_0046_0046.jpg 1 26 6 46 46
0646_0034_0016_0061_0061.jpg 1 34 16 61 61
0647_0011_0052_0038_0038.jpg 1 11 52 38 38
0648_0022_0025_0068_0068.jpg 1 22 25 68 68
0649_0017_0045_0048_0048.jpg 1 17 45 48 48
0650_0027_0059_0032_0032.jpg 1 27 59 32 32
0651_0054_0046_0038_0038.jpg 1 54 46 38 38
0652_0015_0017_0042_0042.jpg 1 15 17 42 42
0653_0006_0014_0046_0046.jpg 1 6 14 46 46
0654_0018_0017_0057_0057.jpg 1 18 17 57 57
0655_0019_0005_0063_0063.jpg 1 19 5 63 63
0656_0028_0052_0039_0039.jpg 1 28 52 39 39
0657_0023_0027_0038_0038.jpg 1 23 27 38 38
0658_0010_0030_0058_0058.jpg 1 10 30 58 58
0659_0008_0021_0068_0068.jpg 1 8 21 68 68
0660_0046_0056_0029_0029.jpg 1 46 56 29 29
0661_0010_0021_0032_0032.jpg 1 10 21 32 32
0662_0043_0017_0049_0049.jpg 1 43 17 49 49
0663_0032_0015_0051_0051.jpg 1 32 15 51 51
0664_0053_0030_0039_0039.jpg 1 53 30 39 39
0665_0035_0047_0034_0034.jpg 1 35 47 34 34
0666_0014_0015_0048_0048.jpg 1 14 15 48 48
0667_0030_0017_0055_0055.jpg 1 30 17 55 55
0668_0008_0020_0056_0056.jpg 1 8 20 56 56
0669_0004_0026_0068_0068.jpg 1 4 26 68 68
0670_0018_0038_0052_0052.jpg 1 18 38 52 52
0671_0027_0016_0066_0066.jpg 1 27 16 66 66
0672_0022_0021_0062_0062.jpg 1 22 21 62 62
0673_0031_0034_0031_0031.jpg 1 31 34 31 31
0674_0048_0014_0046_0046.jpg 1 48 14 46 46
0675_0039_0060_0027_0027.jpg 1 39 60 27 27
0676_0042_0044_0049_0049.jpg 1 42 44 49 49
0677_0016_0011_0055_0055.jpg 1 16 11 55 55
0678_0018_0031_0049_0049.jpg 1 18 31 49 49
0679_0031_0039_0024_0024.jpg 1 31 39 24 24
0680_0025_0004_0065_0065.jpg 1 25 4 65 65
0681_0040_0024_0028_0028.jpg 1 40 24 28 28
0682_0054_0032_0033_0033.jpg 1 54 32 33 33
0683_0036_0034_0053_0053.jpg 1 36 34 53 53
0684_0023_0022_0066_0066.jpg 1 23 22 66 66
0685_0026_0049_0036_0036.jpg 1 26 49 36 36
0686_0004_0009_0066_0066.jpg 1 4 9 66 66
0687_0018_0010_0058_0058.jpg 1 18 10 58 58
0688_0025_0009_0042_0042.jpg 1 25 9 42 42
0689_0020_0008_0060_0060.jpg 1 20 8 60 60
0690_0007_0013_0065_0065.jpg 1 7 13 65 65
0691_0028_0007_0038_0038.jpg 1 28 7 38 38
0692_0013_0026_0069_0069.jpg 1 13 26 69 69
0693_0007_0013_0044_0044.jpg 1 7 13 44 44
0694_0027_0025_0050_0050.jpg 1 27 25 50 50
0695_0028_0014_0055_0055.jpg 1 28 14 55 55
0696_0017_0032_0032_0032.jpg 1 17 32 32 32
0697_0034_0030_0040_0040.jpg 1 34 30 40 40
0698_0016_0004_0063_0063.jpg 1 16 4 63 63
0699_0016_0018_0030_0030.jpg 1 16 18 30 30
0700_0025_0016_0048_0048.jpg 1 25 16 48 48
0701_0024_0020_0027_0027.jpg 1 24 20 27 27
0702_0048_0008_0037_0037.jpg 1 48 8 37 37
0703_0026_0010_0059_0059.jpg 1 26 10 59 59
0704_0018_0020_0066_0066.jpg 1 18 20 66 66
0705_0020_0006_0058_0058.jpg 1 20 6 58 58
0706_0022_0031_0034_0034.jpg 1 22 31 34 34
0707_0011_0029_0065_0065.jpg 1 11 29 65 65
0708_0034_0032_0050_0050.jpg 1 34 32 50 50
0709_0007_0016_0054_0054.jpg 1 7 16 54 54
0710_0061_0026_0029_0029.jpg 1 61 26 29 29
0711_0029_0020_0065_0065.jpg 1 29 20 65 65
0712_0023_0016_0065_0065.jpg 1 23 16 65 65
0713_0031_0015_0058_0058.jpg 1 31 15 58 58
0714_0036_0014_0050_0050.jpg 1 36 14 50 50
0715_0056_0021_0026_0026.jpg 1 56 21 26 26
0716_0023_0044_0050_0050.jpg 1 23 44 50 50
0717_0028_0027_0058_0058.jpg 1 28 27 58 58
0718_0022_0025_0046_0046.jpg 1 22 25 46 46
0719_0053_0050_0032_0032.jpg 1 53 50 32 32
0720_0015_0010_0054_0054.jpg 1 15 10 54 54
0721_0006_0035_0036_0036.jpg 1 6 35 36 36
0722_0041_0008_0043_0043.jpg 1 41 8 43 43
0723_0006_0024_0063_0063.jpg 1 6 24 63 63
0724_0058_0022_0032_0032.jpg 1 58 22 32 32
0725_0046_0062_0027_0027.jpg 1 46 62 27 27
0726_0032_0007_0047_0047.jpg 1 32 7 47 47
0727_0013_0025_0044_0044.jpg 1 13 25 44 44
0728_0011_0039_0056_0056.jpg 1 11 39 56 56
0729_0013_0038_0049_0049.jpg 1 13 38 49 49
0730_0028_0038_0048_0048.jpg 1 28 38 48 48
0731_0028_0004_0062_0062.jpg 1 28 4 62 62
0732_0010_0027_0036_0036.jpg 1 10 27 36 36
0733_0040_0036_0025_0025.jpg 1 40 36 25 25
0734_0014_0021_0050_0050.jpg 1 14 21 50 50
0735_0041_0035_0051_0051.jpg 1 41 35 51 51
0736_0008_0040_0054_0054.jpg 1 8 40 54 54
0737_0017_0015_0065_0065.jpg 1 17 15 65 65
0738_0031_0024_0058_0058.jpg 1 31 24 58 58
0739_0018_0024_0044_0044.jpg 1 18 24 44 44
0740_0025_0011_0069_0069.jpg 1 25 11 69 69
0741_0034_0013_0028_0028.jpg 1 34 13 28 28
0742_0033_0023_0061_0061.jpg 1 33 23 61 61
0743_0021_0017_0058_0058.jpg 1 21 17 58 58
0744_0028_0018_0063_0063.jpg 1 28 18 63 63
0745_0046_0006_0048_0048.jpg 1 46 6 48 48
0746_0008_0005_0057_0057.jpg 1 8 5 57 57
0747_0018_0060_0032_0032.jpg 1 18 60 32 32
0748_0050_0032_0042_0042.jpg 1 50 32 42 42
0749_0023_0008_0066_0066.jpg 1 23 8 66 66
0750_0036_0006_0043_0043.jpg 1 36 6 43 43
0751_0015_0025_0057_0057.jpg 1 15 25 57 57
0752_0019_0027_0064_0064.jpg 1 19 27 64 64
0753_0020_0026_0044_0044.jpg 1 20 26 44 44
0754_0014_0040_0036_0036.jpg 1 14 40 36 36
0755_0037_0043_0045_0045.jpg 1 37 43 45 45
0756_0025_0032_0040_0040.jpg 1 25 32 40 40
0757_0034_0060_0033_0033.jpg 1 34 60 33 33
0758_0044_0013_0028_0028.jpg 1 44 13 28 28
0759_0008_0040_0035_0035.jpg 1 8 40 35 35
0760_0026_0016_0064_0064.jpg 1 26 16 64 64
0761_0059_0030_0028_0028.jpg 1 59 30 28 28
0762_0026_0006_0061_0061.jpg 1 26 6 61 61
0763_0050_0034_0043_0043.jpg 1 50 34 43 43
0764_0011_0008_0062_0062.jpg 1 11 8 62 62
0765_0006_0023_0068_0068.jpg 1 6 23 68 68
0766_0066_0062_0025_0025.jpg 1 66 62 25 25
0767_0012_0039_0028_0028.jpg 1 12 39 28 28
0768_0007_0013_0066_0066.jpg 1 7 13 66 66
0769_0011_0054_0034_0034.jpg 1 11 54 34 34
0770_0015_0005_0055_0055.jpg 1 15 5 55 55
0771_0027_0011_0061_0061.jpg 1 27 11 61 61
0772_0006_0053_0038_0038.jpg 1 6 53 38 38
0773_0019_0061_0025_0025.jpg 1 19 61 25 25
0774_0024_0027_0056_0056.jpg 1 24 27 56 56
0775_0024_0028_0065_0065.jpg 1 24 28 65 65
0776_0004_0012_0062_0062.jpg 1 4 12 62 62
0777_0008_0030_0050_0050.jpg 1 8 30 50 50
0778_0012_0058_0034_0034.jpg 1 12 58 34 34
0779_0041_0018_0052_0052.jpg 1 41 18 52 52
0780_0031_0015_0063_0063.jpg 1 31 15 63 63
0781_0012_0020_0059_0059.jpg 1 12 20 59 59
0782_0019_0025_0069_0069.jpg 1 19 25 69 69
0783_0050_0057_0033_0033.jpg 1 50 57 33 33
0784_0010_0019_0066_0066.jpg 1 10 19 66 66
0785_0034_0018_0041_0041.jpg 1 34 18 41 41
0786_0048_0012_0039_0039.jpg 1 48 12 39 39
0787_0032_0056_0034_0034.jpg 1 32 56 34 34
0788_0010_0023_0061_0061.jpg 1 10 23 61 61
0789_0060_0043_0024_0024.jpg 1 60 43 24 24
0790_0037_0041_0028_0028.jpg 1 37 41 28 28
0791_0017_0016_0056_0056.jpg 1 17 16 56 56
0792_0039_0043_0027_0027.jpg 1 39 43 27 27
0793_0027_0020_0049_0049.jpg 1 27 20 49 49
0794_0044_0040_0040_0040.jpg 1 44 40 40 40
0795_0022_0051_0026_0026.jpg 1 22 51 26 26
0796_0022_0006_0042_0042.jpg 1 22 6 42 42
0797_0038_0030_0054_0054.jpg 1 38 30 54 54
0798_0019_0010_0062_0062.jpg 1 19 10 62 62
0799_0045_0059_0028_0028.jpg 1 45 59 28 28
0800_0014_0032_0037_0037.jpg 1 14 32 37 37
0801_0041_0036_0042_0042.jpg 1 41 36 42 42
0802_0011_0030_0065_0065.jpg 1 11 30 65 65
0803_0020_0058_0027_0027.jpg 1 20 58 27 27
0804_0023_0025_0057_0057.jpg 1 23 25 57 57
0805_0024_0035_0056_0056.jpg 1 24 35 56 56
0806_0035_0028_0035_0035.jpg 1 35 28 35 35
0807_0048_0010_0044_0044.jpg 1 48 10 44 44
0808_0024_0039_0051_0051.jpg 1 24 39 51 51
0809_0019_0023_0049_0049.jpg 1 19 23 49 49
0810_0017_0021_0054_0054.jpg 1 17 21 54 54
0811_0011_0024_0066_0066.jpg 1 11 24 66 66
0812_0046_0015_0034_0034.jpg 1 46 15 34 34
0813_0014_0019_0044_0044.jpg 1 14 19 44 44
0814_0035_0054_0026_0026.jpg 1 35 54 26 26
0815_0013_0028_0066_0066.jpg 1 13 28 66 66
0816_0037_0018_0045_0045.jpg 1 37 18 45 45
0817_0058_0021_0028_0028.jpg 1 58 21 28 28
0818_0028_0023_0042_0042.jpg 1 28 23 42 42
0819_0015_0022_0044_0044.jpg 1 15 22 44 44
0820_0024_0037_0049_0049.jpg 1 24 37 49 49
0821_0018_0027_0028_0028.jpg 1 18 27 28 28
0822_0037_0036_0058_0058.jpg 1 37 36 58 58
0823_0014_0028_0028_0028.jpg 1 14 28 28 28
0824_0029_0017_0063_0063.jpg 1 29 17 63 63
0825_0024_0021_0053_0053.jpg 1 24 21 53 53
0826_0017_0053_0037_0037.jpg 1 17 53 37 37
0827_0016_0020_0069_0069.jpg 1 16 20 69 69
0828_0044_0064_0025_0025.jpg 1 44 64 25 25
0829_0024_0014_0063_0063.jpg 1 24 14 63 63
0830_0049_0038_0032_0032.jpg 1 49 38 32 32
0831_0038_0032_0053_0053.jpg 1 38 32 53 53
0832_0007_0019_0063_0063.jpg 1 7 19 63 63
0833_0022_0024_0064_0064.jpg 1 22 24 64 64
0834_0023_0025_0069_0069.jpg 1 23 25 69 69
0835_0042_0045_0034_0034.jpg 1 42 45 34 34
0836_0057_0029_0024_0024.jpg 1 57 29 24 24
0837_0007_0022_0033_0033.jpg 1 7 22 33 33
0838_0007_0052_0034_0034.jpg 1 7 52 34 34
0839_0029_0014_0067_0067.jpg 1 29 14 67 67
0840_0015_0015_0053_0053.jpg 1 15 15 53 53
0841_0013_0023_0033_0033.jpg 1 13 23 33 33
0842_0051_0018_0038_0038.jpg 1 51 18 38 38
0843_0054_0042_0038_0038.jpg 1 54 42 38 38
0844_0016_0016_0056_0056.jpg 1 16 16 56 56
0845_0034_0023_0037_0037.jpg 1 34 23 37 37
0846_0032_0033_0049_0049.jpg 1 32 33 49 49
0847_0059_0015_0024_0024.jpg 1 59 15 24 24
0848_0023_0026_0051_0051.jpg 1 23 26 51 51
0849_0043_0038_0039_0039.jpg 1 43 38 39 39
0850_0013_0051_0043_0043.jpg 1 13 51 43 43
0851_0035_0026_0030_0030.jpg 1 35 26 30 30
0852_0026_0023_0062_0062.jpg 1 26 23 62 62
0853_0006_0005_0054_0054.jpg 1 6 5 54 54
0854_0050_0022_0039_0039.jpg 1 50 22 39 39
0855_0036_0036_0056_0056.jpg 1 36 36 56 56
0856_0031_0035_0056_0056.jpg 1 31 35 56 56
0857_0024_0036_0024_0024.jpg 1 24 36 24 24
0858_0025_0030_0026_0026.jpg 1 25 30 26 26
0859_0030_0059_0031_0031.jpg 1 30 59 31 31
0860_0037_0032_0055_0055.jpg 1 37 32 55 55
0861_0018_0020_0057_0057.jpg 1 18 20 57 57
0862_0011_0014_0062_0062.jpg 1 11 14 62 62
0863_0048_0036_0035_0035.jpg 1 48 36 35 35
0864_0011_0020_0049_0049.jpg 1 11 20 49 49
0865_0006_0028_0043_0043.jpg 1 6 28 43 43
0866_0043_0047_0036_0036.jpg 1 43 47 36 36
0867_0015_0023_0055_0055.jpg 1 15 23 55 55
0868_0032_0040_0024_0024.jpg 1 32 40 24 24
0869_0044_0035_0035_0035.jpg 1 44 35 35 35
0870_0050_0027_0032_0032.jpg 1 50 27 32 32
0871_0033_0027_0034_0034.jpg 1 33 27 34 34
0872_0028_0038_0051_0051.jpg 1 28 38 51 51
0873_0021_0051_0036_0036.jpg 1 21 51 36 36
0874_0028_0042_0032_0032.jpg 1 28 42 32 32
0875_0024_0024_0054_0054.jpg 1 24 24 54 54
0876_0027_0011_0048_0048.jpg 1 27 11 48 48
0877_0036_0010_0048_0048.jpg 1 36 10 48 48
0878_0032_0017_0049_0049.jpg 1 32 17 49 49
0879_0027_0014_0051_0051.jpg 1 27 14 51 51
0880_0008_0030_0043_0043.jpg 1 8 30 43 43
0881_0046_0045_0025_0025.jpg 1 46 45 25 25
0882_0029_0035_0041_0041.jpg 1 29 35 41 41
0883_0056_0047_0033_0033.jpg 1 56 47 33 33
0884_0035_0043_0042_0042.jpg 1 35 43 42 42
0885_0009_0011_0047_0047.jpg 1 9 11 47 47
0886_0024_0008_0066_0066.jpg 1 24 8 66 66
0887_0005_0028_0052_0052.jpg 1 5 28 52 52
0888_0036_0033_0059_0059.jpg 1 36 33 59 59
0889_0031_0052_0042_0042.jpg 1 31 52 42 42
0890_0005_0012_0065_0065.jpg 1 5 12 65 65
0891_0028_0004_0059_0059.jpg 1 28 4 59 59
0892_0043_0042_0034_0034.jpg 1 43 42 34 34
0893_0007_0012_0058_0058.jpg 1 7 12 58 58
0894_0056_0028_0026_0026.jpg 1 56 28 26 26
0895_0005_0018_0059_0059.jpg 1 5 18 59 59
0896_0051_0052_0039_0039.jpg 1 51 52 39 39
0897_0011_0009_0048_0048.jpg 1 11 9 48 48
0898_0007_0013_0052_0052.jpg 1 7 13 52 52
0899_0008_0041_0037_0037.jpg 1 8 41 37 37
0900_0032_0047_0042_0042.jpg 1 32 47 42 42
0901_0038_0028_0043_0043.jpg 1 38 28 43 43
0902_0005_0008_0068_0068.jpg 1 5 8 68 68
0903_0006_0012_0051_0051.jpg 1 6 12 51 51
0904_0016_0032_0032_0032.jpg 1 16 32 32 32
0905_0032_0009_0037_0037.jpg 1 32 9 37 37
0906_0034_0033_0053_0053.jpg 1 34 33 53 53
0907_0036_0032_0056_0056.jpg 1 36 32 56 56
0908_0005_0016_0069_0069.jpg 1 5 16 69 69
0909_0008_0014_0053_0053.jpg 1 8 14 53 53
0910_0033_0010_0057_0057.jpg 1 33 10 57 57
0911_0048_0033_0026_0026.jpg 1 48 33 26 26
0912_0044_0057_0027_0027.jpg 1 44 57 27 27
0913_0041_0039_0051_0051.jpg 1 41 39 51 51
0914_0043_0031_0052_0052.jpg 1 43 31 52 52
0915_0010_0030_0033_0033.jpg 1 10 30 33 33
0916_0053_0051_0039_0039.jpg 1 53 51 39 39
0917_0008_0029_0055_0055.jpg 1 8 29 55 55
0918_0017_0042_0044_0044.jpg 1 17 42 44 44
0919_0021_0009_0056_0056.jpg 1 21 9 56 56
0920_0027_0040_0033_0033.jpg 1 27 40 33 33
0921_0023_0019_0062_0062.jpg 1 23 19 62 62
0922_0034_0010_0025_0025.jpg 1 34 10 25 25
0923_0020_0011_0041_0041.jpg 1 20 11 41 41
0924_0039_0024_0031_0031.jpg 1 39 24 31 31
0925_0027_0028_0026_0026.jpg 1 27 28 26 26
0926_0056_0021_0034_0034.jpg 1 56 21 34 34
0927_0043_0050_0030_0030.jpg 1 43 50 30 30
0928_0018_0012_0064_0064.jpg 1 18 12 64 64
0929_0040_0031_0031_0031.jpg 1 40 31 31 31
0930_0031_0006_0040_0040.jpg 1 31 6 40 40
0931_0024_0058_0028_0028.jpg 1 24 58 28 28
0932_0022_0038_0050_0050.jpg 1 22 38 50 50
0933_0035_0035_0036_0036.jpg 1 35 35 36 36
0934_0036_0022_0039_0039.jpg 1 36 22 39 39
0935_0004_0029_0066_0066.jpg 1 4 29 66 66
0936_0008_0044_0033_0033.jpg 1 8 44 33 33
0937_0024_0025_0042_0042.jpg 1 24 25 42 42
0938_0013_0033_0059_0059.jpg 1 13 33 59 59
0939_0029_0042_0043_0043.jpg 1 29 42 43 43
0940_0010_0043_0043_0043.jpg 1 10 43 43 43
0941_0010_0041_0050_0050.jpg 1 10 41 50 50
0942_0042_0032_0025_0025.jpg 1 42 32 25 25
0943_0022_0031_0033_0033.jpg 1 22 31 33 33
0944_0043_0006_0040_0040.jpg 1 43 6 40 40
0945_0006_0009_0060_0060.jpg 1 6 9 60 60
0946_0011_0007_0068_0068.jpg 1 11 7 68 68
0947_0050_0047_0028_0028.jpg 1 50 47 28 28
0948_0024_0045_0030_0030.jpg 1 24 45 30 30
0949_0017_0019_0063_0063.jpg 1 17 19 63 63
0950_0010_0030_0065_0065.jpg 1 10 30 65 65
0951_0031_0018_0027_0027.jpg 1 31 18 27 27
0952_0005_0014_0053_0053.jpg 1 5 14 53 53
0953_0036_0045_0030_0030.jpg 1 36 45 30 30
0954_0029_0006_0055_0055.jpg 1 29 6 55 55
0955_0028_0044_0032_0032.jpg 1 28 44 32 32
0956_0009_0043_0051_0051.jpg 1 9 43 51 51
0957_0038_0009_0055_0055.jpg 1 38 9 55 55
0958_0005_0039_0050_0050.jpg 1 5 39 50 50
0959_0042_0016_0052_0052.jpg 1 42 16 52 52
0960_0021_0006_0053_0053.jpg 1 21 6 53 53
0961_0015_0014_0058_0058.jpg 1 15 14 58 58
0962_0044_0041_0046_0046.jpg 1 44 41 46 46
0963_0007_0005_0051_0051.jpg 1 7 5 51 51
0964_0020_0017_0067_0067.jpg 1 20 17 67 67
0965_0039_0007_0049_0049.jpg 1 39 7 49 49
0966_0034_0029_0051_0051.jpg 1 34 29 51 51
0967_0020_0027_0052_0052.jpg 1 20 27 52 52
0968_0017_0019_0053_0053.jpg 1 17 19 53 53
0969_0009_0008_0058_0058.jpg 1 9 8 58 58
0970_0014_0036_0050_0050.jpg 1 14 36 50 50
0971_0016_0027_0055_0055.jpg 1 16 27 55 55
0972_0034_0032_0041_0041.jpg 1 34 32 41 41
0973_0017_0022_0060_0060.jpg 1 17 22 60 60
0974_0049_0010_0027_0027.jpg 1 49 10 27 27
0975_0065_0040_0024_0024.jpg 1 65 40 24 24
0976_0050_0048_0044_0044.jpg 1 50 48 44 44
0977_0022_0007_0033_0033.jpg 1 22 7 33 33
0978_0021_0030_0062_0062.jpg 1 21 30 62 62
0979_0009_0030_0042_0042.jpg 1 9 30 42 42
0980_0028_0027_0065_0065.jpg 1 28 27 65 65
0981_0010_0050_0033_0033.jpg 1 10 50 33 33
0982_0024_0014_0056_0056.jpg 1 24 14 56 56
0983_0060_0025_0029_0029.jpg 1 60 25 29 29
0984_0052_0013_0031_0031.jpg 1 52 13 31 31
0985_0012_0057_0035_0035.jpg 1 12 57 35 35
0986_0016_0021_0055_0055.jpg 1 16 21 55 55
0987_0015_0038_0050_0050.jpg 1 15 38 50 50
0988_0011_0006_0038_0038.jpg 1 11 6 38 38
0989_0027_0018_0054_0054.jpg 1 27 18 54 54
0990_0005_0022_0064_0064.jpg 1 5 22 64 64
0991_0012_0040_0032_0032.jpg 1 12 40 32 32
0992_0060_0026_0025_0025.jpg 1 60 26 25 25
0993_0046_0007_0034_0034.jpg 1 46 7 34 34
0994_0005_0012_0054_0054.jpg 1 5 12 54 54
0995_0026_0020_0037_0037.jpg 1 26 20 37 37
0996_0028_0041_0030_0030.jpg 1 28 41 30 30
0997_0042_0052_0038_0038.jpg 1 42 52 38 38
0998_0054_0012_0032_0032.jpg 1 54 12 32 32
0999_0026_0041_0038_0038.jpg 1 26 41 38 38
1000_0008_0009_0068_0068.jpg 1 8 9 68 68
1001_0031_0006_0065_0065.jpg 1 31 6 65 65
1002_0024_0019_0060_0060.jpg 1 24 19 60 60
1003_0022_0007_0052_0052.jpg 1 22 7 52 52
1004_0027_0003_0067_0067.jpg 1 27 3 67 67
1005_0023_0008_0049_0049.jpg 1 23 8 49 49
1006_0026_0025_0051_0051.jpg 1 26 25 51 51
1007_0007_0029_0061_0061.jpg 1 7 29 61 61
1008_0050_0014_0040_0040.jpg 1 50 14 40 40
1009_0018_0024_0067_0067.jpg 1 18 24 67 67
1010_0041_0011_0053_0053.jpg 1 41 11 53 53
1011_0024_0016_0069_0069.jpg 1 24 16 69 69
1012_0037_0038_0030_0030.jpg 1 37 38 30 30
1013_0014_0009_0064_0064.jpg 1 14 9 64 64
1014_0021_0005_0064_0064.jpg 1 21 5 64 64
1015_0023_0017_0063_0063.jpg 1 23 17 63 63
1016_0018_0035_0049_0049.jpg 1 18 35 49 49
1017_0038_0047_0035_0035.jpg 1 38 47 35 35
1018_0024_0011_0065_0065.jpg 1 24 11 65 65
1019_0028_0023_0062_0062.jpg 1 28 23 62 62
1020_0011_0013_0037_0037.jpg 1 11 13 37 37
1021_0025_0029_0059_0059.jpg 1 25 29 59 59
1022_0022_0049_0039_0039.jpg 1 22 49 39 39
1023_0034_0010_0056_0056.jpg 1 34 10 56 56
1024_0054_0039_0035_0035.jpg 1 54 39 35 35
1025_0047_0026_0037_0037.jpg 1 47 26 37 37
1026_0007_0007_0051_0051.jpg 1 7 7 51 51
1027_0005_0038_0051_0051.jpg 1 5 38 51 51
1028_0008_0020_0049_0049.jpg 1 8 20 49 49
1029_0007_0040_0046_0046.jpg 1 7 40 46 46
1030_0006_0014_0058_0058.jpg 1 6 14 58 58
1031_0017_0023_0063_0063.jpg 1 17 23 63 63
1032_0020_0018_0048_0048.jpg 1 20 18 48 48
1033_0051_0048_0037_0037.jpg 1 51 48 37 37
1034_0047_0019_0039_0039.jpg 1 47 19 39 39
1035_0005_0022_0067_0067.jpg 1 5 22 67 67
1036_0021_0015_0058_0058.jpg 1 21 15 58 58
1037_0035_0016_0043_0043.jpg 1 35 16 43 43
1038_0008_0019_0031_0031.jpg 1 8 19 31 31
1039_0044_0026_0036_0036.jpg 1 44 26 36 36
1040_0027_0028_0053_0053.jpg 1 27 28 53 53
1041_0004_0026_0060_0060.jpg 1 4 26 60 60
1042_0025_0031_0043_0043.jpg 1 25 31 43 43
1043_0038_0043_0046_0046.jpg 1 38 43 46 46
1044_0038_0049_0044_0044.jpg 1 38 49 44 44
1045_0021_0035_0040_0040.jpg 1 21 35 40 40
1046_0005_0008_0061_0061.jpg 1 5 8 61 61
1047_0004_0018_0057_0057.jpg 1 4 18 57 57
1048_0051_0012_0027_0027.jpg 1 51 12 27 27
1049_0024_0036_0026_0026.jpg 1 24 36 26 26
1050_0011_0028_0065_0065.jpg 1 11 28 65 65
1051_0024_0034_0035_0035.jpg 1 24 34 35 35
1052_0038_0029_0040_0040.jpg 1 38 29 40 40
1053_0039_0016_0054_0054.jpg 1 39 16 54 54
1054_0050_0012_0042_0042.jpg 1 50 12 42 42
1055_0010_0035_0060_0060.jpg 1 10 35 60 60
1056_0006_0029_0041_0041.jpg 1 6 29 41 41
1057_0024_0046_0044_0044.jpg 1 24 46 44 44
1058_0020_0013_0058_0058.jpg 1 20 13 58 58
1059_0057_0057_0028_0028.jpg 1 57 57 28 28
1060_0007_0018_0028_0028.jpg 1 7 18 28 28
1061_0035_0041_0028_0028.jpg 1 35 41 28 28
1062_0049_0041_0043_0043.jpg 1 49 41 43 43
1063_0007_0037_0037_0037.jpg 1 7 37 37 37
1064_0036_0007_0032_0032.jpg 1 36 7 32 32
1065_0009_0006_0046_0046.jpg 1 9 6 46 46
1066_0028_0025_0042_0042.jpg 1 28 25 42 42
1067_0062_0063_0025_0025.jpg 1 62 63 25 25
1068_0031_0057_0025_0025.jpg 1 31 57 25 25
1069_0027_0018_0029_0029.jpg 1 27 18 29 29
1070_0007_0048_0045_0045.jpg 1 7 48 45 45
1071_0012_0013_0036_0036.jpg 1 12 13 36 36
1072_0026_0053_0038_0038.jpg 1 26 53 38 38
1073_0008_0039_0045_0045.jpg 1 8 39 45 45
1074_0024_0012_0041_0041.jpg 1 24 12 41 41
1075_0021_0024_0049_0049.jpg 1 21 24 49 49
1076_0010_0027_0062_0062.jpg 1 10 27 62 62
1077_0032_0006_0060_0060.jpg 1 32 6 60 60
1078_0035_0016_0046_0046.jpg 1 35 16 46 46
1079_0044_0045_0041_0041.jpg 1 44 45 41 41
1080_0014_0008_0049_0049.jpg 1 14 8 49 49
1081_0015_0022_0040_0040.jpg 1 15 22 40 40
1082_0040_0013_0047_0047.jpg 1 40 13 47 47
1083_0037_0015_0033_0033.jpg 1 37 15 33 33
1084_0007_0016_0050_0050.jpg 1 7 16 50 50
1085_0065_0036_0025_0025.jpg 1 65 36 25 25
1086_0042_0017_0045_0045.jpg 1 42 17 45 45
1087_0026_0042_0044_0044.jpg 1 26 42 44 44
1088_0017_0036_0028_0028.jpg 1 17 36 28 28
1089_0026_0019_0069_0069.jpg 1 26 19 69 69
1090_0013_0006_0055_0055.jpg 1 13 6 55 55
1091_0044_0064_0028_0028.jpg 1 44 64 28 28
1092_0009_0029_0062_0062.jpg 1 9 29 62 62
1093_0044_0008_0050_0050.jpg 1 44 8 50 50
1094_0017_0048_0032_0032.jpg 1 17 48 32 32
1095_0034_0018_0056_0056.jpg 1 34 18 56 56
1096_0017_0017_0034_0034.jpg 1 17 17 34 34
1097_0032_0015_0050_0050.jpg 1 32 15 50 50
1098_0050_0007_0041_0041.jpg 1 50 7 41 41
1099_0036_0027_0038_0038.jpg 1 36 27 38 38
1100_0063_0034_0026_0026.jpg 1 63 34 26 26
