0001_0031_0038_0053_0053.jpg 1 31 38 53 53
0002_0026_0029_0042_0042.jpg 1 26 29 42 42
0003_0016_0008_0027_0027.jpg 1 16 8 27 27
0004_0006_0041_0038_0038.jpg 1 6 41 38 38
0005_0062_0058_0026_0026.jpg 1 62 58 26 26
0006_0015_0017_0032_0032.jpg 1 15 17 32 32
0007_0018_0031_0024_0024.jpg 1 18 31 24 24
0008_0007_0050_0036_0036.jpg 1 7 50 36 36
0009_0027_0012_0026_0026.jpg 1 27 12 26 26
0010_0015_0014_0064_0064.jpg 1 15 14 64 64
0011_0015_0009_0066_0066.jpg 1 15 9 66 66
0012_0033_0005_0058_0058.jpg 1 33 5 58 58
0013_0061_0020_0025_0025.jpg 1 61 20 25 25
0014_0047_0032_0031_0031.jpg 1 47 32 31 31
0015_0029_0028_0064_0064.jpg 1 29 28 64 64
0016_0036_0043_0027_0027.jpg 1 36 43 27 27
0017_0019_0022_0040_0040.jpg 1 19 22 40 40
0018_0018_0017_0066_0066.jpg 1 18 17 66 66
0019_0006_0025_0052_0052.jpg 1 6 25 52 52
0020_0037_0030_0047_0047.jpg 1 37 30 47 47
0021_0051_0032_0042_0042.jpg 1 51 32 42 42
0022_0024_0058_0027_0027.jpg 1 24 58 27 27
0023_0009_0024_0031_0031.jpg 1 9 24 31 31
0024_0025_0038_0044_0044.jpg 1 25 38 44 44
0025_0044_0052_0030_0030.jpg 1 44 52 30 30
0026_0027_0025_0064_0064.jpg 1 27 25 64 64
0027_0027_0020_0053_0053.jpg 1 27 20 53 53
0028_0029_0008_0051_0051.jpg 1 29 8 51 51
0029_0024_0005_0067_0067.jpg 1 24 5 67 67
0030_0018_0040_0043_0043.jpg 1 18 40 43 43
0031_0041_0033_0043_0043.jpg 1 41 33 43 43
0032_0031_0024_0051_0051.jpg 1 31 24 51 51
0033_0010_0008_0051_0051.jpg 1 10 8 51 51
0034_0029_0024_0036_0036.jpg 1 29 24 36 36
0035_0006_0035_0058_0058.jpg 1 6 35 58 58
0036_0023_0046_0024_0024.jpg 1 23 46 24 24
0037_0043_0033_0024_0024.jpg 1 43 33 24 24
0038_0043_0010_0043_0043.jpg 1 43 10 43 43
0039_0058_0031_0028_0028.jpg 1 58 31 28 28
0040_0035_0021_0032_0032.jpg 1 35 21 32 32
0041_0026_0023_0053_0053.jpg 1 26 23 53 53
0042_0033_0005_0057_0057.jpg 1 33 5 57 57
0043_0014_0011_0069_0069.jpg 1 14 11 69 69
0044_0027_0024_0058_0058.jpg 1 27 24 58 58
0045_0022_0016_0069_0069.jpg 1 22 16 69 69
0046_0037_0016_0037_0037.jpg 1 37 16 37 37
0047_0010_0028_0043_0043.jpg 1 10 28 43 43
0048_0019_0025_0039_0039.jpg 1 19 25 39 39
0049_0019_0021_0066_0066.jpg 1 19 21 66 66
0050_0023_0023_0050_0050.jpg 1 23 23 50 50
0051_0032_0011_0056_0056.jpg 1 32 11 56 56
0052_0029_0008_0028_0028.jpg 1 29 8 28 28
0053_0022_0011_0030_0030.jpg 1 22 11 30 30
0054_0009_0031_0036_0036.jpg 1 9 31 36 36
0055_0008_0051_0027_0027.jpg 1 8 51 27 27
0056_0049_0041_0039_0039.jpg 1 49 41 39 39
0057_0044_0030_0028_0028.jpg 1 44 30 28 28
0058_0022_0010_0060_0060.jpg 1 22 10 60 60
0059_0021_0039_0032_0032.jpg 1 21 39 32 32
0060_0012_0024_0062_0062.jpg 1 12 24 62 62
0061_0024_0026_0060_0060.jpg 1 24 26 60 60
0062_0049_0044_0034_0034.jpg 1 49 44 34 34
0063_0063_0040_0028_0028.jpg 1 63 40 28 28
0064_0066_0033_0025_0025.jpg 1 66 33 25 25
0065_0027_0033_0058_0058.jpg 1 27 33 58 58
0066_0049_0039_0032_0032.jpg 1 49 39 32 32
0067_0026_0031_0052_0052.jpg 1 26 31 52 52
0068_0016_0020_0041_0041.jpg 1 16 20 41 41
0069_0027_0007_0067_0067.jpg 1 27 7 67 67
0070_0038_0040_0054_0054.jpg 1 38 40 54 54
0071_0039_0023_0027_0027.jpg 1 39 23 27 27
0072_0016_0038_0053_0053.jpg 1 16 38 53 53
0073_0053_0010_0034_0034.jpg 1 53 10 34 34
0074_0005_0037_0056_0056.jpg 1 5 37 56 56
0075_0044_0020_0028_0028.jpg 1 44 20 28 28
0076_0022_0026_0036_0036.jpg 1 22 26 36 36
0077_0007_0031_0051_0051.jpg 1 7 31 51 51
0078_0021_0036_0038_0038.jpg 1 21 36 38 38
0079_0052_0047_0041_0041.jpg 1 52 47 41 41
0080_0055_0044_0036_0036.jpg 1 55 44 36 36
0081_0025_0024_0047_0047.jpg 1 25 24 47 47
0082_0004_0008_0066_0066.jpg 1 4 8 66 66
0083_0010_0019_0068_0068.jpg 1 10 19 68 68
0084_0039_0020_0052_0052.jpg 1 39 20 52 52
0085_0044_0028_0047_0047.jpg 1 44 28 47 47
0086_0018_0018_0026_0026.jpg 1 18 18 26 26
0087_0004_0012_0064_0064.jpg 1 4 12 64 64
0088_0022_0028_0058_0058.jpg 1 22 28 58 58
0089_0028_0004_0053_0053.jpg 1 28 4 53 53
0090_0033_0014_0026_0026.jpg 1 33 14 26 26
0091_0011_0030_0045_0045.jpg 1 11 30 45 45
0092_0039_0018_0035_0035.jpg 1 39 18 35 35
0093_0032_0006_0042_0042.jpg 1 32 6 42 42
0094_0027_0039_0038_0038.jpg 1 27 39 38 38
0095_0045_0033_0041_0041.jpg 1 45 33 41 41
0096_0028_0035_0047_0047.jpg 1 28 35 47 47
0097_0031_0042_0050_0050.jpg 1 31 42 50 50
0098_0031_0025_0053_0053.jpg 1 31 25 53 53
0099_0042_0013_0033_0033.jpg 1 42 13 33 33
0100_0032_0012_0055_0055.jpg 1 32 12 55 55
0101_0024_0006_0068_0068.jpg 1 24 6 68 68
0102_0018_0037_0058_0058.jpg 1 18 37 58 58
0103_0026_0027_0053_0053.jpg 1 26 27 53 53
0104_0018_0008_0060_0060.jpg 1 18 8 60 60
0105_0015_0037_0058_0058.jpg 1 15 37 58 58
0106_0007_0024_0063_0063.jpg 1 7 24 63 63
0107_0005_0046_0045_0045.jpg 1 5 46 45 45
0108_0022_0017_0050_0050.jpg 1 22 17 50 50
0109_0016_0011_0036_0036.jpg 1 16 11 36 36
0110_0011_0020_0065_0065.jpg 1 11 20 65 65
0111_0026_0050_0036_0036.jpg 1 26 50 36 36
0112_0028_0048_0024_0024.jpg 1 28 48 24 24
0113_0004_0025_0058_0058.jpg 1 4 25 58 58
0114_0017_0019_0069_0069.jpg 1 17 19 69 69
0115_0006_0018_0061_0061.jpg 1 6 18 61 61
0116_0017_0015_0029_0029.jpg 1 17 15 29 29
0117_0048_0020_0034_0034.jpg 1 48 20 34 34
0118_0028_0006_0061_0061.jpg 1 28 6 61 61
0119_0029_0033_0060_0060.jpg 1 29 33 60 60
0120_0016_0029_0054_0054.jpg 1 16 29 54 54
0121_0013_0019_0059_0059.jpg 1 13 19 59 59
0122_0040_0026_0043_0043.jpg 1 40 26 43 43
0123_0044_0007_0035_0035.jpg 1 44 7 35 35
0124_0028_0046_0038_0038.jpg 1 28 46 38 38
0125_0047_0031_0041_0041.jpg 1 47 31 41 41
0126_0012_0011_0057_0057.jpg 1 12 11 57 57
0127_0024_0022_0058_0058.jpg 1 24 22 58 58
0128_0030_0005_0066_0066.jpg 1 30 5 66 66
0129_0018_0008_0048_0048.jpg 1 18 8 48 48
0130_0018_0025_0046_0046.jpg 1 18 25 46 46
0131_0025_0007_0060_0060.jpg 1 25 7 60 60
0132_0024_0023_0061_0061.jpg 1 24 23 61 61
0133_0011_0026_0065_0065.jpg 1 11 26 65 65
0134_0029_0020_0050_0050.jpg 1 29 20 50 50
0135_0018_0016_0066_0066.jpg 1 18 16 66 66
0136_0010_0033_0055_0055.jpg 1 10 33 55 55
0137_0027_0042_0049_0049.jpg 1 27 42 49 49
0138_0058_0055_0031_0031.jpg 1 58 55 31 31
0139_0027_0011_0061_0061.jpg 1 27 11 61 61
0140_0019_0051_0042_0042.jpg 1 19 51 42 42
0141_0019_0014_0054_0054.jpg 1 19 14 54 54
0142_0024_0046_0029_0029.jpg 1 24 46 29 29
0143_0043_0017_0036_0036.jpg 1 43 17 36 36
0144_0015_0024_0052_0052.jpg 1 15 24 52 52
0145_0034_0033_0058_0058.jpg 1 34 33 58 58
0146_0007_0043_0044_0044.jpg 1 7 43 44 44
0147_0032_0004_0062_0062.jpg 1 32 4 62 62
0148_0027_0031_0037_0037.jpg 1 27 31 37 37
0149_0029_0017_0043_0043.jpg 1 29 17 43 43
0150_0038_0021_0052_0052.jpg 1 38 21 52 52
0151_0027_0065_0026_0026.jpg 1 27 65 26 26
0152_0020_0020_0039_0039.jpg 1 20 20 39 39
0153_0027_0019_0041_0041.jpg 1 27 19 41 41
0154_0029_0023_0063_0063.jpg 1 29 23 63 63
0155_0039_0039_0050_0050.jpg 1 39 39 50 50
0156_0007_0008_0067_0067.jpg 1 7 8 67 67
0157_0045_0034_0045_0045.jpg 1 45 34 45 45
0158_0018_0017_0055_0055.jpg 1 18 17 55 55
0159_0024_0019_0067_0067.jpg 1 24 19 67 67
0160_0013_0004_0066_0066.jpg 1 13 4 66 66
0161_0049_0062_0030_0030.jpg 1 49 62 30 30
0162_0011_0014_0048_0048.jpg 1 11 14 48 48
0163_0033_0006_0049_0049.jpg 1 33 6 49 49
0164_0018_0015_0045_0045.jpg 1 18 15 45 45
0165_0028_0027_0062_0062.jpg 1 28 27 62 62
0166_0051_0031_0029_0029.jpg 1 51 31 29 29
0167_0056_0026_0033_0033.jpg 1 56 26 33 33
0168_0038_0013_0054_0054.jpg 1 38 13 54 54
0169_0025_0042_0039_0039.jpg 1 25 42 39 39
0170_0019_0023_0061_0061.jpg 1 19 23 61 61
0171_0011_0020_0069_0069.jpg 1 11 20 69 69
0172_0026_0010_0067_0067.jpg 1 26 10 67 67
0173_0042_0042_0043_0043.jpg 1 42 42 43 43
0174_0038_0024_0056_0056.jpg 1 38 24 56 56
0175_0008_0036_0056_0056.jpg 1 8 36 56 56
0176_0017_0009_0068_0068.jpg 1 17 9 68 68
0177_0009_0050_0042_0042.jpg 1 9 50 42 42
0178_0058_0036_0024_0024.jpg 1 58 36 24 24
0179_0040_0010_0042_0042.jpg 1 40 10 42 42
0180_0037_0027_0055_0055.jpg 1 37 27 55 55
0181_0011_0032_0055_0055.jpg 1 11 32 55 55
0182_0026_0057_0034_0034.jpg 1 26 57 34 34
0183_0027_0017_0068_0068.jpg 1 27 17 68 68
0184_0022_0022_0059_0059.jpg 1 22 22 59 59
0185_0014_0026_0062_0062.jpg 1 14 26 62 62
0186_0019_0044_0030_0030.jpg 1 19 44 30 30
0187_0019_0019_0047_0047.jpg 1 19 19 47 47
0188_0047_0007_0047_0047.jpg 1 47 7 47 47
0189_0023_0016_0060_0060.jpg 1 23 16 60 60
0190_0007_0040_0028_0028.jpg 1 7 40 28 28
0191_0021_0007_0042_0042.jpg 1 21 7 42 42
0192_0025_0010_0045_0045.jpg 1 25 10 45 45
0193_0012_0021_0062_0062.jpg 1 12 21 62 62
0194_0004_0027_0067_0067.jpg 1 4 27 67 67
0195_0041_0038_0039_0039.jpg 1 41 38 39 39
0196_0026_0023_0046_0046.jpg 1 26 23 46 46
0197_0031_0019_0036_0036.jpg 1 31 19 36 36
0198_0031_0010_0024_0024.jpg 1 31 10 24 24
0199_0027_0024_0030_0030.jpg 1 27 24 30 30
0200_0012_0023_0052_0052.jpg 1 12 23 52 52
0201_0009_0025_0056_0056.jpg 1 9 25 56 56
0202_0042_0014_0050_0050.jpg 1 42 14 50 50
0203_0034_0035_0058_0058.jpg 1 34 35 58 58
0204_0021_0008_0061_0061.jpg 1 21 8 61 61
0205_0004_0016_0053_0053.jpg 1 4 16 53 53
0206_0006_0010_0051_0051.jpg 1 6 10 51 51
0207_0013_0020_0066_0066.jpg 1 13 20 66 66
0208_0021_0018_0068_0068.jpg 1 21 18 68 68
0209_0029_0009_0052_0052.jpg 1 29 9 52 52
0210_0019_0024_0027_0027.jpg 1 19 24 27 27
0211_0042_0041_0043_0043.jpg 1 42 41 43 43
0212_0024_0042_0024_0024.jpg 1 24 42 24 24
0213_0007_0024_0067_0067.jpg 1 7 24 67 67
0214_0030_0052_0024_0024.jpg 1 30 52 24 24
0215_0034_0016_0043_0043.jpg 1 34 16 43 43
0216_0004_0006_0056_0056.jpg 1 4 6 56 56
0217_0032_0040_0043_0043.jpg 1 32 40 43 43
0218_0008_0021_0064_0064.jpg 1 8 21 64 64
0219_0034_0005_0054_0054.jpg 1 34 5 54 54
0220_0023_0052_0031_0031.jpg 1 23 52 31 31
0221_0011_0036_0055_0055.jpg 1 11 36 55 55
0222_0021_0034_0052_0052.jpg 1 21 34 52 52
0223_0024_0008_0068_0068.jpg 1 24 8 68 68
0224_0055_0062_0025_0025.jpg 1 55 62 25 25
0225_0017_0010_0064_0064.jpg 1 17 10 64 64
0226_0026_0026_0060_0060.jpg 1 26 26 60 60
0227_0025_0023_0052_0052.jpg 1 25 23 52 52
0228_0034_0015_0051_0051.jpg 1 34 15 51 51
0229_0021_0004_0060_0060.jpg 1 21 4 60 60
0230_0019_0025_0050_0050.jpg 1 19 25 50 50
0231_0023_0041_0053_0053.jpg 1 23 41 53 53
0232_0003_0023_0069_0069.jpg 1 3 23 69 69
0233_0055_0063_0025_0025.jpg 1 55 63 25 25
0234_0052_0045_0025_0025.jpg 1 52 45 25 25
0235_0024_0021_0066_0066.jpg 1 24 21 66 66
0236_0013_0018_0067_0067.jpg 1 13 18 67 67
0237_0028_0048_0044_0044.jpg 1 28 48 44 44
0238_0035_0030_0050_0050.jpg 1 35 30 50 50
0239_0039_0057_0030_0030.jpg 1 39 57 30 30
0240_0004_0030_0065_0065.jpg 1 4 30 65 65
0241_0011_0042_0048_0048.jpg 1 11 42 48 48
0242_0007_0017_0059_0059.jpg 1 7 17 59 59
0243_0020_0034_0026_0026.jpg 1 20 34 26 26
0244_0010_0006_0044_0044.jpg 1 10 6 44 44
0245_0034_0007_0027_0027.jpg 1 34 7 27 27
0246_0059_0025_0029_0029.jpg 1 59 25 29 29
0247_0012_0022_0034_0034.jpg 1 12 22 34 34
0248_0005_0030_0051_0051.jpg 1 5 30 51 51
0249_0019_0009_0049_0049.jpg 1 19 9 49 49
0250_0013_0042_0041_0041.jpg 1 13 42 41 41
0251_0045_0027_0046_0046.jpg 1 45 27 46 46
0252_0021_0004_0058_0058.jpg 1 21 4 58 58
0253_0041_0016_0051_0051.jpg 1 41 16 51 51
0254_0006_0040_0051_0051.jpg 1 6 40 51 51
0255_0005_0029_0059_0059.jpg 1 5 29 59 59
0256_0048_0012_0041_0041.jpg 1 48 12 41 41
0257_0027_0037_0056_0056.jpg 1 27 37 56 56
0258_0040_0051_0040_0040.jpg 1 40 51 40 40
0259_0064_0022_0025_0025.jpg 1 64 22 25 25
0260_0019_0020_0031_0031.jpg 1 19 20 31 31
0261_0044_0045_0031_0031.jpg 1 44 45 31 31
0262_0031_0011_0051_0051.jpg 1 31 11 51 51
0263_0035_0037_0041_0041.jpg 1 35 37 41 41
0264_0007_0011_0042_0042.jpg 1 7 11 42 42
0265_0018_0044_0034_0034.jpg 1 18 44 34 34
0266_0020_0038_0042_0042.jpg 1 20 38 42 42
0267_0026_0031_0062_0062.jpg 1 26 31 62 62
0268_0038_0033_0031_0031.jpg 1 38 33 31 31
0269_0015_0033_0053_0053.jpg 1 15 33 53 53
0270_0004_0028_0057_0057.jpg 1 4 28 57 57
0271_0027_0035_0035_0035.jpg 1 27 35 35 35
0272_0047_0034_0036_0036.jpg 1 47 34 36 36
0273_0020_0036_0048_0048.jpg 1 20 36 48 48
0274_0049_0042_0030_0030.jpg 1 49 42 30 30
0275_0039_0039_0048_0048.jpg 1 39 39 48 48
0276_0029_0033_0047_0047.jpg 1 29 33 47 47
0277_0017_0055_0027_0027.jpg 1 17 55 27 27
0278_0029_0023_0053_0053.jpg 1 29 23 53 53
0279_0008_0036_0031_0031.jpg 1 8 36 31 31
0280_0032_0031_0058_0058.jpg 1 32 31 58 58
0281_0021_0013_0060_0060.jpg 1 21 13 60 60
0282_0017_0006_0066_0066.jpg 1 17 6 66 66
0283_0013_0021_0062_0062.jpg 1 13 21 62 62
0284_0033_0023_0058_0058.jpg 1 33 23 58 58
0285_0010_0024_0066_0066.jpg 1 10 24 66 66
0286_0005_0027_0054_0054.jpg 1 5 27 54 54
0287_0039_0031_0055_0055.jpg 1 39 31 55 55
0288_0039_0033_0053_0053.jpg 1 39 33 53 53
0289_0017_0054_0027_0027.jpg 1 17 54 27 27
0290_0010_0015_0068_0068.jpg 1 10 15 68 68
0291_0010_0025_0030_0030.jpg 1 10 25 30 30
0292_0039_0031_0047_0047.jpg 1 39 31 47 47
0293_0006_0014_0067_0067.jpg 1 6 14 67 67
0294_0008_0021_0060_0060.jpg 1 8 21 60 60
0295_0008_0054_0031_0031.jpg 1 8 54 31 31
0296_0030_0011_0041_0041.jpg 1 30 11 41 41
0297_0011_0013_0061_0061.jpg 1 11 13 61 61
0298_0005_0033_0055_0055.jpg 1 5 33 55 55
0299_0043_0008_0040_0040.jpg 1 43 8 40 40
0300_0004_0025_0058_0058.jpg 1 4 25 58 58
0301_0020_0003_0069_0069.jpg 1 20 3 69 69
0302_0013_0017_0069_0069.jpg 1 13 17 69 69
0303_0022_0012_0028_0028.jpg 1 22 12 28 28
0304_0036_0013_0030_0030.jpg 1 36 13 30 30
0305_0038_0038_0035_0035.jpg 1 38 38 35 35
0306_0033_0032_0058_0058.jpg 1 33 32 58 58
0307_0014_0051_0035_0035.jpg 1 14 51 35 35
0308_0025_0033_0035_0035.jpg 1 25 33 35 35
0309_0025_0007_0044_0044.jpg 1 25 7 44 44
0310_0041_0013_0049_0049.jpg 1 41 13 49 49
0311_0059_0061_0029_0029.jpg 1 59 61 29 29
0312_0033_0014_0058_0058.jpg 1 33 14 58 58
0313_0016_0035_0048_0048.jpg 1 16 35 48 48
0314_0005_0025_0054_0054.jpg 1 5 25 54 54
0315_0019_0014_0067_0067.jpg 1 19 14 67 67
0316_0038_0033_0057_0057.jpg 1 38 33 57 57
0317_0013_0020_0050_0050.jpg 1 13 20 50 50
0318_0011_0027_0068_0068.jpg 1 11 27 68 68
0319_0004_0031_0062_0062.jpg 1 4 31 62 62
0320_0032_0009_0044_0044.jpg 1 32 9 44 44
0321_0018_0030_0061_0061.jpg 1 18 30 61 61
0322_0015_0021_0044_0044.jpg 1 15 21 44 44
0323_0016_0019_0066_0066.jpg 1 16 19 66 66
0324_0013_0041_0031_0031.jpg 1 13 41 31 31
0325_0027_0051_0042_0042.jpg 1 27 51 42 42
0326_0027_0040_0052_0052.jpg 1 27 40 52 52
0327_0010_0040_0050_0050.jpg 1 10 40 50 50
0328_0035_0040_0037_0037.jpg 1 35 40 37 37
0329_0018_0068_0024_0024.jpg 1 18 68 24 24
0330_0016_0031_0050_0050.jpg 1 16 31 50 50
0331_0027_0015_0065_0065.jpg 1 27 15 65 65
0332_0015_0021_0033_0033.jpg 1 15 21 33 33
0333_0019_0040_0046_0046.jpg 1 19 40 46 46
0334_0037_0024_0043_0043.jpg 1 37 24 43 43
0335_0045_0037_0032_0032.jpg 1 45 37 32 32
0336_0031_0013_0031_0031.jpg 1 31 13 31 31
0337_0020_0013_0053_0053.jpg 1 20 13 53 53
0338_0012_0010_0049_0049.jpg 1 12 10 49 49
0339_0013_0026_0067_0067.jpg 1 13 26 67 67
0340_0026_0038_0049_0049.jpg 1 26 38 49 49
0341_0041_0025_0026_0026.jpg 1 41 25 26 26
0342_0051_0011_0024_0024.jpg 1 51 11 24 24
0343_0007_0039_0049_0049.jpg 1 7 39 49 49
0344_0009_0028_0032_0032.jpg 1 9 28 32 32
0345_0008_0029_0063_0063.jpg 1 8 29 63 63
0346_0056_0029_0037_0037.jpg 1 56 29 37 37
0347_0011_0029_0060_0060.jpg 1 11 29 60 60
0348_0022_0014_0050_0050.jpg 1 22 14 50 50
0349_0041_0008_0042_0042.jpg 1 41 8 42 42
0350_0037_0019_0035_0035.jpg 1 37 19 35 35
0351_0014_0011_0035_0035.jpg 1 14 11 35 35
0352_0036_0047_0027_0027.jpg 1 36 47 27 27
0353_0007_0006_0069_0069.jpg 1 7 6 69 69
0354_0043_0039_0048_0048.jpg 1 43 39 48 48
0355_0032_0045_0038_0038.jpg 1 32 45 38 38
0356_0022_0047_0045_0045.jpg 1 22 47 45 45
0357_0052_0050_0033_0033.jpg 1 52 50 33 33
0358_0018_0042_0024_0024.jpg 1 18 42 24 24
0359_0037_0015_0054_0054.jpg 1 37 15 54 54
0360_0011_0034_0034_0034.jpg 1 11 34 34 34
0361_0010_0033_0056_0056.jpg 1 10 33 56 56
0362_0011_0019_0061_0061.jpg 1 11 19 61 61
0363_0006_0022_0059_0059.jpg 1 6 22 59 59
0364_0007_0031_0048_0048.jpg 1 7 31 48 48
0365_0036_0038_0043_0043.jpg 1 36 38 43 43
0366_0025_0037_0029_0029.jpg 1 25 37 29 29
0367_0014_0032_0045_0045.jpg 1 14 32 45 45
0368_0016_0022_0048_0048.jpg 1 16 22 48 48
0369_0063_0008_0025_0025.jpg 1 63 8 25 25
0370_0011_0025_0058_0058.jpg 1 11 25 58 58
0371_0017_0032_0047_0047.jpg 1 17 32 47 47
0372_0030_0016_0046_0046.jpg 1 30 16 46 46
0373_0005_0039_0046_0046.jpg 1 5 39 46 46
0374_0036_0027_0027_0027.jpg 1 36 27 27 27
0375_0035_0035_0052_0052.jpg 1 35 35 52 52
0376_0020_0024_0062_0062.jpg 1 20 24 62 62
0377_0019_0055_0027_0027.jpg 1 19 55 27 27
0378_0041_0031_0032_0032.jpg 1 41 31 32 32
0379_0014_0027_0069_0069.jpg 1 14 27 69 69
0380_0028_0036_0026_0026.jpg 1 28 36 26 26
0381_0041_0050_0033_0033.jpg 1 41 50 33 33
0382_0026_0028_0033_0033.jpg 1 26 28 33 33
0383_0012_0042_0035_0035.jpg 1 12 42 35 35
0384_0024_0013_0068_0068.jpg 1 24 13 68 68
0385_0037_0050_0037_0037.jpg 1 37 50 37 37
0386_0028_0008_0065_0065.jpg 1 28 8 65 65
0387_0027_0014_0041_0041.jpg 1 27 14 41 41
0388_0013_0033_0057_0057.jpg 1 13 33 57 57
0389_0009_0046_0042_0042.jpg 1 9 46 42 42
0390_0014_0006_0040_0040.jpg 1 14 6 40 40
0391_0008_0027_0069_0069.jpg 1 8 27 69 69
0392_0044_0061_0026_0026.jpg 1 44 61 26 26
0393_0046_0051_0024_0024.jpg 1 46 51 24 24
0394_0040_0011_0029_0029.jpg 1 40 11 29 29
0395_0020_0026_0059_0059.jpg 1 20 26 59 59
0396_0015_0012_0054_0054.jpg 1 15 12 54 54
0397_0013_0033_0025_0025.jpg 1 13 33 25 25
0398_0014_0024_0063_0063.jpg 1 14 24 63 63
0399_0008_0017_0066_0066.jpg 1 8 17 66 66
0400_0009_0055_0032_0032.jpg 1 9 55 32 32
0401_0016_0017_0042_0042.jpg 1 16 17 42 42
0402_0036_0041_0047_0047.jpg 1 36 41 47 47
0403_0028_0014_0068_0068.jpg 1 28 14 68 68
0404_0012_0031_0054_0054.jpg 1 12 31 54 54
0405_0026_0048_0036_0036.jpg 1 26 48 36 36
0406_0008_0024_0065_0065.jpg 1 8 24 65 65
0407_0009_0053_0037_0037.jpg 1 9 53 37 37
0408_0046_0050_0031_0031.jpg 1 46 50 31 31
0409_0060_0025_0027_0027.jpg 1 60 25 27 27
0410_0023_0016_0030_0030.jpg 1 23 16 30 30
0411_0042_0030_0047_0047.jpg 1 42 30 47 47
0412_0029_0011_0060_0060.jpg 1 29 11 60 60
0413_0053_0060_0031_0031.jpg 1 53 60 31 31
0414_0017_0011_0054_0054.jpg 1 17 11 54 54
0415_0020_0024_0066_0066.jpg 1 20 24 66 66
0416_0027_0025_0053_0053.jpg 1 27 25 53 53
0417_0028_0015_0036_0036.jpg 1 28 15 36 36
0418_0031_0014_0030_0030.jpg 1 31 14 30 30
0419_0050_0018_0030_0030.jpg 1 50 18 30 30
0420_0019_0013_0057_0057.jpg 1 19 13 57 57
0421_0010_0023_0056_0056.jpg 1 10 23 56 56
0422_0022_0031_0059_0059.jpg 1 22 31 59 59
0423_0039_0015_0055_0055.jpg 1 39 15 55 55
0424_0023_0029_0056_0056.jpg 1 23 29 56 56
0425_0052_0036_0040_0040.jpg 1 52 36 40 40
0426_0051_0010_0037_0037.jpg 1 51 10 37 37
0427_0009_0021_0039_0039.jpg 1 9 21 39 39
0428_0021_0006_0060_0060.jpg 1 21 6 60 60
0429_0033_0048_0037_0037.jpg 1 33 48 37 37
0430_0017_0025_0045_0045.jpg 1 17 25 45 45
0431_0012_0033_0029_0029.jpg 1 12 33 29 29
0432_0010_0021_0036_0036.jpg 1 10 21 36 36
0433_0051_0036_0040_0040.jpg 1 51 36 40 40
0434_0004_0032_0062_0062.jpg 1 4 32 62 62
0435_0023_0025_0067_0067.jpg 1 23 25 67 67
0436_0041_0028_0038_0038.jpg 1 41 28 38 38
0437_0060_0021_0030_0030.jpg 1 60 21 30 30
0438_0027_0033_0037_0037.jpg 1 27 33 37 37
0439_0015_0025_0041_0041.jpg 1 15 25 41 41
0440_0031_0035_0060_0060.jpg 1 31 35 60 60
0441_0053_0039_0038_0038.jpg 1 53 39 38 38
0442_0020_0012_0055_0055.jpg 1 20 12 55 55
0443_0027_0042_0041_0041.jpg 1 27 42 41 41
0444_0013_0008_0049_0049.jpg 1 13 8 49 49
0445_0035_0035_0037_0037.jpg 1 35 35 37 37
0446_0030_0020_0064_0064.jpg 1 30 20 64 64
0447_0042_0008_0050_0050.jpg 1 42 8 50 50
0448_0015_0011_0055_0055.jpg 1 15 11 55 55
0449_0017_0035_0028_0028.jpg 1 17 35 28 28
0450_0020_0012_0026_0026.jpg 1 20 12 26 26
0451_0032_0026_0039_0039.jpg 1 32 26 39 39
0452_0049_0016_0025_0025.jpg 1 49 16 25 25
0453_0014_0038_0048_0048.jpg 1 14 38 48 48
0454_0031_0009_0026_0026.jpg 1 31 9 26 26
0455_0015_0044_0032_0032.jpg 1 15 44 32 32
0456_0019_0008_0052_0052.jpg 1 19 8 52 52
0457_0011_0004_0061_0061.jpg 1 11 4 61 61
0458_0015_0006_0053_0053.jpg 1 15 6 53 53
0459_0013_0023_0067_0067.jpg 1 13 23 67 67
0460_0012_0022_0067_0067.jpg 1 12 22 67 67
0461_0009_0027_0034_0034.jpg 1 9 27 34 34
0462_0038_0029_0048_0048.jpg 1 38 29 48 48
0463_0049_0048_0038_0038.jpg 1 49 48 38 38
0464_0021_0050_0032_0032.jpg 1 21 50 32 32
0465_0026_0014_0069_0069.jpg 1 26 14 69 69
0466_0060_0028_0025_0025.jpg 1 60 28 25 25
0467_0010_0039_0046_0046.jpg 1 10 39 46 46
0468_0017_0014_0040_0040.jpg 1 17 14 40 40
0469_0056_0029_0035_0035.jpg 1 56 29 35 35
0470_0046_0021_0042_0042.jpg 1 46 21 42 42
0471_0030_0056_0029_0029.jpg 1 30 56 29 29
0472_0013_0024_0038_0038.jpg 1 13 24 38 38
0473_0053_0049_0033_0033.jpg 1 53 49 33 33
0474_0045_0007_0034_0034.jpg 1 45 7 34 34
0475_0028_0010_0067_0067.jpg 1 28 10 67 67
0476_0049_0047_0039_0039.jpg 1 49 47 39 39
0477_0031_0035_0035_0035.jpg 1 31 35 35 35
0478_0005_0010_0066_0066.jpg 1 5 10 66 66
0479_0020_0050_0036_0036.jpg 1 20 50 36 36
0480_0017_0024_0041_0041.jpg 1 17 24 41 41
0481_0016_0024_0056_0056.jpg 1 16 24 56 56
0482_0015_0032_0053_0053.jpg 1 15 32 53 53
0483_0049_0023_0029_0029.jpg 1 49 23 29 29
0484_0009_0031_0065_0065.jpg 1 9 31 65 65
0485_0041_0009_0038_0038.jpg 1 41 9 38 38
0486_0018_0030_0054_0054.jpg 1 18 30 54 54
0487_0011_0023_0029_0029.jpg 1 11 23 29 29
0488_0034_0017_0031_0031.jpg 1 34 17 31 31
0489_0015_0010_0030_0030.jpg 1 15 10 30 30
0490_0033_0052_0032_0032.jpg 1 33 52 32 32
0491_0045_0023_0030_0030.jpg 1 45 23 30 30
0492_0020_0020_0038_0038.jpg 1 20 20 38 38
0493_0008_0011_0061_0061.jpg 1 8 11 61 61
0494_0036_0024_0047_0047.jpg 1 36 24 47 47
0495_0019_0012_0067_0067.jpg 1 19 12 67 67
0496_0030_0008_0050_0050.jpg 1 30 8 50 50
0497_0044_0018_0043_0043.jpg 1 44 18 43 43
0498_0035_0011_0035_0035.jpg 1 35 11 35 35
0499_0015_0043_0040_0040.jpg 1 15 43 40 40
0500_0030_0012_0061_0061.jpg 1 30 12 61 61
0501_0059_0054_0033_0033.jpg 1 59 54 33 33
0502_0018_0014_0053_0053.jpg 1 18 14 53 53
0503_0025_0018_0068_0068.jpg 1 25 18 68 68
0504_0027_0012_0065_0065.jpg 1 27 12 65 65
0505_0054_0040_0032_0032.jpg 1 54 40 32 32
0506_0035_0059_0027_0027.jpg 1 35 59 27 27
0507_0018_0018_0046_0046.jpg 1 18 18 46 46
0508_0046_0032_0039_0039.jpg 1 46 32 39 39
0509_0008_0018_0042_0042.jpg 1 8 18 42 42
0510_0021_0005_0058_0058.jpg 1 21 5 58 58
0511_0056_0048_0031_0031.jpg 1 56 48 31 31
0512_0029_0013_0038_0038.jpg 1 29 13 38 38
0513_0020_0026_0045_0045.jpg 1 20 26 45 45
0514_0027_0034_0055_0055.jpg 1 27 34 55 55
0515_0018_0017_0067_0067.jpg 1 18 17 67 67
0516_0060_0055_0031_0031.jpg 1 60 55 31 31
0517_0038_0029_0052_0052.jpg 1 38 29 52 52
0518_0013_0018_0025_0025.jpg 1 13 18 25 25
0519_0024_0019_0051_0051.jpg 1 24 19 51 51
0520_0013_0040_0052_0052.jpg 1 13 40 52 52
0521_0016_0023_0036_0036.jpg 1 16 23 36 36
0522_0005_0019_0065_0065.jpg 1 5 19 65 65
0523_0029_0041_0051_0051.jpg 1 29 41 51 51
0524_0017_0023_0060_0060.jpg 1 17 23 60 60
0525_0018_0014_0058_0058.jpg 1 18 14 58 58
0526_0041_0025_0051_0051.jpg 1 41 25 51 51
0527_0025_0037_0052_0052.jpg 1 25 37 52 52
0528_0008_0025_0050_0050.jpg 1 8 25 50 50
0529_0032_0013_0060_0060.jpg 1 32 13 60 60
0530_0009_0007_0067_0067.jpg 1 9 7 67 67
0531_0040_0007_0053_0053.jpg 1 40 7 53 53
0532_0051_0017_0043_0043.jpg 1 51 17 43 43
0533_0020_0027_0063_0063.jpg 1 20 27 63 63
0534_0021_0033_0056_0056.jpg 1 21 33 56 56
0535_0042_0035_0047_0047.jpg 1 42 35 47 47
0536_0052_0055_0038_0038.jpg 1 52 55 38 38
0537_0009_0006_0034_0034.jpg 1 9 6 34 34
0538_0056_0019_0033_0033.jpg 1 56 19 33 33
0539_0042_0021_0029_0029.jpg 1 42 21 29 29
0540_0055_0044_0029_0029.jpg 1 55 44 29 29
0541_0048_0031_0028_0028.jpg 1 48 31 28 28
0542_0025_0036_0039_0039.jpg 1 25 36 39 39
0543_0042_0013_0041_0041.jpg 1 42 13 41 41
0544_0039_0034_0054_0054.jpg 1 39 34 54 54
0545_0021_0025_0033_0033.jpg 1 21 25 33 33
0546_0025_0013_0034_0034.jpg 1 25 13 34 34
0547_0029_0030_0052_0052.jpg 1 29 30 52 52
0548_0033_0025_0061_0061.jpg 1 33 25 61 61
0549_0027_0025_0061_0061.jpg 1 27 25 61 61
0550_0027_0018_0044_0044.jpg 1 27 18 44 44
0551_0017_0034_0037_0037.jpg 1 17 34 37 37
0552_0042_0022_0037_0037.jpg 1 42 22 37 37
0553_0045_0015_0044_0044.jpg 1 45 15 44 44
0554_0007_0031_0051_0051.jpg 1 7 31 51 51
0555_0018_0020_0054_0054.jpg 1 18 20 54 54
0556_0030_0012_0059_0059.jpg 1 30 12 59 59
0557_0013_0007_0063_0063.jpg 1 13 7 63 63
0558_0023_0022_0051_0051.jpg 1 23 22 51 51
0559_0034_0020_0059_0059.jpg 1 34 20 59 59
0560_0036_0012_0034_0034.jpg 1 36 12 34 34
0561_0020_0043_0045_0045.jpg 1 20 43 45 45
0562_0014_0041_0034_0034.jpg 1 14 41 34 34
0563_0009_0046_0036_0036.jpg 1 9 46 36 36
0564_0013_0039_0031_0031.jpg 1 13 39 31 31
0565_0015_0006_0062_0062.jpg 1 15 6 62 62
0566_0006_0018_0066_0066.jpg 1 6 18 66 66
0567_0046_0014_0039_0039.jpg 1 46 14 39 39
0568_0008_0026_0040_0040.jpg 1 8 26 40 40
0569_0021_0009_0062_0062.jpg 1 21 9 62 62
0570_0028_0037_0058_0058.jpg 1 28 37 58 58
0571_0019_0046_0042_0042.jpg 1 19 46 42 42
0572_0014_0015_0034_0034.jpg 1 14 15 34 34
0573_0043_0041_0028_0028.jpg 1 43 41 28 28
0574_0008_0006_0069_0069.jpg 1 8 6 69 69
0575_0026_0005_0068_0068.jpg 1 26 5 68 68
0576_0024_0048_0028_0028.jpg 1 24 48 28 28
0577_0052_0041_0026_0026.jpg 1 52 41 26 26
0578_0014_0014_0069_0069.jpg 1 14 14 69 69
0579_0051_0029_0036_0036.jpg 1 51 29 36 36
0580_0013_0029_0057_0057.jpg 1 13 29 57 57
0581_0037_0043_0044_0044.jpg 1 37 43 44 44
0582_0031_0031_0047_0047.jpg 1 31 31 47 47
0583_0048_0045_0042_0042.jpg 1 48 45 42 42
0584_0018_0019_0042_0042.jpg 1 18 19 42 42
0585_0011_0029_0035_0035.jpg 1 11 29 35 35
0586_0027_0043_0039_0039.jpg 1 27 43 39 39
0587_0012_0005_0061_0061.jpg 1 12 5 61 61
0588_0006_0032_0057_0057.jpg 1 6 32 57 57
0589_0016_0018_0050_0050.jpg 1 16 18 50 50
0590_0017_0022_0067_0067.jpg 1 17 22 67 67
0591_0014_0055_0031_0031.jpg 1 14 55 31 31
0592_0024_0047_0040_0040.jpg 1 24 47 40 40
0593_0012_0054_0025_0025.jpg 1 12 54 25 25
0594_0013_0043_0048_0048.jpg 1 13 43 48 48
0595_0036_0036_0052_0052.jpg 1 36 36 52 52
0596_0046_0037_0046_0046.jpg 1 46 37 46 46
0597_0029_0054_0024_0024.jpg 1 29 54 24 24
0598_0005_0041_0050_0050.jpg 1 5 41 50 50
0599_0039_0055_0036_0036.jpg 1 39 55 36 36
0600_0045_0026_0026_0026.jpg 1 45 26 26 26
0601_0018_0045_0027_0027.jpg 1 18 45 27 27
0602_0014_0012_0041_0041.jpg 1 14 12 41 41
0603_0015_0018_0064_0064.jpg 1 15 18 64 64
0604_0024_0055_0025_0025.jpg 1 24 55 25 25
0605_0012_0006_0062_0062.jpg 1 12 6 62 62
0606_0011_0064_0024_0024.jpg 1 11 64 24 24
0607_0014_0033_0062_0062.jpg 1 14 33 62 62
0608_0050_0010_0044_0044.jpg 1 50 10 44 44
0609_0009_0027_0066_0066.jpg 1 9 27 66 66
0610_0055_0049_0037_0037.jpg 1 55 49 37 37
0611_0011_0019_0055_0055.jpg 1 11 19 55 55
0612_0042_0039_0041_0041.jpg 1 42 39 41 41
0613_0020_0018_0054_0054.jpg 1 20 18 54 54
0614_0022_0025_0040_0040.jpg 1 22 25 40 40
0615_0023_0019_0040_0040.jpg 1 23 19 40 40
0616_0044_0028_0033_0033.jpg 1 44 28 33 33
0617_0007_0034_0050_0050.jpg 1 7 34 50 50
0618_0049_0011_0035_0035.jpg 1 49 11 35 35
0619_0007_0014_0066_0066.jpg 1 7 14 66 66
0620_0015_0017_0065_0065.jpg 1 15 17 65 65
0621_0016_0031_0029_0029.jpg 1 16 31 29 29
0622_0035_0035_0055_0055.jpg 1 35 35 55 55
0623_0024_0008_0051_0051.jpg 1 24 8 51 51
0624_0015_0005_0066_0066.jpg 1 15 5 66 66
0625_0004_0017_0058_0058.jpg 1 4 17 58 58
0626_0005_0012_0062_0062.jpg 1 5 12 62 62
0627_0027_0029_0031_0031.jpg 1 27 29 31 31
0628_0007_0028_0045_0045.jpg 1 7 28 45 45
0629_0025_0048_0043_0043.jpg 1 25 48 43 43
0630_0038_0025_0027_0027.jpg 1 38 25 27 27
0631_0032_0025_0054_0054.jpg 1 32 25 54 54
0632_0007_0014_0063_0063.jpg 1 7 14 63 63
0633_0015_0020_0058_0058.jpg 1 15 20 58 58
0634_0019_0037_0048_0048.jpg 1 19 37 48 48
0635_0018_0037_0055_0055.jpg 1 18 37 55 55
0636_0027_0063_0029_0029.jpg 1 27 63 29 29
0637_0019_0006_0064_0064.jpg 1 19 6 64 64
0638_0054_0013_0027_0027.jpg 1 54 13 27 27
0639_0039_0042_0047_0047.jpg 1 39 42 47 47
0640_0021_0029_0053_0053.jpg 1 21 29 53 53
0641_0008_0025_0061_0061.jpg 1 8 25 61 61
0642_0011_0010_0061_0061.jpg 1 11 10 61 61
0643_0017_0026_0065_0065.jpg 1 17 26 65 65
0644_0005_0009_0044_0044.jpg 1 5 9 44 44
0645_0019_0004_0060_0060.jpg 1 19 4 60 60
0646_0011_0060_0031_0031.jpg 1 11 60 31 31
0647_0041_0014_0053_0053.jpg 1 41 14 53 53
0648_0020_0041_0046_0046.jpg 1 20 41 46 46
0649_0025_0010_0043_0043.jpg 1 25 10 43 43
0650_0035_0010_0027_0027.jpg 1 35 10 27 27
0651_0025_0030_0059_0059.jpg 1 25 30 59 59
0652_0017_0025_0065_0065.jpg 1 17 25 65 65
0653_0019_0013_0044_0044.jpg 1 19 13 44 44
0654_0015_0024_0035_0035.jpg 1 15 24 35 35
0655_0015_0020_0062_0062.jpg 1 15 20 62 62
0656_0025_0012_0061_0061.jpg 1 25 12 61 61
0657_0019_0019_0065_0065.jpg 1 19 19 65 65
0658_0039_0019_0028_0028.jpg 1 39 19 28 28
0659_0038_0022_0055_0055.jpg 1 38 22 55 55
0660_0034_0030_0061_0061.jpg 1 34 30 61 61
0661_0009_0022_0025_0025.jpg 1 9 22 25 25
0662_0009_0062_0024_0024.jpg 1 9 62 24 24
0663_0028_0054_0033_0033.jpg 1 28 54 33 33
0664_0024_0048_0027_0027.jpg 1 24 48 27 27
0665_0043_0032_0042_0042.jpg 1 43 32 42 42
0666_0050_0014_0036_0036.jpg 1 50 14 36 36
0667_0020_0022_0056_0056.jpg 1 20 22 56 56
0668_0036_0040_0030_0030.jpg 1 36 40 30 30
0669_0021_0028_0048_0048.jpg 1 21 28 48 48
0670_0029_0005_0053_0053.jpg 1 29 5 53 53
0671_0019_0004_0062_0062.jpg 1 19 4 62 62
0672_0008_0022_0065_0065.jpg 1 8 22 65 65
0673_0031_0037_0045_0045.jpg 1 31 37 45 45
0674_0036_0038_0044_0044.jpg 1 36 38 44 44
0675_0020_0024_0067_0067.jpg 1 20 24 67 67
0676_0046_0056_0026_0026.jpg 1 46 56 26 26
0677_0026_0026_0033_0033.jpg 1 26 26 33 33
0678_0031_0012_0063_0063.jpg 1 31 12 63 63
0679_0026_0016_0068_0068.jpg 1 26 16 68 68
0680_0006_0019_0048_0048.jpg 1 6 19 48 48
0681_0016_0020_0068_0068.jpg 1 16 20 68 68
0682_0009_0024_0036_0036.jpg 1 9 24 36 36
0683_0008_0018_0043_0043.jpg 1 8 18 43 43
0684_0026_0021_0044_0044.jpg 1 26 21 44 44
0685_0031_0049_0035_0035.jpg 1 31 49 35 35
0686_0014_0024_0040_0040.jpg 1 14 24 40 40
0687_0010_0014_0064_0064.jpg 1 10 14 64 64
0688_0038_0023_0038_0038.jpg 1 38 23 38 38
0689_0023_0025_0033_0033.jpg 1 23 25 33 33
0690_0026_0012_0039_0039.jpg 1 26 12 39 39
0691_0016_0019_0044_0044.jpg 1 16 19 44 44
0692_0017_0014_0042_0042.jpg 1 17 14 42 42
0693_0051_0017_0033_0033.jpg 1 51 17 33 33
0694_0036_0051_0039_0039.jpg 1 36 51 39 39
0695_0057_0008_0034_0034.jpg 1 57 8 34 34
0696_0021_0017_0067_0067.jpg 1 21 17 67 67
0697_0045_0027_0037_0037.jpg 1 45 27 37 37
0698_0004_0025_0058_0058.jpg 1 4 25 58 58
0699_0011_0028_0059_0059.jpg 1 11 28 59 59
0700_0020_0022_0024_0024.jpg 1 20 22 24 24
0701_0031_0037_0044_0044.jpg 1 31 37 44 44
0702_0032_0043_0043_0043.jpg 1 32 43 43 43
0703_0027_0021_0046_0046.jpg 1 27 21 46 46
0704_0027_0040_0049_0049.jpg 1 27 40 49 49
0705_0026_0009_0063_0063.jpg 1 26 9 63 63
0706_0013_0035_0059_0059.jpg 1 13 35 59 59
0707_0004_0005_0068_0068.jpg 1 4 5 68 68
0708_0043_0025_0025_0025.jpg 1 43 25 25 25
0709_0018_0034_0034_0034.jpg 1 18 34 34 34
0710_0036_0013_0047_0047.jpg 1 36 13 47 47
0711_0009_0041_0047_0047.jpg 1 9 41 47 47
0712_0007_0013_0049_0049.jpg 1 7 13 49 49
0713_0007_0039_0030_0030.jpg 1 7 39 30 30
0714_0011_0048_0043_0043.jpg 1 11 48 43 43
0715_0034_0027_0051_0051.jpg 1 34 27 51 51
0716_0052_0023_0040_0040.jpg 1 52 23 40 40
0717_0044_0039_0047_0047.jpg 1 44 39 47 47
0718_0016_0013_0053_0053.jpg 1 16 13 53 53
0719_0053_0031_0024_0024.jpg 1 53 31 24 24
0720_0034_0040_0029_0029.jpg 1 34 40 29 29
0721_0023_0009_0069_0069.jpg 1 23 9 69 69
0722_0041_0056_0032_0032.jpg 1 41 56 32 32
0723_0037_0053_0024_0024.jpg 1 37 53 24 24
0724_0020_0015_0048_0048.jpg 1 20 15 48 48
0725_0012_0011_0054_0054.jpg 1 12 11 54 54
0726_0010_0024_0034_0034.jpg 1 10 24 34 34
0727_0055_0041_0036_0036.jpg 1 55 41 36 36
0728_0047_0011_0034_0034.jpg 1 47 11 34 34
0729_0009_0042_0052_0052.jpg 1 9 42 52 52
0730_0027_0029_0059_0059.jpg 1 27 29 59 59
0731_0029_0061_0031_0031.jpg 1 29 61 31 31
0732_0008_0004_0063_0063.jpg 1 8 4 63 63
0733_0004_0019_0069_0069.jpg 1 4 19 69 69
0734_0010_0013_0032_0032.jpg 1 10 13 32 32
0735_0020_0015_0065_0065.jpg 1 20 15 65 65
0736_0010_0017_0062_0062.jpg 1 10 17 62 62
0737_0007_0004_0064_0064.jpg 1 7 4 64 64
0738_0011_0005_0048_0048.jpg 1 11 5 48 48
0739_0005_0029_0066_0066.jpg 1 5 29 66 66
0740_0049_0033_0044_0044.jpg 1 49 33 44 44
0741_0005_0037_0058_0058.jpg 1 5 37 58 58
0742_0022_0020_0060_0060.jpg 1 22 20 60 60
0743_0029_0026_0065_0065.jpg 1 29 26 65 65
0744_0013_0006_0067_0067.jpg 1 13 6 67 67
0745_0006_0038_0045_0045.jpg 1 6 38 45 45
0746_0022_0018_0069_0069.jpg 1 22 18 69 69
0747_0009_0025_0067_0067.jpg 1 9 25 67 67
0748_0016_0012_0048_0048.jpg 1 16 12 48 48
0749_0004_0005_0067_0067.jpg 1 4 5 67 67
0750_0040_0041_0052_0052.jpg 1 40 41 52 52
0751_0051_0031_0027_0027.jpg 1 51 31 27 27
0752_0010_0041_0034_0034.jpg 1 10 41 34 34
0753_0059_0059_0024_0024.jpg 1 59 59 24 24
0754_0012_0023_0048_0048.jpg 1 12 23 48 48
0755_0025_0006_0058_0058.jpg 1 25 6 58 58
0756_0029_0053_0029_0029.jpg 1 29 53 29 29
0757_0003_0012_0062_0062.jpg 1 3 12 62 62
0758_0007_0011_0068_0068.jpg 1 7 11 68 68
0759_0019_0045_0032_0032.jpg 1 19 45 32 32
0760_0043_0051_0029_0029.jpg 1 43 51 29 29
0761_0005_0010_0067_0067.jpg 1 5 10 67 67
0762_0023_0060_0024_0024.jpg 1 23 60 24 24
0763_0021_0015_0063_0063.jpg 1 21 15 63 63
0764_0013_0009_0068_0068.jpg 1 13 9 68 68
0765_0023_0020_0057_0057.jpg 1 23 20 57 57
0766_0034_0055_0028_0028.jpg 1 34 55 28 28
0767_0032_0021_0057_0057.jpg 1 32 21 57 57
0768_0026_0013_0051_0051.jpg 1 26 13 51 51
0769_0026_0051_0030_0030.jpg 1 26 51 30 30
0770_0012_0036_0046_0046.jpg 1 12 36 46 46
0771_0010_0031_0054_0054.jpg 1 10 31 54 54
0772_0004_0026_0063_0063.jpg 1 4 26 63 63
0773_0054_0022_0037_0037.jpg 1 54 22 37 37
0774_0008_0023_0042_0042.jpg 1 8 23 42 42
0775_0027_0005_0057_0057.jpg 1 27 5 57 57
0776_0014_0047_0040_0040.jpg 1 14 47 40 40
0777_0007_0011_0059_0059.jpg 1 7 11 59 59
0778_0040_0055_0034_0034.jpg 1 40 55 34 34
0779_0044_0025_0048_0048.jpg 1 44 25 48 48
0780_0019_0026_0054_0054.jpg 1 19 26 54 54
0781_0034_0025_0024_0024.jpg 1 34 25 24 24
0782_0060_0044_0027_0027.jpg 1 60 44 27 27
0783_0029_0033_0049_0049.jpg 1 29 33 49 49
0784_0014_0010_0048_0048.jpg 1 14 10 48 48
0785_0020_0025_0058_0058.jpg 1 20 25 58 58
0786_0043_0045_0043_0043.jpg 1 43 45 43 43
0787_0017_0007_0065_0065.jpg 1 17 7 65 65
0788_0006_0021_0069_0069.jpg 1 6 21 69 69
0789_0019_0011_0053_0053.jpg 1 19 11 53 53
0790_0015_0027_0039_0039.jpg 1 15 27 39 39
0791_0025_0024_0067_0067.jpg 1 25 24 67 67
0792_0025_0009_0044_0044.jpg 1 25 9 44 44
0793_0022_0010_0064_0064.jpg 1 22 10 64 64
0794_0006_0006_0056_0056.jpg 1 6 6 56 56
0795_0050_0007_0029_0029.jpg 1 50 7 29 29
0796_0024_0024_0065_0065.jpg 1 24 24 65 65
0797_0013_0031_0041_0041.jpg 1 13 31 41 41
0798_0027_0015_0040_0040.jpg 1 27 15 40 40
0799_0017_0033_0048_0048.jpg 1 17 33 48 48
0800_0012_0022_0058_0058.jpg 1 12 22 58 58
0801_0048_0028_0031_0031.jpg 1 48 28 31 31
0802_0010_0020_0045_0045.jpg 1 10 20 45 45
0803_0017_0010_0053_0053.jpg 1 17 10 53 53
0804_0028_0052_0034_0034.jpg 1 28 52 34 34
0805_0031_0033_0058_0058.jpg 1 31 33 58 58
0806_0026_0041_0053_0053.jpg 1 26 41 53 53
0807_0026_0015_0061_0061.jpg 1 26 15 61 61
0808_0023_0007_0057_0057.jpg 1 23 7 57 57
0809_0040_0039_0052_0052.jpg 1 40 39 52 52
0810_0028_0031_0034_0034.jpg 1 28 31 34 34
0811_0010_0064_0026_0026.jpg 1 10 64 26 26
0812_0042_0047_0045_0045.jpg 1 42 47 45 45
0813_0007_0006_0035_0035.jpg 1 7 6 35 35
0814_0026_0025_0068_0068.jpg 1 26 25 68 68
0815_0016_0044_0029_0029.jpg 1 16 44 29 29
0816_0022_0051_0025_0025.jpg 1 22 51 25 25
0817_0049_0049_0033_0033.jpg 1 49 49 33 33
0818_0030_0033_0050_0050.jpg 1 30 33 50 50
0819_0039_0019_0054_0054.jpg 1 39 19 54 54
0820_0026_0026_0029_0029.jpg 1 26 26 29 29
0821_0020_0035_0059_0059.jpg 1 20 35 59 59
0822_0040_0041_0048_0048.jpg 1 40 41 48 48
0823_0011_0004_0061_0061.jpg 1 11 4 61 61
0824_0029_0035_0035_0035.jpg 1 29 35 35 35
0825_0018_0007_0058_0058.jpg 1 18 7 58 58
0826_0009_0017_0024_0024.jpg 1 9 17 24 24
0827_0023_0051_0040_0040.jpg 1 23 51 40 40
0828_0039_0030_0050_0050.jpg 1 39 30 50 50
0829_0009_0017_0066_0066.jpg 1 9 17 66 66
0830_0019_0014_0024_0024.jpg 1 19 14 24 24
0831_0046_0028_0046_0046.jpg 1 46 28 46 46
0832_0032_0052_0028_0028.jpg 1 32 52 28 28
0833_0036_0021_0043_0043.jpg 1 36 21 43 43
0834_0022_0011_0050_0050.jpg 1 22 11 50 50
0835_0022_0013_0036_0036.jpg 1 22 13 36 36
0836_0024_0015_0056_0056.jpg 1 24 15 56 56
0837_0012_0034_0025_0025.jpg 1 12 34 25 25
0838_0047_0032_0044_0044.jpg 1 47 32 44 44
0839_0024_0028_0055_0055.jpg 1 24 28 55 55
0840_0017_0019_0054_0054.jpg 1 17 19 54 54
0841_0015_0019_0056_0056.jpg 1 15 19 56 56
0842_0034_0037_0026_0026.jpg 1 34 37 26 26
0843_0024_0028_0066_0066.jpg 1 24 28 66 66
0844_0024_0016_0061_0061.jpg 1 24 16 61 61
0845_0058_0034_0032_0032.jpg 1 58 34 32 32
0846_0041_0039_0028_0028.jpg 1 41 39 28 28
0847_0033_0036_0045_0045.jpg 1 33 36 45 45
0848_0029_0021_0029_0029.jpg 1 29 21 29 29
0849_0052_0017_0033_0033.jpg 1 52 17 33 33
0850_0008_0053_0040_0040.jpg 1 8 53 40 40
0851_0057_0028_0025_0025.jpg 1 57 28 25 25
0852_0006_0026_0068_0068.jpg 1 6 26 68 68
0853_0048_0031_0044_0044.jpg 1 48 31 44 44
0854_0040_0055_0030_0030.jpg 1 40 55 30 30
0855_0010_0015_0032_0032.jpg 1 10 15 32 32
0856_0012_0015_0060_0060.jpg 1 12 15 60 60
0857_0009_0006_0064_0064.jpg 1 9 6 64 64
0858_0016_0039_0042_0042.jpg 1 16 39 42 42
0859_0031_0009_0033_0033.jpg 1 31 9 33 33
0860_0015_0030_0041_0041.jpg 1 15 30 41 41
0861_0019_0050_0032_0032.jpg 1 19 50 32 32
0862_0029_0019_0044_0044.jpg 1 29 19 44 44
0863_0029_0034_0052_0052.jpg 1 29 34 52 52
0864_0009_0015_0069_0069.jpg 1 9 15 69 69
0865_0027_0014_0051_0051.jpg 1 27 14 51 51
0866_0037_0026_0037_0037.jpg 1 37 26 37 37
0867_0026_0028_0064_0064.jpg 1 26 28 64 64
0868_0010_0024_0057_0057.jpg 1 10 24 57 57
0869_0037_0033_0047_0047.jpg 1 37 33 47 47
0870_0023_0040_0042_0042.jpg 1 23 40 42 42
0871_0023_0033_0052_0052.jpg 1 23 33 52 52
0872_0015_0014_0033_0033.jpg 1 15 14 33 33
0873_0041_0026_0037_0037.jpg 1 41 26 37 37
0874_0032_0028_0064_0064.jpg 1 32 28 64 64
0875_0024_0027_0046_0046.jpg 1 24 27 46 46
0876_0030_0046_0045_0045.jpg 1 30 46 45 45
0877_0013_0013_0058_0058.jpg 1 13 13 58 58
0878_0037_0048_0037_0037.jpg 1 37 48 37 37
0879_0010_0021_0059_0059.jpg 1 10 21 59 59
0880_0049_0038_0043_0043.jpg 1 49 38 43 43
0881_0020_0063_0024_0024.jpg 1 20 63 24 24
0882_0008_0053_0036_0036.jpg 1 8 53 36 36
0883_0039_0027_0029_0029.jpg 1 39 27 29 29
0884_0015_0019_0063_0063.jpg 1 15 19 63 63
0885_0008_0015_0036_0036.jpg 1 8 15 36 36
0886_0036_0054_0037_0037.jpg 1 36 54 37 37
0887_0007_0005_0067_0067.jpg 1 7 5 67 67
0888_0063_0026_0027_0027.jpg 1 63 26 27 27
0889_0021_0050_0042_0042.jpg 1 21 50 42 42
0890_0016_0035_0034_0034.jpg 1 16 35 34 34
0891_0020_0026_0040_0040.jpg 1 20 26 40 40
0892_0022_0010_0053_0053.jpg 1 22 10 53 53
0893_0040_0020_0047_0047.jpg 1 40 20 47 47
0894_0039_0010_0051_0051.jpg 1 39 10 51 51
0895_0015_0003_0067_0067.jpg 1 15 3 67 67
0896_0044_0011_0031_0031.jpg 1 44 11 31 31
0897_0017_0033_0033_0033.jpg 1 17 33 33 33
0898_0032_0025_0050_0050.jpg 1 32 25 50 50
0899_0035_0027_0032_0032.jpg 1 35 27 32 32
0900_0006_0050_0037_0037.jpg 1 6 50 37 37
0901_0006_0038_0056_0056.jpg 1 6 38 56 56
0902_0043_0036_0041_0041.jpg 1 43 36 41 41
0903_0027_0020_0066_0066.jpg 1 27 20 66 66
0904_0026_0032_0047_0047.jpg 1 26 32 47 47
0905_0048_0035_0031_0031.jpg 1 48 35 31 31
0906_0010_0016_0068_0068.jpg 1 10 16 68 68
0907_0021_0017_0062_0062.jpg 1 21 17 62 62
0908_0012_0009_0049_0049.jpg 1 12 9 49 49
0909_0013_0038_0049_0049.jpg 1 13 38 49 49
0910_0045_0047_0038_0038.jpg 1 45 47 38 38
0911_0014_0048_0042_0042.jpg 1 14 48 42 42
0912_0025_0026_0069_0069.jpg 1 25 26 69 69
0913_0025_0005_0055_0055.jpg 1 25 5 55 55
0914_0008_0012_0058_0058.jpg 1 8 12 58 58
0915_0031_0031_0048_0048.jpg 1 31 31 48 48
0916_0018_0017_0069_0069.jpg 1 18 17 69 69
0917_0016_0034_0046_0046.jpg 1 16 34 46 46
0918_0018_0030_0036_0036.jpg 1 18 30 36 36
0919_0005_0013_0064_0064.jpg 1 5 13 64 64
0920_0041_0046_0045_0045.jpg 1 41 46 45 45
0921_0037_0025_0052_0052.jpg 1 37 25 52 52
0922_0007_0022_0052_0052.jpg 1 7 22 52 52
0923_0031_0025_0062_0062.jpg 1 31 25 62 62
0924_0012_0029_0059_0059.jpg 1 12 29 59 59
0925_0044_0024_0031_0031.jpg 1 44 24 31 31
0926_0047_0027_0031_0031.jpg 1 47 27 31 31
0927_0059_0041_0024_0024.jpg 1 59 41 24 24
0928_0021_0011_0066_0066.jpg 1 21 11 66 66
0929_0025_0012_0067_0067.jpg 1 25 12 67 67
0930_0005_0019_0067_0067.jpg 1 5 19 67 67
0931_0036_0028_0029_0029.jpg 1 36 28 29 29
0932_0008_0007_0043_0043.jpg 1 8 7 43 43
0933_0032_0011_0048_0048.jpg 1 32 11 48 48
0934_0027_0046_0026_0026.jpg 1 27 46 26 26
0935_0021_0016_0065_0065.jpg 1 21 16 65 65
0936_0012_0038_0052_0052.jpg 1 12 38 52 52
0937_0011_0008_0025_0025.jpg 1 11 8 25 25
0938_0028_0033_0034_0034.jpg 1 28 33 34 34
0939_0057_0027_0031_0031.jpg 1 57 27 31 31
0940_0025_0018_0065_0065.jpg 1 25 18 65 65
0941_0037_0034_0048_0048.jpg 1 37 34 48 48
0942_0045_0038_0048_0048.jpg 1 45 38 48 48
0943_0039_0034_0055_0055.jpg 1 39 34 55 55
0944_0019_0026_0051_0051.jpg 1 19 26 51 51
0945_0032_0031_0057_0057.jpg 1 32 31 57 57
0946_0025_0029_0060_0060.jpg 1 25 29 60 60
0947_0028_0016_0038_0038.jpg 1 28 16 38 38
0948_0016_0031_0064_0064.jpg 1 16 31 64 64
0949_0015_0006_0049_0049.jpg 1 15 6 49 49
0950_0014_0020_0035_0035.jpg 1 14 20 35 35
0951_0039_0022_0054_0054.jpg 1 39 22 54 54
0952_0033_0026_0053_0053.jpg 1 33 26 53 53
0953_0034_0028_0053_0053.jpg 1 34 28 53 53
0954_0027_0029_0059_0059.jpg 1 27 29 59 59
0955_0044_0022_0037_0037.jpg 1 44 22 37 37
0956_0023_0041_0029_0029.jpg 1 23 41 29 29
0957_0047_0026_0036_0036.jpg 1 47 26 36 36
0958_0061_0022_0026_0026.jpg 1 61 22 26 26
0959_0004_0013_0065_0065.jpg 1 4 13 65 65
0960_0040_0049_0041_0041.jpg 1 40 49 41 41
0961_0055_0011_0033_0033.jpg 1 55 11 33 33
0962_0056_0057_0026_0026.jpg 1 56 57 26 26
0963_0024_0038_0027_0027.jpg 1 24 38 27 27
0964_0033_0027_0047_0047.jpg 1 33 27 47 47
0965_0009_0031_0036_0036.jpg 1 9 31 36 36
0966_0016_0041_0051_0051.jpg 1 16 41 51 51
0967_0022_0023_0069_0069.jpg 1 22 23 69 69
0968_0008_0014_0062_0062.jpg 1 8 14 62 62
0969_0033_0024_0024_0024.jpg 1 33 24 24 24
0970_0024_0022_0040_0040.jpg 1 24 22 40 40
0971_0008_0019_0057_0057.jpg 1 8 19 57 57
0972_0049_0043_0040_0040.jpg 1 49 43 40 40
0973_0026_0011_0064_0064.jpg 1 26 11 64 64
0974_0008_0027_0057_0057.jpg 1 8 27 57 57
0975_0042_0020_0046_0046.jpg 1 42 20 46 46
0976_0044_0049_0027_0027.jpg 1 44 49 27 27
0977_0045_0007_0044_0044.jpg 1 45 7 44 44
0978_0006_0031_0060_0060.jpg 1 6 31 60 60
0979_0029_0005_0054_0054.jpg 1 29 5 54 54
0980_0007_0022_0032_0032.jpg 1 7 22 32 32
0981_0015_0035_0039_0039.jpg 1 15 35 39 39
0982_0014_0014_0067_0067.jpg 1 14 14 67 67
0983_0025_0005_0065_0065.jpg 1 25 5 65 65
0984_0011_0044_0046_0046.jpg 1 11 44 46 46
0985_0027_0049_0039_0039.jpg 1 27 49 39 39
0986_0006_0007_0063_0063.jpg 1 6 7 63 63
0987_0032_0016_0058_0058.jpg 1 32 16 58 58
0988_0030_0018_0028_0028.jpg 1 30 18 28 28
0989_0040_0010_0045_0045.jpg 1 40 10 45 45
0990_0050_0013_0041_0041.jpg 1 50 13 41 41
0991_0033_0015_0054_0054.jpg 1 33 15 54 54
0992_0008_0026_0058_0058.jpg 1 8 26 58 58
0993_0046_0053_0032_0032.jpg 1 46 53 32 32
0994_0004_0018_0061_0061.jpg 1 4 18 61 61
0995_0009_0044_0044_0044.jpg 1 9 44 44 44
0996_0006_0036_0054_0054.jpg 1 6 36 54 54
0997_0063_0018_0025_0025.jpg 1 63 18 25 25
0998_0008_0006_0052_0052.jpg 1 8 6 52 52
0999_0026_0030_0052_0052.jpg 1 26 30 52 52
1000_0035_0032_0059_0059.jpg 1 35 32 59 59
1001_0022_0016_0064_0064.jpg 1 22 16 64 64
1002_0056_0030_0028_0028.jpg 1 56 30 28 28
1003_0011_0049_0026_0026.jpg 1 11 49 26 26
1004_0009_0022_0068_0068.jpg 1 9 22 68 68
1005_0042_0046_0025_0025.jpg 1 42 46 25 25
1006_0062_0043_0030_0030.jpg 1 62 43 30 30
1007_0044_0030_0045_0045.jpg 1 44 30 45 45
1008_0009_0031_0056_0056.jpg 1 9 31 56 56
1009_0029_0036_0053_0053.jpg 1 29 36 53 53
1010_0005_0021_0067_0067.jpg 1 5 21 67 67
1011_0054_0010_0028_0028.jpg 1 54 10 28 28
1012_0027_0016_0025_0025.jpg 1 27 16 25 25
1013_0028_0033_0043_0043.jpg 1 28 33 43 43
1014_0041_0024_0040_0040.jpg 1 41 24 40 40
1015_0046_0012_0040_0040.jpg 1 46 12 40 40
1016_0025_0037_0027_0027.jpg 1 25 37 27 27
1017_0014_0010_0032_0032.jpg 1 14 10 32 32
1018_0031_0014_0064_0064.jpg 1 31 14 64 64
1019_0024_0010_0049_0049.jpg 1 24 10 49 49
1020_0021_0034_0025_0025.jpg 1 21 34 25 25
1021_0012_0022_0024_0024.jpg 1 12 22 24 24
1022_0027_0026_0055_0055.jpg 1 27 26 55 55
1023_0018_0017_0066_0066.jpg 1 18 17 66 66
1024_0019_0015_0029_0029.jpg 1 19 15 29 29
1025_0009_0005_0050_0050.jpg 1 9 5 50 50
1026_0018_0035_0056_0056.jpg 1 18 35 56 56
1027_0010_0007_0057_0057.jpg 1 10 7 57 57
1028_0017_0039_0056_0056.jpg 1 17 39 56 56
1029_0029_0041_0045_0045.jpg 1 29 41 45 45
1030_0020_0014_0055_0055.jpg 1 20 14 55 55
1031_0029_0027_0064_0064.jpg 1 29 27 64 64
1032_0036_0050_0042_0042.jpg 1 36 50 42 42
1033_0052_0032_0037_0037.jpg 1 52 32 37 37
1034_0034_0020_0035_0035.jpg 1 34 20 35 35
1035_0039_0061_0026_0026.jpg 1 39 61 26 26
1036_0051_0033_0033_0033.jpg 1 51 33 33 33
1037_0025_0008_0067_0067.jpg 1 25 8 67 67
1038_0028_0044_0044_0044.jpg 1 28 44 44 44
1039_0037_0008_0054_0054.jpg 1 37 8 54 54
1040_0009_0009_0068_0068.jpg 1 9 9 68 68
1041_0013_0037_0040_0040.jpg 1 13 37 40 40
1042_0019_0031_0040_0040.jpg 1 19 31 40 40
1043_0017_0017_0067_0067.jpg 1 17 17 67 67
1044_0020_0019_0061_0061.jpg 1 20 19 61 61
1045_0026_0032_0044_0044.jpg 1 26 32 44 44
1046_0018_0037_0039_0039.jpg 1 18 37 39 39
1047_0024_0017_0054_0054.jpg 1 24 17 54 54
1048_0040_0029_0051_0051.jpg 1 40 29 51 51
1049_0009_0020_0034_0034.jpg 1 9 20 34 34
1050_0008_0050_0037_0037.jpg 1 8 50 37 37
