0001_0057_0012_0028_0028.jpg 1 57 12 28 28
0002_0031_0049_0037_0037.jpg 1 31 49 37 37
0003_0006_0037_0052_0052.jpg 1 6 37 52 52
0004_0028_0031_0060_0060.jpg 1 28 31 60 60
0005_0007_0005_0069_0069.jpg 1 7 5 69 69
0006_0054_0055_0029_0029.jpg 1 54 55 29 29
0007_0010_0042_0052_0052.jpg 1 10 42 52 52
0008_0025_0014_0045_0045.jpg 1 25 14 45 45
0009_0028_0048_0035_0035.jpg 1 28 48 35 35
0010_0024_0020_0062_0062.jpg 1 24 20 62 62
0011_0021_0024_0069_0069.jpg 1 21 24 69 69
0012_0029_0027_0054_0054.jpg 1 29 27 54 54
0013_0026_0050_0040_0040.jpg 1 26 50 40 40
0014_0032_0031_0040_0040.jpg 1 32 31 40 40
0015_0011_0028_0040_0040.jpg 1 11 28 40 40
0016_0036_0041_0031_0031.jpg 1 36 41 31 31
0017_0024_0025_0040_0040.jpg 1 24 25 40 40
0018_0013_0031_0056_0056.jpg 1 13 31 56 56
0019_0030_0051_0041_0041.jpg 1 30 51 41 41
0020_0039_0028_0037_0037.jpg 1 39 28 37 37
0021_0007_0021_0066_0066.jpg 1 7 21 66 66
0022_0045_0017_0027_0027.jpg 1 45 17 27 27
0023_0027_0055_0031_0031.jpg 1 27 55 31 31
0024_0024_0030_0066_0066.jpg 1 24 30 66 66
0025_0018_0016_0066_0066.jpg 1 18 16 66 66
0026_0019_0010_0054_0054.jpg 1 19 10 54 54
0027_0043_0021_0052_0052.jpg 1 43 21 52 52
0028_0006_0025_0069_0069.jpg 1 6 25 69 69
0029_0005_0030_0062_0062.jpg 1 5 30 62 62
0030_0058_0031_0034_0034.jpg 1 58 31 34 34
0031_0013_0010_0038_0038.jpg 1 13 10 38 38
0032_0029_0046_0031_0031.jpg 1 29 46 31 31
0033_0052_0007_0032_0032.jpg 1 52 7 32 32
0034_0045_0035_0043_0043.jpg 1 45 35 43 43
0035_0016_0028_0026_0026.jpg 1 16 28 26 26
0036_0029_0003_0062_0062.jpg 1 29 3 62 62
0037_0012_0008_0058_0058.jpg 1 12 8 58 58
0038_0026_0021_0066_0066.jpg 1 26 21 66 66
0039_0023_0028_0056_0056.jpg 1 23 28 56 56
0040_0028_0011_0062_0062.jpg 1 28 11 62 62
0041_0039_0040_0055_0055.jpg 1 39 40 55 55
0042_0007_0010_0066_0066.jpg 1 7 10 66 66
0043_0029_0049_0029_0029.jpg 1 29 49 29 29
0044_0020_0025_0067_0067.jpg 1 20 25 67 67
0045_0058_0052_0028_0028.jpg 1 58 52 28 28
0046_0031_0046_0042_0042.jpg 1 31 46 42 42
0047_0013_0008_0060_0060.jpg 1 13 8 60 60
0048_0039_0027_0050_0050.jpg 1 39 27 50 50
0049_0014_0014_0038_0038.jpg 1 14 14 38 38
0050_0036_0014_0054_0054.jpg 1 36 14 54 54
0051_0012_0005_0056_0056.jpg 1 12 5 56 56
0052_0027_0022_0046_0046.jpg 1 27 22 46 46
0053_0055_0018_0031_0031.jpg 1 55 18 31 31
0054_0040_0026_0039_0039.jpg 1 40 26 39 39
0055_0036_0013_0044_0044.jpg 1 36 13 44 44
0056_0016_0041_0053_0053.jpg 1 16 41 53 53
0057_0023_0040_0047_0047.jpg 1 23 40 47 47
0058_0053_0037_0031_0031.jpg 1 53 37 31 31
0059_0041_0023_0048_0048.jpg 1 41 23 48 48
0060_0023_0022_0031_0031.jpg 1 23 22 31 31
0061_0038_0045_0045_0045.jpg 1 38 45 45 45
0062_0013_0038_0032_0032.jpg 1 13 38 32 32
0063_0024_0028_0059_0059.jpg 1 24 28 59 59
0064_0013_0016_0039_0039.jpg 1 13 16 39 39
0065_0048_0038_0029_0029.jpg 1 48 38 29 29
0066_0017_0032_0060_0060.jpg 1 17 32 60 60
0067_0021_0023_0042_0042.jpg 1 21 23 42 42
0068_0030_0015_0050_0050.jpg 1 30 15 50 50
0069_0046_0042_0026_0026.jpg 1 46 42 26 26
0070_0015_0021_0026_0026.jpg 1 15 21 26 26
0071_0022_0031_0052_0052.jpg 1 22 31 52 52
0072_0061_0009_0027_0027.jpg 1 61 9 27 27
0073_0003_0014_0068_0068.jpg 1 3 14 68 68
0074_0028_0005_0064_0064.jpg 1 28 5 64 64
0075_0029_0025_0064_0064.jpg 1 29 25 64 64
0076_0014_0013_0038_0038.jpg 1 14 13 38 38
0077_0022_0033_0038_0038.jpg 1 22 33 38 38
0078_0007_0005_0056_0056.jpg 1 7 5 56 56
0079_0027_0023_0067_0067.jpg 1 27 23 67 67
0080_0015_0055_0032_0032.jpg 1 15 55 32 32
0081_0046_0030_0025_0025.jpg 1 46 30 25 25
0082_0004_0028_0064_0064.jpg 1 4 28 64 64
0083_0008_0010_0029_0029.jpg 1 8 10 29 29
0084_0019_0023_0025_0025.jpg 1 19 23 25 25
0085_0023_0018_0050_0050.jpg 1 23 18 50 50
0086_0022_0005_0065_0065.jpg 1 22 5 65 65
0087_0021_0007_0068_0068.jpg 1 21 7 68 68
0088_0009_0011_0058_0058.jpg 1 9 11 58 58
0089_0030_0028_0044_0044.jpg 1 30 28 44 44
0090_0010_0055_0024_0024.jpg 1 10 55 24 24
0091_0014_0036_0058_0058.jpg 1 14 36 58 58
0092_0011_0020_0068_0068.jpg 1 11 20 68 68
0093_0011_0036_0056_0056.jpg 1 11 36 56 56
0094_0028_0053_0027_0027.jpg 1 28 53 27 27
0095_0019_0034_0061_0061.jpg 1 19 34 61 61
0096_0024_0024_0039_0039.jpg 1 24 24 39 39
0097_0012_0011_0037_0037.jpg 1 12 11 37 37
0098_0055_0054_0029_0029.jpg 1 55 54 29 29
0099_0003_0029_0066_0066.jpg 1 3 29 66 66
0100_0040_0048_0024_0024.jpg 1 40 48 24 24
0101_0013_0027_0042_0042.jpg 1 13 27 42 42
0102_0009_0016_0039_0039.jpg 1 9 16 39 39
0103_0025_0034_0051_0051.jpg 1 25 34 51 51
0104_0030_0012_0026_0026.jpg 1 30 12 26 26
0105_0010_0017_0054_0054.jpg 1 10 17 54 54
0106_0048_0038_0025_0025.jpg 1 48 38 25 25
0107_0054_0043_0029_0029.jpg 1 54 43 29 29
0108_0047_0047_0033_0033.jpg 1 47 47 33 33
0109_0035_0022_0048_0048.jpg 1 35 22 48 48
0110_0013_0058_0025_0025.jpg 1 13 58 25 25
0111_0035_0045_0042_0042.jpg 1 35 45 42 42
0112_0038_0033_0050_0050.jpg 1 38 33 50 50
0113_0009_0031_0063_0063.jpg 1 9 31 63 63
0114_0006_0027_0042_0042.jpg 1 6 27 42 42
0115_0019_0017_0055_0055.jpg 1 19 17 55 55
0116_0031_0015_0026_0026.jpg 1 31 15 26 26
0117_0019_0021_0060_0060.jpg 1 19 21 60 60
0118_0041_0039_0032_0032.jpg 1 41 39 32 32
0119_0023_0004_0063_0063.jpg 1 23 4 63 63
0120_0019_0014_0042_0042.jpg 1 19 14 42 42
0121_0023_0029_0052_0052.jpg 1 23 29 52 52
0122_0039_0018_0043_0043.jpg 1 39 18 43 43
0123_0008_0037_0045_0045.jpg 1 8 37 45 45
0124_0015_0012_0058_0058.jpg 1 15 12 58 58
0125_0039_0033_0029_0029.jpg 1 39 33 29 29
0126_0031_0013_0049_0049.jpg 1 31 13 49 49
0127_0015_0005_0053_0053.jpg 1 15 5 53 53
0128_0008_0043_0026_0026.jpg 1 8 43 26 26
0129_0009_0009_0067_0067.jpg 1 9 9 67 67
0130_0042_0046_0029_0029.jpg 1 42 46 29 29
0131_0009_0037_0053_0053.jpg 1 9 37 53 53
0132_0012_0006_0059_0059.jpg 1 12 6 59 59
0133_0045_0017_0048_0048.jpg 1 45 17 48 48
0134_0014_0021_0051_0051.jpg 1 14 21 51 51
0135_0005_0023_0059_0059.jpg 1 5 23 59 59
0136_0025_0009_0036_0036.jpg 1 25 9 36 36
0137_0010_0041_0052_0052.jpg 1 10 41 52 52
0138_0052_0019_0033_0033.jpg 1 52 19 33 33
0139_0013_0031_0057_0057.jpg 1 13 31 57 57
0140_0014_0007_0038_0038.jpg 1 14 7 38 38
0141_0055_0013_0027_0027.jpg 1 55 13 27 27
0142_0035_0010_0053_0053.jpg 1 35 10 53 53
0143_0039_0005_0043_0043.jpg 1 39 5 43 43
0144_0056_0020_0037_0037.jpg 1 56 20 37 37
0145_0018_0021_0049_0049.jpg 1 18 21 49 49
0146_0047_0051_0034_0034.jpg 1 47 51 34 34
0147_0049_0041_0034_0034.jpg 1 49 41 34 34
0148_0015_0055_0024_0024.jpg 1 15 55 24 24
0149_0003_0023_0066_0066.jpg 1 3 23 66 66
0150_0059_0050_0027_0027.jpg 1 59 50 27 27
0151_0018_0031_0063_0063.jpg 1 18 31 63 63
0152_0005_0013_0050_0050.jpg 1 5 13 50 50
0153_0021_0005_0049_0049.jpg 1 21 5 49 49
0154_0035_0023_0057_0057.jpg 1 35 23 57 57
0155_0040_0034_0050_0050.jpg 1 40 34 50 50
0156_0051_0034_0034_0034.jpg 1 51 34 34 34
0157_0042_0024_0032_0032.jpg 1 42 24 32 32
0158_0049_0022_0037_0037.jpg 1 49 22 37 37
0159_0043_0026_0046_0046.jpg 1 43 26 46 46
0160_0026_0029_0058_0058.jpg 1 26 29 58 58
0161_0034_0050_0043_0043.jpg 1 34 50 43 43
0162_0047_0043_0026_0026.jpg 1 47 43 26 26
0163_0035_0013_0057_0057.jpg 1 35 13 57 57
0164_0012_0010_0024_0024.jpg 1 12 10 24 24
0165_0030_0030_0059_0059.jpg 1 30 30 59 59
0166_0046_0035_0040_0040.jpg 1 46 35 40 40
0167_0025_0003_0069_0069.jpg 1 25 3 69 69
0168_0036_0018_0049_0049.jpg 1 36 18 49 49
0169_0025_0048_0029_0029.jpg 1 25 48 29 29
0170_0014_0035_0027_0027.jpg 1 14 35 27 27
0171_0030_0019_0045_0045.jpg 1 30 19 45 45
0172_0012_0025_0052_0052.jpg 1 12 25 52 52
0173_0007_0011_0069_0069.jpg 1 7 11 69 69
0174_0047_0051_0036_0036.jpg 1 47 51 36 36
0175_0029_0036_0056_0056.jpg 1 29 36 56 56
0176_0035_0037_0045_0045.jpg 1 35 37 45 45
0177_0024_0020_0048_0048.jpg 1 24 20 48 48
0178_0051_0024_0031_0031.jpg 1 51 24 31 31
0179_0037_0014_0031_0031.jpg 1 37 14 31 31
0180_0028_0027_0036_0036.jpg 1 28 27 36 36
0181_0031_0062_0027_0027.jpg 1 31 62 27 27
0182_0039_0015_0036_0036.jpg 1 39 15 36 36
0183_0013_0056_0037_0037.jpg 1 13 56 37 37
0184_0018_0038_0031_0031.jpg 1 18 38 31 31
0185_0012_0008_0052_0052.jpg 1 12 8 52 52
0186_0028_0028_0025_0025.jpg 1 28 28 25 25
0187_0020_0048_0041_0041.jpg 1 20 48 41 41
0188_0028_0027_0046_0046.jpg 1 28 27 46 46
0189_0032_0023_0046_0046.jpg 1 32 23 46 46
0190_0028_0031_0045_0045.jpg 1 28 31 45 45
0191_0030_0022_0063_0063.jpg 1 30 22 63 63
0192_0044_0016_0039_0039.jpg 1 44 16 39 39
0193_0014_0007_0058_0058.jpg 1 14 7 58 58
0194_0011_0021_0068_0068.jpg 1 11 21 68 68
0195_0038_0023_0034_0034.jpg 1 38 23 34 34
0196_0043_0020_0050_0050.jpg 1 43 20 50 50
0197_0027_0029_0065_0065.jpg 1 27 29 65 65
0198_0011_0009_0067_0067.jpg 1 11 9 67 67
0199_0031_0035_0059_0059.jpg 1 31 35 59 59
0200_0010_0016_0066_0066.jpg 1 10 16 66 66
0201_0017_0041_0035_0035.jpg 1 17 41 35 35
0202_0023_0023_0024_0024.jpg 1 23 23 24 24
0203_0008_0057_0027_0027.jpg 1 8 57 27 27
0204_0017_0005_0054_0054.jpg 1 17 5 54 54
0205_0012_0012_0063_0063.jpg 1 12 12 63 63
0206_0015_0032_0036_0036.jpg 1 15 32 36 36
0207_0005_0023_0049_0049.jpg 1 5 23 49 49
0208_0041_0032_0052_0052.jpg 1 41 32 52 52
0209_0022_0026_0066_0066.jpg 1 22 26 66 66
0210_0062_0023_0031_0031.jpg 1 62 23 31 31
0211_0010_0018_0033_0033.jpg 1 10 18 33 33
0212_0015_0017_0050_0050.jpg 1 15 17 50 50
0213_0009_0062_0026_0026.jpg 1 9 62 26 26
0214_0033_0019_0052_0052.jpg 1 33 19 52 52
0215_0011_0038_0029_0029.jpg 1 11 38 29 29
0216_0021_0020_0043_0043.jpg 1 21 20 43 43
0217_0023_0014_0067_0067.jpg 1 23 14 67 67
0218_0035_0040_0053_0053.jpg 1 35 40 53 53
0219_0013_0038_0032_0032.jpg 1 13 38 32 32
0220_0026_0015_0059_0059.jpg 1 26 15 59 59
0221_0016_0022_0059_0059.jpg 1 16 22 59 59
0222_0011_0034_0048_0048.jpg 1 11 34 48 48
0223_0009_0023_0063_0063.jpg 1 9 23 63 63
0224_0024_0044_0031_0031.jpg 1 24 44 31 31
0225_0022_0013_0067_0067.jpg 1 22 13 67 67
0226_0003_0017_0068_0068.jpg 1 3 17 68 68
0227_0034_0005_0060_0060.jpg 1 34 5 60 60
0228_0029_0033_0032_0032.jpg 1 29 33 32 32
0229_0028_0045_0037_0037.jpg 1 28 45 37 37
0230_0026_0009_0066_0066.jpg 1 26 9 66 66
0231_0061_0017_0026_0026.jpg 1 61 17 26 26
0232_0022_0056_0025_0025.jpg 1 22 56 25 25
0233_0030_0007_0055_0055.jpg 1 30 7 55 55
0234_0020_0014_0069_0069.jpg 1 20 14 69 69
0235_0036_0044_0024_0024.jpg 1 36 44 24 24
0236_0054_0029_0034_0034.jpg 1 54 29 34 34
0237_0044_0039_0035_0035.jpg 1 44 39 35 35
0238_0011_0025_0036_0036.jpg 1 11 25 36 36
0239_0052_0023_0038_0038.jpg 1 52 23 38 38
0240_0012_0017_0053_0053.jpg 1 12 17 53 53
0241_0019_0032_0043_0043.jpg 1 19 32 43 43
0242_0020_0024_0065_0065.jpg 1 20 24 65 65
0243_0052_0029_0025_0025.jpg 1 52 29 25 25
0244_0030_0014_0059_0059.jpg 1 30 14 59 59
0245_0056_0022_0035_0035.jpg 1 56 22 35 35
0246_0007_0013_0051_0051.jpg 1 7 13 51 51
0247_0012_0052_0036_0036.jpg 1 12 52 36 36
0248_0013_0010_0050_0050.jpg 1 13 10 50 50
0249_0029_0008_0065_0065.jpg 1 29 8 65 65
0250_0014_0011_0061_0061.jpg 1 14 11 61 61
0251_0023_0028_0046_0046.jpg 1 23 28 46 46
0252_0038_0048_0042_0042.jpg 1 38 48 42 42
0253_0008_0017_0064_0064.jpg 1 8 17 64 64
0254_0034_0009_0025_0025.jpg 1 34 9 25 25
0255_0007_0012_0056_0056.jpg 1 7 12 56 56
0256_0032_0038_0043_0043.jpg 1 32 38 43 43
0257_0016_0008_0025_0025.jpg 1 16 8 25 25
0258_0019_0006_0040_0040.jpg 1 19 6 40 40
0259_0032_0008_0064_0064.jpg 1 32 8 64 64
0260_0022_0030_0059_0059.jpg 1 22 30 59 59
0261_0039_0058_0028_0028.jpg 1 39 58 28 28
0262_0017_0003_0068_0068.jpg 1 17 3 68 68
0263_0008_0033_0056_0056.jpg 1 8 33 56 56
0264_0058_0012_0033_0033.jpg 1 58 12 33 33
0265_0020_0007_0057_0057.jpg 1 20 7 57 57
0266_0019_0041_0047_0047.jpg 1 19 41 47 47
0267_0034_0005_0056_0056.jpg 1 34 5 56 56
0268_0020_0018_0069_0069.jpg 1 20 18 69 69
0269_0039_0029_0039_0039.jpg 1 39 29 39 39
0270_0018_0033_0032_0032.jpg 1 18 33 32 32
0271_0027_0016_0067_0067.jpg 1 27 16 67 67
0272_0009_0060_0033_0033.jpg 1 9 60 33 33
0273_0059_0058_0028_0028.jpg 1 59 58 28 28
0274_0031_0019_0025_0025.jpg 1 31 19 25 25
0275_0012_0023_0068_0068.jpg 1 12 23 68 68
0276_0034_0027_0041_0041.jpg 1 34 27 41 41
0277_0055_0034_0035_0035.jpg 1 55 34 35 35
0278_0025_0034_0042_0042.jpg 1 25 34 42 42
0279_0028_0023_0035_0035.jpg 1 28 23 35 35
0280_0007_0041_0036_0036.jpg 1 7 41 36 36
0281_0014_0030_0060_0060.jpg 1 14 30 60 60
0282_0045_0012_0038_0038.jpg 1 45 12 38 38
0283_0014_0043_0049_0049.jpg 1 14 43 49 49
0284_0022_0025_0058_0058.jpg 1 22 25 58 58
0285_0031_0030_0039_0039.jpg 1 31 30 39 39
0286_0012_0028_0053_0053.jpg 1 12 28 53 53
0287_0050_0009_0028_0028.jpg 1 50 9 28 28
0288_0023_0012_0049_0049.jpg 1 23 12 49 49
0289_0006_0006_0051_0051.jpg 1 6 6 51 51
0290_0045_0035_0026_0026.jpg 1 45 35 26 26
0291_0035_0027_0040_0040.jpg 1 35 27 40 40
0292_0014_0012_0069_0069.jpg 1 14 12 69 69
0293_0018_0005_0061_0061.jpg 1 18 5 61 61
0294_0025_0016_0064_0064.jpg 1 25 16 64 64
0295_0038_0061_0030_0030.jpg 1 38 61 30 30
0296_0031_0037_0056_0056.jpg 1 31 37 56 56
0297_0049_0010_0031_0031.jpg 1 49 10 31 31
0298_0028_0007_0066_0066.jpg 1 28 7 66 66
0299_0004_0014_0056_0056.jpg 1 4 14 56 56
0300_0023_0016_0069_0069.jpg 1 23 16 69 69
0301_0018_0017_0024_0024.jpg 1 18 17 24 24
0302_0029_0036_0038_0038.jpg 1 29 36 38 38
0303_0011_0021_0061_0061.jpg 1 11 21 61 61
0304_0018_0046_0047_0047.jpg 1 18 46 47 47
0305_0055_0026_0031_0031.jpg 1 55 26 31 31
0306_0030_0033_0060_0060.jpg 1 30 33 60 60
0307_0017_0016_0055_0055.jpg 1 17 16 55 55
0308_0017_0038_0038_0038.jpg 1 17 38 38 38
0309_0034_0027_0025_0025.jpg 1 34 27 25 25
0310_0040_0014_0030_0030.jpg 1 40 14 30 30
0311_0044_0030_0047_0047.jpg 1 44 30 47 47
0312_0038_0033_0049_0049.jpg 1 38 33 49 49
0313_0009_0033_0051_0051.jpg 1 9 33 51 51
0314_0062_0032_0026_0026.jpg 1 62 32 26 26
0315_0040_0059_0032_0032.jpg 1 40 59 32 32
0316_0037_0011_0046_0046.jpg 1 37 11 46 46
0317_0013_0031_0047_0047.jpg 1 13 31 47 47
0318_0032_0033_0044_0044.jpg 1 32 33 44 44
0319_0019_0048_0039_0039.jpg 1 19 48 39 39
0320_0053_0008_0038_0038.jpg 1 53 8 38 38
0321_0066_0046_0026_0026.jpg 1 66 46 26 26
0322_0008_0022_0052_0052.jpg 1 8 22 52 52
0323_0035_0042_0052_0052.jpg 1 35 42 52 52
0324_0012_0014_0047_0047.jpg 1 12 14 47 47
0325_0013_0012_0066_0066.jpg 1 13 12 66 66
0326_0007_0039_0052_0052.jpg 1 7 39 52 52
0327_0016_0027_0045_0045.jpg 1 16 27 45 45
0328_0018_0056_0033_0033.jpg 1 18 56 33 33
0329_0008_0011_0059_0059.jpg 1 8 11 59 59
0330_0040_0034_0025_0025.jpg 1 40 34 25 25
0331_0018_0013_0047_0047.jpg 1 18 13 47 47
0332_0034_0034_0045_0045.jpg 1 34 34 45 45
0333_0062_0043_0029_0029.jpg 1 62 43 29 29
0334_0042_0043_0036_0036.jpg 1 42 43 36 36
0335_0035_0015_0041_0041.jpg 1 35 15 41 41
0336_0011_0023_0030_0030.jpg 1 11 23 30 30
0337_0017_0010_0059_0059.jpg 1 17 10 59 59
0338_0039_0039_0055_0055.jpg 1 39 39 55 55
0339_0015_0045_0036_0036.jpg 1 15 45 36 36
0340_0020_0030_0035_0035.jpg 1 20 30 35 35
0341_0031_0045_0025_0025.jpg 1 31 45 25 25
0342_0033_0009_0032_0032.jpg 1 33 9 32 32
0343_0053_0028_0024_0024.jpg 1 53 28 24 24
0344_0030_0045_0045_0045.jpg 1 30 45 45 45
0345_0036_0009_0027_0027.jpg 1 36 9 27 27
0346_0045_0042_0049_0049.jpg 1 45 42 49 49
0347_0030_0035_0036_0036.jpg 1 30 35 36 36
0348_0032_0033_0031_0031.jpg 1 32 33 31 31
0349_0005_0026_0063_0063.jpg 1 5 26 63 63
0350_0034_0036_0039_0039.jpg 1 34 36 39 39
0351_0030_0012_0064_0064.jpg 1 30 12 64 64
0352_0051_0013_0027_0027.jpg 1 51 13 27 27
0353_0040_0050_0036_0036.jpg 1 40 50 36 36
0354_0012_0014_0062_0062.jpg 1 12 14 62 62
0355_0006_0021_0056_0056.jpg 1 6 21 56 56
0356_0010_0032_0033_0033.jpg 1 10 32 33 33
0357_0050_0015_0028_0028.jpg 1 50 15 28 28
0358_0008_0006_0053_0053.jpg 1 8 6 53 53
0359_0052_0029_0039_0039.jpg 1 52 29 39 39
0360_0017_0021_0060_0060.jpg 1 17 21 60 60
0361_0010_0029_0045_0045.jpg 1 10 29 45 45
0362_0060_0033_0029_0029.jpg 1 60 33 29 29
0363_0022_0016_0041_0041.jpg 1 22 16 41 41
0364_0014_0003_0064_0064.jpg 1 14 3 64 64
0365_0017_0017_0054_0054.jpg 1 17 17 54 54
0366_0044_0023_0037_0037.jpg 1 44 23 37 37
0367_0013_0030_0030_0030.jpg 1 13 30 30 30
0368_0017_0009_0050_0050.jpg 1 17 9 50 50
0369_0039_0013_0056_0056.jpg 1 39 13 56 56
0370_0041_0008_0046_0046.jpg 1 41 8 46 46
0371_0009_0041_0047_0047.jpg 1 9 41 47 47
0372_0028_0027_0057_0057.jpg 1 28 27 57 57
0373_0019_0049_0034_0034.jpg 1 19 49 34 34
0374_0023_0042_0041_0041.jpg 1 23 42 41 41
0375_0023_0012_0025_0025.jpg 1 23 12 25 25
0376_0047_0036_0026_0026.jpg 1 47 36 26 26
0377_0010_0010_0045_0045.jpg 1 10 10 45 45
0378_0028_0009_0047_0047.jpg 1 28 9 47 47
0379_0009_0014_0057_0057.jpg 1 9 14 57 57
0380_0006_0014_0068_0068.jpg 1 6 14 68 68
0381_0008_0038_0047_0047.jpg 1 8 38 47 47
0382_0018_0023_0069_0069.jpg 1 18 23 69 69
0383_0042_0042_0043_0043.jpg 1 42 42 43 43
0384_0025_0004_0056_0056.jpg 1 25 4 56 56
0385_0012_0041_0042_0042.jpg 1 12 41 42 42
0386_0020_0039_0040_0040.jpg 1 20 39 40 40
0387_0008_0019_0036_0036.jpg 1 8 19 36 36
0388_0010_0021_0064_0064.jpg 1 10 21 64 64
0389_0004_0015_0064_0064.jpg 1 4 15 64 64
0390_0012_0013_0031_0031.jpg 1 12 13 31 31
0391_0006_0046_0046_0046.jpg 1 6 46 46 46
0392_0024_0012_0027_0027.jpg 1 24 12 27 27
0393_0019_0036_0027_0027.jpg 1 19 36 27 27
0394_0025_0016_0059_0059.jpg 1 25 16 59 59
0395_0031_0020_0024_0024.jpg 1 31 20 24 24
0396_0020_0009_0043_0043.jpg 1 20 9 43 43
0397_0033_0010_0062_0062.jpg 1 33 10 62 62
0398_0041_0028_0053_0053.jpg 1 41 28 53 53
0399_0008_0006_0048_0048.jpg 1 8 6 48 48
0400_0019_0035_0026_0026.jpg 1 19 35 26 26
0401_0044_0043_0036_0036.jpg 1 44 43 36 36
0402_0037_0023_0041_0041.jpg 1 37 23 41 41
0403_0026_0038_0034_0034.jpg 1 26 38 34 34
0404_0012_0032_0046_0046.jpg 1 12 32 46 46
0405_0024_0026_0048_0048.jpg 1 24 26 48 48
0406_0033_0027_0060_0060.jpg 1 33 27 60 60
0407_0019_0023_0052_0052.jpg 1 19 23 52 52
0408_0031_0050_0026_0026.jpg 1 31 50 26 26
0409_0043_0011_0046_0046.jpg 1 43 11 46 46
0410_0014_0041_0046_0046.jpg 1 14 41 46 46
0411_0012_0027_0058_0058.jpg 1 12 27 58 58
0412_0009_0022_0051_0051.jpg 1 9 22 51 51
0413_0016_0017_0029_0029.jpg 1 16 17 29 29
0414_0016_0046_0028_0028.jpg 1 16 46 28 28
0415_0031_0043_0043_0043.jpg 1 31 43 43 43
0416_0034_0049_0035_0035.jpg 1 34 49 35 35
0417_0040_0014_0044_0044.jpg 1 40 14 44 44
0418_0023_0030_0040_0040.jpg 1 23 30 40 40
0419_0031_0020_0045_0045.jpg 1 31 20 45 45
0420_0020_0024_0069_0069.jpg 1 20 24 69 69
0421_0032_0011_0030_0030.jpg 1 32 11 30 30
0422_0016_0019_0054_0054.jpg 1 16 19 54 54
0423_0034_0047_0047_0047.jpg 1 34 47 47 47
0424_0038_0017_0056_0056.jpg 1 38 17 56 56
0425_0025_0027_0032_0032.jpg 1 25 27 32 32
0426_0017_0008_0056_0056.jpg 1 17 8 56 56
0427_0029_0046_0026_0026.jpg 1 29 46 26 26
0428_0012_0022_0069_0069.jpg 1 12 22 69 69
0429_0013_0013_0059_0059.jpg 1 13 13 59 59
0430_0006_0006_0066_0066.jpg 1 6 6 66 66
0431_0047_0013_0025_0025.jpg 1 47 13 25 25
0432_0054_0025_0027_0027.jpg 1 54 25 27 27
0433_0010_0042_0044_0044.jpg 1 10 42 44 44
0434_0009_0032_0024_0024.jpg 1 9 32 24 24
0435_0021_0050_0026_0026.jpg 1 21 50 26 26
0436_0031_0038_0056_0056.jpg 1 31 38 56 56
0437_0030_0010_0056_0056.jpg 1 30 10 56 56
0438_0014_0017_0057_0057.jpg 1 14 17 57 57
0439_0004_0021_0060_0060.jpg 1 4 21 60 60
0440_0016_0034_0055_0055.jpg 1 16 34 55 55
0441_0048_0035_0044_0044.jpg 1 48 35 44 44
0442_0009_0012_0048_0048.jpg 1 9 12 48 48
0443_0007_0009_0053_0053.jpg 1 7 9 53 53
0444_0023_0035_0058_0058.jpg 1 23 35 58 58
0445_0027_0005_0065_0065.jpg 1 27 5 65 65
0446_0028_0021_0033_0033.jpg 1 28 21 33 33
0447_0022_0037_0028_0028.jpg 1 22 37 28 28
0448_0036_0013_0043_0043.jpg 1 36 13 43 43
0449_0010_0017_0038_0038.jpg 1 10 17 38 38
0450_0019_0009_0058_0058.jpg 1 19 9 58 58
0451_0024_0033_0040_0040.jpg 1 24 33 40 40
0452_0044_0050_0030_0030.jpg 1 44 50 30 30
0453_0045_0008_0029_0029.jpg 1 45 8 29 29
0454_0008_0003_0066_0066.jpg 1 8 3 66 66
0455_0017_0012_0054_0054.jpg 1 17 12 54 54
0456_0048_0033_0041_0041.jpg 1 48 33 41 41
0457_0013_0028_0065_0065.jpg 1 13 28 65 65
0458_0025_0020_0030_0030.jpg 1 25 20 30 30
0459_0042_0025_0047_0047.jpg 1 42 25 47 47
0460_0013_0037_0042_0042.jpg 1 13 37 42 42
0461_0026_0005_0047_0047.jpg 1 26 5 47 47
0462_0054_0027_0037_0037.jpg 1 54 27 37 37
0463_0014_0038_0039_0039.jpg 1 14 38 39 39
0464_0012_0024_0057_0057.jpg 1 12 24 57 57
0465_0045_0027_0030_0030.jpg 1 45 27 30 30
0466_0034_0028_0058_0058.jpg 1 34 28 58 58
0467_0006_0033_0041_0041.jpg 1 6 33 41 41
0468_0028_0011_0060_0060.jpg 1 28 11 60 60
0469_0036_0032_0026_0026.jpg 1 36 32 26 26
0470_0012_0033_0037_0037.jpg 1 12 33 37 37
0471_0021_0025_0065_0065.jpg 1 21 25 65 65
0472_0024_0011_0062_0062.jpg 1 24 11 62 62
0473_0024_0029_0060_0060.jpg 1 24 29 60 60
0474_0022_0046_0037_0037.jpg 1 22 46 37 37
0475_0067_0046_0024_0024.jpg 1 67 46 24 24
0476_0021_0057_0032_0032.jpg 1 21 57 32 32
0477_0033_0054_0038_0038.jpg 1 33 54 38 38
0478_0024_0029_0062_0062.jpg 1 24 29 62 62
0479_0033_0007_0035_0035.jpg 1 33 7 35 35
0480_0015_0021_0067_0067.jpg 1 15 21 67 67
0481_0047_0013_0026_0026.jpg 1 47 13 26 26
0482_0046_0036_0043_0043.jpg 1 46 36 43 43
0483_0042_0040_0051_0051.jpg 1 42 40 51 51
0484_0017_0053_0034_0034.jpg 1 17 53 34 34
0485_0027_0024_0052_0052.jpg 1 27 24 52 52
0486_0010_0013_0067_0067.jpg 1 10 13 67 67
0487_0028_0023_0050_0050.jpg 1 28 23 50 50
0488_0025_0018_0043_0043.jpg 1 25 18 43 43
0489_0064_0063_0028_0028.jpg 1 64 63 28 28
0490_0024_0033_0030_0030.jpg 1 24 33 30 30
0491_0019_0022_0059_0059.jpg 1 19 22 59 59
0492_0013_0062_0026_0026.jpg 1 13 62 26 26
0493_0016_0021_0042_0042.jpg 1 16 21 42 42
0494_0013_0004_0069_0069.jpg 1 13 4 69 69
0495_0040_0037_0043_0043.jpg 1 40 37 43 43
0496_0010_0005_0069_0069.jpg 1 10 5 69 69
0497_0013_0020_0053_0053.jpg 1 13 20 53 53
0498_0040_0027_0027_0027.jpg 1 40 27 27 27
0499_0022_0023_0060_0060.jpg 1 22 23 60 60
0500_0013_0040_0046_0046.jpg 1 13 40 46 46
0501_0032_0031_0028_0028.jpg 1 32 31 28 28
0502_0036_0005_0048_0048.jpg 1 36 5 48 48
0503_0051_0043_0041_0041.jpg 1 51 43 41 41
0504_0035_0022_0036_0036.jpg 1 35 22 36 36
0505_0027_0014_0026_0026.jpg 1 27 14 26 26
0506_0030_0042_0038_0038.jpg 1 30 42 38 38
0507_0021_0045_0037_0037.jpg 1 21 45 37 37
0508_0027_0005_0061_0061.jpg 1 27 5 61 61
0509_0035_0037_0034_0034.jpg 1 35 37 34 34
0510_0051_0028_0026_0026.jpg 1 51 28 26 26
0511_0024_0024_0039_0039.jpg 1 24 24 39 39
0512_0021_0026_0067_0067.jpg 1 21 26 67 67
0513_0018_0023_0053_0053.jpg 1 18 23 53 53
0514_0032_0035_0057_0057.jpg 1 32 35 57 57
0515_0020_0028_0028_0028.jpg 1 20 28 28 28
0516_0046_0032_0035_0035.jpg 1 46 32 35 35
0517_0047_0056_0025_0025.jpg 1 47 56 25 25
0518_0024_0012_0067_0067.jpg 1 24 12 67 67
0519_0029_0041_0039_0039.jpg 1 29 41 39 39
0520_0013_0020_0056_0056.jpg 1 13 20 56 56
0521_0055_0055_0035_0035.jpg 1 55 55 35 35
0522_0052_0023_0035_0035.jpg 1 52 23 35 35
0523_0045_0009_0042_0042.jpg 1 45 9 42 42
0524_0034_0033_0042_0042.jpg 1 34 33 42 42
0525_0028_0019_0065_0065.jpg 1 28 19 65 65
0526_0018_0019_0064_0064.jpg 1 18 19 64 64
0527_0010_0004_0058_0058.jpg 1 10 4 58 58
0528_0023_0040_0043_0043.jpg 1 23 40 43 43
0529_0021_0022_0068_0068.jpg 1 21 22 68 68
0530_0035_0007_0057_0057.jpg 1 35 7 57 57
0531_0036_0052_0037_0037.jpg 1 36 52 37 37
0532_0039_0032_0041_0041.jpg 1 39 32 41 41
0533_0033_0040_0047_0047.jpg 1 33 40 47 47
0534_0044_0044_0039_0039.jpg 1 44 44 39 39
0535_0015_0005_0053_0053.jpg 1 15 5 53 53
0536_0039_0022_0047_0047.jpg 1 39 22 47 47
0537_0011_0008_0060_0060.jpg 1 11 8 60 60
0538_0053_0018_0034_0034.jpg 1 53 18 34 34
0539_0012_0012_0041_0041.jpg 1 12 12 41 41
0540_0030_0023_0052_0052.jpg 1 30 23 52 52
0541_0036_0011_0026_0026.jpg 1 36 11 26 26
0542_0025_0009_0056_0056.jpg 1 25 9 56 56
0543_0015_0034_0027_0027.jpg 1 15 34 27 27
0544_0038_0009_0056_0056.jpg 1 38 9 56 56
0545_0015_0026_0060_0060.jpg 1 15 26 60 60
0546_0028_0005_0068_0068.jpg 1 28 5 68 68
0547_0015_0021_0069_0069.jpg 1 15 21 69 69
0548_0032_0015_0044_0044.jpg 1 32 15 44 44
0549_0016_0026_0052_0052.jpg 1 16 26 52 52
0550_0012_0038_0053_0053.jpg 1 12 38 53 53
0551_0009_0020_0035_0035.jpg 1 9 20 35 35
0552_0032_0008_0052_0052.jpg 1 32 8 52 52
0553_0018_0006_0048_0048.jpg 1 18 6 48 48
0554_0020_0026_0041_0041.jpg 1 20 26 41 41
0555_0044_0019_0043_0043.jpg 1 44 19 43 43
0556_0033_0023_0059_0059.jpg 1 33 23 59 59
0557_0029_0036_0054_0054.jpg 1 29 36 54 54
0558_0011_0033_0053_0053.jpg 1 11 33 53 53
0559_0014_0004_0069_0069.jpg 1 14 4 69 69
0560_0012_0033_0047_0047.jpg 1 12 33 47 47
0561_0006_0010_0064_0064.jpg 1 6 10 64 64
0562_0019_0018_0058_0058.jpg 1 19 18 58 58
0563_0009_0022_0044_0044.jpg 1 9 22 44 44
0564_0037_0029_0055_0055.jpg 1 37 29 55 55
0565_0025_0028_0064_0064.jpg 1 25 28 64 64
0566_0029_0027_0067_0067.jpg 1 29 27 67 67
0567_0015_0024_0065_0065.jpg 1 15 24 65 65
0568_0005_0017_0068_0068.jpg 1 5 17 68 68
0569_0015_0022_0030_0030.jpg 1 15 22 30 30
0570_0032_0029_0052_0052.jpg 1 32 29 52 52
0571_0030_0034_0026_0026.jpg 1 30 34 26 26
0572_0006_0024_0052_0052.jpg 1 6 24 52 52
0573_0021_0029_0040_0040.jpg 1 21 29 40 40
0574_0005_0033_0048_0048.jpg 1 5 33 48 48
0575_0011_0021_0029_0029.jpg 1 11 21 29 29
0576_0025_0013_0064_0064.jpg 1 25 13 64 64
0577_0024_0014_0029_0029.jpg 1 24 14 29 29
0578_0037_0051_0036_0036.jpg 1 37 51 36 36
0579_0033_0048_0045_0045.jpg 1 33 48 45 45
0580_0008_0010_0045_0045.jpg 1 8 10 45 45
0581_0016_0018_0067_0067.jpg 1 16 18 67 67
0582_0027_0022_0064_0064.jpg 1 27 22 64 64
0583_0013_0034_0054_0054.jpg 1 13 34 54 54
0584_0009_0009_0069_0069.jpg 1 9 9 69 69
0585_0017_0016_0038_0038.jpg 1 17 16 38 38
0586_0027_0023_0069_0069.jpg 1 27 23 69 69
0587_0031_0012_0047_0047.jpg 1 31 12 47 47
0588_0058_0063_0025_0025.jpg 1 58 63 25 25
0589_0034_0024_0024_0024.jpg 1 34 24 24 24
0590_0017_0033_0025_0025.jpg 1 17 33 25 25
0591_0009_0041_0033_0033.jpg 1 9 41 33 33
0592_0039_0027_0051_0051.jpg 1 39 27 51 51
0593_0040_0007_0044_0044.jpg 1 40 7 44 44
0594_0028_0018_0061_0061.jpg 1 28 18 61 61
0595_0009_0042_0046_0046.jpg 1 9 42 46 46
0596_0015_0017_0068_0068.jpg 1 15 17 68 68
0597_0027_0010_0066_0066.jpg 1 27 10 66 66
0598_0030_0030_0062_0062.jpg 1 30 30 62 62
0599_0030_0010_0035_0035.jpg 1 30 10 35 35
0600_0033_0027_0062_0062.jpg 1 33 27 62 62
0601_0007_0039_0043_0043.jpg 1 7 39 43 43
0602_0036_0008_0047_0047.jpg 1 36 8 47 47
0603_0046_0031_0034_0034.jpg 1 46 31 34 34
0604_0030_0046_0033_0033.jpg 1 30 46 33 33
0605_0009_0017_0030_0030.jpg 1 9 17 30 30
0606_0025_0041_0042_0042.jpg 1 25 41 42 42
0607_0026_0016_0040_0040.jpg 1 26 16 40 40
0608_0008_0019_0041_0041.jpg 1 8 19 41 41
0609_0040_0040_0027_0027.jpg 1 40 40 27 27
0610_0056_0029_0036_0036.jpg 1 56 29 36 36
0611_0039_0013_0052_0052.jpg 1 39 13 52 52
0612_0017_0021_0065_0065.jpg 1 17 21 65 65
0613_0056_0060_0026_0026.jpg 1 56 60 26 26
0614_0024_0013_0036_0036.jpg 1 24 13 36 36
0615_0033_0036_0054_0054.jpg 1 33 36 54 54
0616_0039_0057_0025_0025.jpg 1 39 57 25 25
0617_0031_0019_0063_0063.jpg 1 31 19 63 63
0618_0025_0061_0025_0025.jpg 1 25 61 25 25
0619_0020_0016_0046_0046.jpg 1 20 16 46 46
0620_0015_0033_0062_0062.jpg 1 15 33 62 62
0621_0004_0017_0058_0058.jpg 1 4 17 58 58
0622_0009_0051_0040_0040.jpg 1 9 51 40 40
0623_0022_0022_0025_0025.jpg 1 22 22 25 25
0624_0063_0014_0028_0028.jpg 1 63 14 28 28
0625_0014_0044_0027_0027.jpg 1 14 44 27 27
0626_0023_0009_0054_0054.jpg 1 23 9 54 54
0627_0046_0045_0042_0042.jpg 1 46 45 42 42
0628_0013_0017_0065_0065.jpg 1 13 17 65 65
0629_0028_0019_0058_0058.jpg 1 28 19 58 58
0630_0012_0023_0064_0064.jpg 1 12 23 64 64
0631_0033_0010_0050_0050.jpg 1 33 10 50 50
0632_0009_0005_0053_0053.jpg 1 9 5 53 53
0633_0062_0046_0030_0030.jpg 1 62 46 30 30
0634_0045_0054_0039_0039.jpg 1 45 54 39 39
0635_0057_0027_0027_0027.jpg 1 57 27 27 27
0636_0017_0041_0052_0052.jpg 1 17 41 52 52
0637_0012_0022_0032_0032.jpg 1 12 22 32 32
0638_0040_0036_0028_0028.jpg 1 40 36 28 28
0639_0026_0012_0040_0040.jpg 1 26 12 40 40
0640_0035_0038_0041_0041.jpg 1 35 38 41 41
0641_0011_0050_0041_0041.jpg 1 11 50 41 41
0642_0009_0007_0062_0062.jpg 1 9 7 62 62
0643_0038_0039_0051_0051.jpg 1 38 39 51 51
0644_0035_0036_0053_0053.jpg 1 35 36 53 53
0645_0006_0026_0059_0059.jpg 1 6 26 59 59
0646_0005_0013_0053_0053.jpg 1 5 13 53 53
0647_0039_0010_0046_0046.jpg 1 39 10 46 46
0648_0028_0039_0055_0055.jpg 1 28 39 55 55
0649_0017_0008_0067_0067.jpg 1 17 8 67 67
0650_0013_0026_0063_0063.jpg 1 13 26 63 63
0651_0014_0027_0064_0064.jpg 1 14 27 64 64
0652_0018_0061_0028_0028.jpg 1 18 61 28 28
0653_0020_0029_0042_0042.jpg 1 20 29 42 42
0654_0016_0028_0052_0052.jpg 1 16 28 52 52
0655_0039_0045_0025_0025.jpg 1 39 45 25 25
0656_0035_0015_0040_0040.jpg 1 35 15 40 40
0657_0004_0014_0053_0053.jpg 1 4 14 53 53
0658_0019_0016_0065_0065.jpg 1 19 16 65 65
0659_0022_0021_0050_0050.jpg 1 22 21 50 50
0660_0026_0023_0036_0036.jpg 1 26 23 36 36
0661_0036_0012_0040_0040.jpg 1 36 12 40 40
0662_0005_0009_0060_0060.jpg 1 5 9 60 60
0663_0021_0030_0056_0056.jpg 1 21 30 56 56
0664_0006_0014_0069_0069.jpg 1 6 14 69 69
0665_0007_0034_0052_0052.jpg 1 7 34 52 52
0666_0019_0005_0054_0054.jpg 1 19 5 54 54
0667_0016_0004_0068_0068.jpg 1 16 4 68 68
0668_0016_0010_0066_0066.jpg 1 16 10 66 66
0669_0027_0039_0045_0045.jpg 1 27 39 45 45
0670_0026_0030_0034_0034.jpg 1 26 30 34 34
0671_0033_0014_0057_0057.jpg 1 33 14 57 57
0672_0008_0038_0028_0028.jpg 1 8 38 28 28
0673_0014_0031_0038_0038.jpg 1 14 31 38 38
0674_0027_0038_0042_0042.jpg 1 27 38 42 42
0675_0061_0048_0029_0029.jpg 1 61 48 29 29
0676_0044_0009_0050_0050.jpg 1 44 9 50 50
0677_0019_0023_0045_0045.jpg 1 19 23 45 45
0678_0005_0007_0052_0052.jpg 1 5 7 52 52
0679_0011_0028_0058_0058.jpg 1 11 28 58 58
0680_0007_0042_0044_0044.jpg 1 7 42 44 44
0681_0051_0025_0037_0037.jpg 1 51 25 37 37
0682_0058_0049_0034_0034.jpg 1 58 49 34 34
0683_0004_0017_0066_0066.jpg 1 4 17 66 66
0684_0047_0044_0047_0047.jpg 1 47 44 47 47
0685_0011_0018_0057_0057.jpg 1 11 18 57 57
0686_0017_0055_0027_0027.jpg 1 17 55 27 27
0687_0025_0031_0041_0041.jpg 1 25 31 41 41
0688_0038_0014_0034_0034.jpg 1 38 14 34 34
0689_0044_0022_0030_0030.jpg 1 44 22 30 30
0690_0046_0037_0046_0046.jpg 1 46 37 46 46
0691_0015_0014_0049_0049.jpg 1 15 14 49 49
0692_0007_0010_0042_0042.jpg 1 7 10 42 42
0693_0047_0009_0045_0045.jpg 1 47 9 45 45
0694_0026_0019_0060_0060.jpg 1 26 19 60 60
0695_0029_0026_0052_0052.jpg 1 29 26 52 52
0696_0013_0023_0057_0057.jpg 1 13 23 57 57
0697_0064_0019_0024_0024.jpg 1 64 19 24 24
0698_0044_0063_0029_0029.jpg 1 44 63 29 29
0699_0018_0029_0063_0063.jpg 1 18 29 63 63
0700_0042_0008_0047_0047.jpg 1 42 8 47 47
0701_0016_0033_0029_0029.jpg 1 16 33 29 29
0702_0025_0059_0026_0026.jpg 1 25 59 26 26
0703_0030_0030_0064_0064.jpg 1 30 30 64 64
0704_0029_0026_0047_0047.jpg 1 29 26 47 47
0705_0037_0028_0040_0040.jpg 1 37 28 40 40
0706_0017_0027_0062_0062.jpg 1 17 27 62 62
0707_0024_0040_0050_0050.jpg 1 24 40 50 50
0708_0010_0018_0063_0063.jpg 1 10 18 63 63
0709_0007_0018_0030_0030.jpg 1 7 18 30 30
0710_0016_0010_0066_0066.jpg 1 16 10 66 66
0711_0008_0048_0028_0028.jpg 1 8 48 28 28
0712_0033_0030_0031_0031.jpg 1 33 30 31 31
0713_0005_0019_0062_0062.jpg 1 5 19 62 62
0714_0011_0027_0027_0027.jpg 1 11 27 27 27
0715_0031_0015_0062_0062.jpg 1 31 15 62 62
0716_0029_0060_0025_0025.jpg 1 29 60 25 25
0717_0024_0006_0053_0053.jpg 1 24 6 53 53
0718_0017_0029_0064_0064.jpg 1 17 29 64 64
0719_0017_0019_0065_0065.jpg 1 17 19 65 65
0720_0010_0027_0029_0029.jpg 1 10 27 29 29
0721_0009_0019_0054_0054.jpg 1 9 19 54 54
0722_0058_0048_0025_0025.jpg 1 58 48 25 25
0723_0016_0037_0047_0047.jpg 1 16 37 47 47
0724_0042_0017_0051_0051.jpg 1 42 17 51 51
0725_0038_0036_0053_0053.jpg 1 38 36 53 53
0726_0007_0022_0062_0062.jpg 1 7 22 62 62
0727_0054_0064_0028_0028.jpg 1 54 64 28 28
0728_0014_0007_0060_0060.jpg 1 14 7 60 60
0729_0030_0013_0045_0045.jpg 1 30 13 45 45
0730_0039_0045_0041_0041.jpg 1 39 45 41 41
0731_0064_0014_0024_0024.jpg 1 64 14 24 24
0732_0007_0023_0061_0061.jpg 1 7 23 61 61
0733_0009_0008_0025_0025.jpg 1 9 8 25 25
0734_0011_0004_0062_0062.jpg 1 11 4 62 62
0735_0008_0031_0049_0049.jpg 1 8 31 49 49
0736_0009_0040_0051_0051.jpg 1 9 40 51 51
0737_0034_0007_0055_0055.jpg 1 34 7 55 55
0738_0015_0020_0065_0065.jpg 1 15 20 65 65
0739_0023_0034_0054_0054.jpg 1 23 34 54 54
0740_0009_0028_0048_0048.jpg 1 9 28 48 48
0741_0033_0010_0027_0027.jpg 1 33 10 27 27
0742_0032_0013_0034_0034.jpg 1 32 13 34 34
0743_0029_0015_0040_0040.jpg 1 29 15 40 40
0744_0014_0008_0053_0053.jpg 1 14 8 53 53
0745_0025_0021_0063_0063.jpg 1 25 21 63 63
0746_0041_0021_0028_0028.jpg 1 41 21 28 28
0747_0029_0016_0066_0066.jpg 1 29 16 66 66
0748_0036_0058_0031_0031.jpg 1 36 58 31 31
0749_0022_0027_0043_0043.jpg 1 22 27 43 43
0750_0031_0030_0035_0035.jpg 1 31 30 35 35
0751_0027_0044_0050_0050.jpg 1 27 44 50 50
0752_0043_0045_0031_0031.jpg 1 43 45 31 31
0753_0022_0028_0062_0062.jpg 1 22 28 62 62
0754_0013_0012_0028_0028.jpg 1 13 12 28 28
0755_0055_0035_0026_0026.jpg 1 55 35 26 26
0756_0026_0033_0059_0059.jpg 1 26 33 59 59
0757_0017_0028_0053_0053.jpg 1 17 28 53 53
0758_0045_0057_0029_0029.jpg 1 45 57 29 29
0759_0051_0032_0040_0040.jpg 1 51 32 40 40
0760_0020_0014_0063_0063.jpg 1 20 14 63 63
0761_0016_0015_0028_0028.jpg 1 16 15 28 28
0762_0013_0005_0069_0069.jpg 1 13 5 69 69
0763_0019_0031_0035_0035.jpg 1 19 31 35 35
0764_0042_0048_0041_0041.jpg 1 42 48 41 41
0765_0023_0024_0061_0061.jpg 1 23 24 61 61
0766_0022_0035_0060_0060.jpg 1 22 35 60 60
0767_0051_0051_0024_0024.jpg 1 51 51 24 24
0768_0006_0033_0050_0050.jpg 1 6 33 50 50
0769_0016_0009_0063_0063.jpg 1 16 9 63 63
0770_0021_0016_0037_0037.jpg 1 21 16 37 37
0771_0057_0030_0032_0032.jpg 1 57 30 32 32
0772_0008_0050_0033_0033.jpg 1 8 50 33 33
0773_0014_0020_0044_0044.jpg 1 14 20 44 44
0774_0020_0021_0058_0058.jpg 1 20 21 58 58
0775_0012_0012_0040_0040.jpg 1 12 12 40 40
0776_0035_0014_0053_0053.jpg 1 35 14 53 53
0777_0018_0005_0050_0050.jpg 1 18 5 50 50
0778_0021_0032_0049_0049.jpg 1 21 32 49 49
0779_0020_0033_0057_0057.jpg 1 20 33 57 57
0780_0041_0007_0053_0053.jpg 1 41 7 53 53
0781_0046_0045_0029_0029.jpg 1 46 45 29 29
0782_0008_0015_0064_0064.jpg 1 8 15 64 64
0783_0033_0058_0028_0028.jpg 1 33 58 28 28
0784_0020_0041_0045_0045.jpg 1 20 41 45 45
0785_0029_0043_0047_0047.jpg 1 29 43 47 47
0786_0015_0032_0032_0032.jpg 1 15 32 32 32
0787_0017_0005_0064_0064.jpg 1 17 5 64 64
0788_0025_0037_0052_0052.jpg 1 25 37 52 52
0789_0023_0011_0059_0059.jpg 1 23 11 59 59
0790_0064_0061_0026_0026.jpg 1 64 61 26 26
0791_0015_0021_0063_0063.jpg 1 15 21 63 63
0792_0027_0015_0055_0055.jpg 1 27 15 55 55
0793_0016_0015_0035_0035.jpg 1 16 15 35 35
0794_0015_0050_0025_0025.jpg 1 15 50 25 25
0795_0012_0009_0033_0033.jpg 1 12 9 33 33
0796_0024_0016_0051_0051.jpg 1 24 16 51 51
0797_0016_0009_0062_0062.jpg 1 16 9 62 62
0798_0006_0014_0044_0044.jpg 1 6 14 44 44
0799_0038_0036_0029_0029.jpg 1 38 36 29 29
0800_0035_0015_0046_0046.jpg 1 35 15 46 46
0801_0032_0012_0055_0055.jpg 1 32 12 55 55
0802_0043_0008_0039_0039.jpg 1 43 8 39 39
0803_0017_0029_0026_0026.jpg 1 17 29 26 26
0804_0044_0044_0042_0042.jpg 1 44 44 42 42
0805_0031_0009_0060_0060.jpg 1 31 9 60 60
0806_0041_0043_0042_0042.jpg 1 41 43 42 42
0807_0020_0024_0059_0059.jpg 1 20 24 59 59
0808_0005_0007_0051_0051.jpg 1 5 7 51 51
0809_0040_0036_0047_0047.jpg 1 40 36 47 47
0810_0049_0038_0034_0034.jpg 1 49 38 34 34
0811_0043_0016_0047_0047.jpg 1 43 16 47 47
0812_0028_0024_0067_0067.jpg 1 28 24 67 67
0813_0030_0033_0059_0059.jpg 1 30 33 59 59
0814_0008_0035_0049_0049.jpg 1 8 35 49 49
0815_0017_0027_0057_0057.jpg 1 17 27 57 57
0816_0047_0057_0033_0033.jpg 1 47 57 33 33
0817_0016_0021_0064_0064.jpg 1 16 21 64 64
0818_0007_0009_0059_0059.jpg 1 7 9 59 59
0819_0024_0011_0065_0065.jpg 1 24 11 65 65
0820_0017_0030_0054_0054.jpg 1 17 30 54 54
0821_0019_0035_0051_0051.jpg 1 19 35 51 51
0822_0010_0016_0060_0060.jpg 1 10 16 60 60
0823_0013_0058_0028_0028.jpg 1 13 58 28 28
0824_0035_0009_0045_0045.jpg 1 35 9 45 45
0825_0031_0034_0053_0053.jpg 1 31 34 53 53
0826_0027_0046_0031_0031.jpg 1 27 46 31 31
0827_0009_0044_0037_0037.jpg 1 9 44 37 37
0828_0017_0021_0037_0037.jpg 1 17 21 37 37
0829_0058_0014_0034_0034.jpg 1 58 14 34 34
0830_0012_0021_0038_0038.jpg 1 12 21 38 38
0831_0014_0007_0048_0048.jpg 1 14 7 48 48
0832_0048_0024_0042_0042.jpg 1 48 24 42 42
0833_0014_0028_0065_0065.jpg 1 14 28 65 65
0834_0030_0019_0063_0063.jpg 1 30 19 63 63
0835_0006_0012_0067_0067.jpg 1 6 12 67 67
0836_0051_0065_0025_0025.jpg 1 51 65 25 25
0837_0028_0051_0032_0032.jpg 1 28 51 32 32
0838_0024_0034_0050_0050.jpg 1 24 34 50 50
0839_0022_0023_0028_0028.jpg 1 22 23 28 28
0840_0008_0052_0024_0024.jpg 1 8 52 24 24
0841_0060_0040_0029_0029.jpg 1 60 40 29 29
0842_0019_0025_0046_0046.jpg 1 19 25 46 46
0843_0011_0012_0035_0035.jpg 1 11 12 35 35
0844_0027_0024_0062_0062.jpg 1 27 24 62 62
0845_0011_0054_0027_0027.jpg 1 11 54 27 27
0846_0012_0021_0047_0047.jpg 1 12 21 47 47
0847_0029_0020_0027_0027.jpg 1 29 20 27 27
0848_0029_0025_0059_0059.jpg 1 29 25 59 59
0849_0024_0009_0068_0068.jpg 1 24 9 68 68
0850_0006_0011_0047_0047.jpg 1 6 11 47 47
0851_0030_0010_0037_0037.jpg 1 30 10 37 37
0852_0026_0022_0051_0051.jpg 1 26 22 51 51
0853_0026_0022_0064_0064.jpg 1 26 22 64 64
0854_0007_0021_0039_0039.jpg 1 7 21 39 39
0855_0018_0053_0027_0027.jpg 1 18 53 27 27
0856_0038_0026_0026_0026.jpg 1 38 26 26 26
0857_0008_0022_0066_0066.jpg 1 8 22 66 66
0858_0027_0023_0061_0061.jpg 1 27 23 61 61
0859_0018_0006_0067_0067.jpg 1 18 6 67 67
0860_0051_0039_0042_0042.jpg 1 51 39 42 42
0861_0025_0017_0059_0059.jpg 1 25 17 59 59
0862_0018_0021_0044_0044.jpg 1 18 21 44 44
0863_0036_0048_0036_0036.jpg 1 36 48 36 36
0864_0018_0029_0030_0030.jpg 1 18 29 30 30
0865_0008_0011_0050_0050.jpg 1 8 11 50 50
0866_0021_0018_0059_0059.jpg 1 21 18 59 59
0867_0018_0025_0062_0062.jpg 1 18 25 62 62
0868_0012_0015_0024_0024.jpg 1 12 15 24 24
0869_0037_0013_0036_0036.jpg 1 37 13 36 36
0870_0021_0015_0054_0054.jpg 1 21 15 54 54
0871_0005_0034_0060_0060.jpg 1 5 34 60 60
0872_0036_0043_0028_0028.jpg 1 36 43 28 28
0873_0016_0024_0066_0066.jpg 1 16 24 66 66
0874_0027_0004_0061_0061.jpg 1 27 4 61 61
0875_0036_0037_0041_0041.jpg 1 36 37 41 41
0876_0016_0026_0053_0053.jpg 1 16 26 53 53
0877_0005_0010_0064_0064.jpg 1 5 10 64 64
0878_0030_0023_0053_0053.jpg 1 30 23 53 53
0879_0031_0023_0036_0036.jpg 1 31 23 36 36
0880_0012_0025_0068_0068.jpg 1 12 25 68 68
0881_0026_0051_0037_0037.jpg 1 26 51 37 37
0882_0007_0044_0025_0025.jpg 1 7 44 25 25
0883_0023_0042_0037_0037.jpg 1 23 42 37 37
0884_0022_0019_0056_0056.jpg 1 22 19 56 56
0885_0042_0058_0025_0025.jpg 1 42 58 25 25
0886_0027_0023_0032_0032.jpg 1 27 23 32 32
0887_0012_0008_0043_0043.jpg 1 12 8 43 43
0888_0026_0014_0058_0058.jpg 1 26 14 58 58
0889_0008_0017_0068_0068.jpg 1 8 17 68 68
0890_0057_0038_0036_0036.jpg 1 57 38 36 36
0891_0034_0060_0024_0024.jpg 1 34 60 24 24
0892_0025_0033_0038_0038.jpg 1 25 33 38 38
0893_0005_0026_0048_0048.jpg 1 5 26 48 48
0894_0041_0046_0030_0030.jpg 1 41 46 30 30
0895_0022_0013_0039_0039.jpg 1 22 13 39 39
0896_0020_0008_0042_0042.jpg 1 20 8 42 42
0897_0037_0011_0043_0043.jpg 1 37 11 43 43
0898_0024_0043_0044_0044.jpg 1 24 43 44 44
0899_0013_0041_0044_0044.jpg 1 13 41 44 44
0900_0007_0024_0066_0066.jpg 1 7 24 66 66
0901_0031_0047_0026_0026.jpg 1 31 47 26 26
0902_0028_0027_0025_0025.jpg 1 28 27 25 25
0903_0018_0011_0030_0030.jpg 1 18 11 30 30
0904_0007_0007_0069_0069.jpg 1 7 7 69 69
0905_0048_0042_0039_0039.jpg 1 48 42 39 39
0906_0021_0013_0036_0036.jpg 1 21 13 36 36
0907_0019_0006_0040_0040.jpg 1 19 6 40 40
0908_0007_0009_0050_0050.jpg 1 7 9 50 50
0909_0056_0020_0031_0031.jpg 1 56 20 31 31
0910_0041_0011_0054_0054.jpg 1 41 11 54 54
0911_0008_0018_0063_0063.jpg 1 8 18 63 63
0912_0024_0021_0052_0052.jpg 1 24 21 52 52
0913_0014_0008_0062_0062.jpg 1 14 8 62 62
0914_0055_0027_0033_0033.jpg 1 55 27 33 33
0915_0010_0043_0044_0044.jpg 1 10 43 44 44
0916_0028_0015_0053_0053.jpg 1 28 15 53 53
0917_0029_0046_0034_0034.jpg 1 29 46 34 34
0918_0015_0031_0026_0026.jpg 1 15 31 26 26
0919_0038_0008_0048_0048.jpg 1 38 8 48 48
0920_0031_0014_0062_0062.jpg 1 31 14 62 62
0921_0009_0014_0045_0045.jpg 1 9 14 45 45
0922_0048_0006_0039_0039.jpg 1 48 6 39 39
0923_0031_0021_0035_0035.jpg 1 31 21 35 35
0924_0016_0014_0069_0069.jpg 1 16 14 69 69
0925_0050_0037_0030_0030.jpg 1 50 37 30 30
0926_0006_0033_0050_0050.jpg 1 6 33 50 50
0927_0037_0014_0057_0057.jpg 1 37 14 57 57
0928_0060_0015_0025_0025.jpg 1 60 15 25 25
0929_0030_0006_0064_0064.jpg 1 30 6 64 64
0930_0022_0014_0051_0051.jpg 1 22 14 51 51
0931_0047_0029_0046_0046.jpg 1 47 29 46 46
0932_0010_0011_0059_0059.jpg 1 10 11 59 59
0933_0022_0036_0040_0040.jpg 1 22 36 40 40
0934_0024_0026_0062_0062.jpg 1 24 26 62 62
0935_0032_0040_0042_0042.jpg 1 32 40 42 42
0936_0028_0024_0046_0046.jpg 1 28 24 46 46
0937_0026_0025_0069_0069.jpg 1 26 25 69 69
0938_0024_0020_0066_0066.jpg 1 24 20 66 66
0939_0031_0038_0044_0044.jpg 1 31 38 44 44
0940_0016_0014_0060_0060.jpg 1 16 14 60 60
0941_0007_0014_0065_0065.jpg 1 7 14 65 65
0942_0008_0016_0065_0065.jpg 1 8 16 65 65
0943_0011_0007_0054_0054.jpg 1 11 7 54 54
0944_0035_0031_0053_0053.jpg 1 35 31 53 53
0945_0054_0007_0033_0033.jpg 1 54 7 33 33
0946_0015_0035_0059_0059.jpg 1 15 35 59 59
0947_0030_0011_0029_0029.jpg 1 30 11 29 29
0948_0030_0022_0043_0043.jpg 1 30 22 43 43
0949_0036_0052_0032_0032.jpg 1 36 52 32 32
0950_0026_0017_0030_0030.jpg 1 26 17 30 30
0951_0046_0033_0026_0026.jpg 1 46 33 26 26
0952_0023_0028_0057_0057.jpg 1 23 28 57 57
0953_0036_0055_0028_0028.jpg 1 36 55 28 28
0954_0023_0032_0029_0029.jpg 1 23 32 29 29
0955_0014_0024_0044_0044.jpg 1 14 24 44 44
0956_0013_0035_0058_0058.jpg 1 13 35 58 58
0957_0010_0029_0055_0055.jpg 1 10 29 55 55
0958_0009_0016_0049_0049.jpg 1 9 16 49 49
0959_0037_0028_0049_0049.jpg 1 37 28 49 49
0960_0013_0006_0056_0056.jpg 1 13 6 56 56
0961_0009_0013_0052_0052.jpg 1 9 13 52 52
0962_0036_0052_0027_0027.jpg 1 36 52 27 27
0963_0032_0006_0056_0056.jpg 1 32 6 56 56
0964_0037_0035_0041_0041.jpg 1 37 35 41 41
0965_0044_0012_0043_0043.jpg 1 44 12 43 43
0966_0006_0031_0041_0041.jpg 1 6 31 41 41
0967_0018_0011_0054_0054.jpg 1 18 11 54 54
0968_0026_0009_0062_0062.jpg 1 26 9 62 62
0969_0020_0049_0044_0044.jpg 1 20 49 44 44
0970_0035_0056_0030_0030.jpg 1 35 56 30 30
0971_0017_0015_0046_0046.jpg 1 17 15 46 46
0972_0063_0048_0029_0029.jpg 1 63 48 29 29
0973_0012_0019_0067_0067.jpg 1 12 19 67 67
0974_0010_0050_0029_0029.jpg 1 10 50 29 29
0975_0005_0035_0059_0059.jpg 1 5 35 59 59
0976_0020_0016_0037_0037.jpg 1 20 16 37 37
0977_0018_0025_0063_0063.jpg 1 18 25 63 63
0978_0037_0060_0025_0025.jpg 1 37 60 25 25
0979_0019_0009_0069_0069.jpg 1 19 9 69 69
0980_0008_0038_0054_0054.jpg 1 8 38 54 54
0981_0021_0036_0040_0040.jpg 1 21 36 40 40
0982_0037_0037_0048_0048.jpg 1 37 37 48 48
0983_0028_0004_0059_0059.jpg 1 28 4 59 59
0984_0012_0026_0042_0042.jpg 1 12 26 42 42
0985_0041_0007_0051_0051.jpg 1 41 7 51 51
0986_0017_0010_0043_0043.jpg 1 17 10 43 43
0987_0034_0030_0058_0058.jpg 1 34 30 58 58
0988_0027_0032_0054_0054.jpg 1 27 32 54 54
0989_0029_0036_0057_0057.jpg 1 29 36 57 57
0990_0022_0021_0055_0055.jpg 1 22 21 55 55
0991_0039_0016_0041_0041.jpg 1 39 16 41 41
0992_0052_0021_0036_0036.jpg 1 52 21 36 36
0993_0049_0046_0043_0043.jpg 1 49 46 43 43
0994_0036_0010_0039_0039.jpg 1 36 10 39 39
0995_0005_0033_0056_0056.jpg 1 5 33 56 56
0996_0040_0043_0031_0031.jpg 1 40 43 31 31
0997_0038_0034_0041_0041.jpg 1 38 34 41 41
0998_0024_0038_0049_0049.jpg 1 24 38 49 49
0999_0045_0038_0040_0040.jpg 1 45 38 40 40
1000_0061_0015_0026_0026.jpg 1 61 15 26 26
1001_0011_0007_0061_0061.jpg 1 11 7 61 61
1002_0019_0007_0056_0056.jpg 1 19 7 56 56
1003_0058_0063_0028_0028.jpg 1 58 63 28 28
1004_0053_0020_0041_0041.jpg 1 53 20 41 41
1005_0015_0030_0057_0057.jpg 1 15 30 57 57
1006_0025_0007_0057_0057.jpg 1 25 7 57 57
1007_0018_0013_0042_0042.jpg 1 18 13 42 42
1008_0030_0023_0045_0045.jpg 1 30 23 45 45
1009_0050_0056_0032_0032.jpg 1 50 56 32 32
1010_0046_0038_0032_0032.jpg 1 46 38 32 32
1011_0007_0027_0061_0061.jpg 1 7 27 61 61
1012_0028_0032_0057_0057.jpg 1 28 32 57 57
1013_0019_0006_0061_0061.jpg 1 19 6 61 61
1014_0059_0008_0026_0026.jpg 1 59 8 26 26
1015_0043_0026_0031_0031.jpg 1 43 26 31 31
1016_0019_0053_0034_0034.jpg 1 19 53 34 34
1017_0014_0011_0061_0061.jpg 1 14 11 61 61
1018_0020_0008_0062_0062.jpg 1 20 8 62 62
1019_0014_0011_0066_0066.jpg 1 14 11 66 66
1020_0007_0028_0046_0046.jpg 1 7 28 46 46
1021_0033_0009_0046_0046.jpg 1 33 9 46 46
1022_0061_0047_0028_0028.jpg 1 61 47 28 28
1023_0023_0038_0056_0056.jpg 1 23 38 56 56
1024_0036_0051_0030_0030.jpg 1 36 51 30 30
1025_0016_0016_0038_0038.jpg 1 16 16 38 38
1026_0019_0027_0060_0060.jpg 1 19 27 60 60
1027_0049_0051_0030_0030.jpg 1 49 51 30 30
1028_0031_0025_0046_0046.jpg 1 31 25 46 46
1029_0058_0027_0029_0029.jpg 1 58 27 29 29
1030_0022_0037_0025_0025.jpg 1 22 37 25 25
1031_0019_0014_0067_0067.jpg 1 19 14 67 67
1032_0027_0004_0062_0062.jpg 1 27 4 62 62
1033_0014_0049_0043_0043.jpg 1 14 49 43 43
1034_0022_0026_0027_0027.jpg 1 22 26 27 27
1035_0015_0024_0037_0037.jpg 1 15 24 37 37
1036_0019_0005_0069_0069.jpg 1 19 5 69 69
1037_0039_0024_0046_0046.jpg 1 39 24 46 46
1038_0041_0019_0038_0038.jpg 1 41 19 38 38
1039_0019_0015_0067_0067.jpg 1 19 15 67 67
1040_0021_0049_0041_0041.jpg 1 21 49 41 41
1041_0030_0020_0055_0055.jpg 1 30 20 55 55
1042_0053_0026_0029_0029.jpg 1 53 26 29 29
1043_0011_0012_0057_0057.jpg 1 11 12 57 57
1044_0021_0032_0044_0044.jpg 1 21 32 44 44
1045_0018_0007_0061_0061.jpg 1 18 7 61 61
1046_0019_0010_0067_0067.jpg 1 19 10 67 67
1047_0026_0005_0067_0067.jpg 1 26 5 67 67
1048_0047_0033_0029_0029.jpg 1 47 33 29 29
1049_0016_0040_0029_0029.jpg 1 16 40 29 29
1050_0036_0061_0026_0026.jpg 1 36 61 26 26
