0001_0030_0008_0066_0066.jpg 1 30 8 66 66
0002_0028_0025_0050_0050.jpg 1 28 25 50 50
0003_0037_0006_0053_0053.jpg 1 37 6 53 53
0004_0008_0004_0066_0066.jpg 1 8 4 66 66
0005_0048_0007_0045_0045.jpg 1 48 7 45 45
0006_0041_0063_0027_0027.jpg 1 41 63 27 27
0007_0058_0036_0025_0025.jpg 1 58 36 25 25
0008_0037_0010_0053_0053.jpg 1 37 10 53 53
0009_0025_0016_0064_0064.jpg 1 25 16 64 64
0010_0030_0048_0032_0032.jpg 1 30 48 32 32
0011_0012_0006_0048_0048.jpg 1 12 6 48 48
0012_0009_0034_0055_0055.jpg 1 9 34 55 55
0013_0031_0011_0063_0063.jpg 1 31 11 63 63
0014_0024_0038_0044_0044.jpg 1 24 38 44 44
0015_0013_0018_0063_0063.jpg 1 13 18 63 63
0016_0008_0021_0048_0048.jpg 1 8 21 48 48
0017_0045_0050_0044_0044.jpg 1 45 50 44 44
0018_0032_0033_0049_0049.jpg 1 32 33 49 49
0019_0034_0056_0024_0024.jpg 1 34 56 24 24
0020_0045_0034_0041_0041.jpg 1 45 34 41 41
0021_0018_0005_0068_0068.jpg 1 18 5 68 68
0022_0011_0043_0037_0037.jpg 1 11 43 37 37
0023_0017_0028_0050_0050.jpg 1 17 28 50 50
0024_0050_0054_0032_0032.jpg 1 50 54 32 32
0025_0006_0028_0056_0056.jpg 1 6 28 56 56
0026_0043_0010_0051_0051.jpg 1 43 10 51 51
0027_0013_0027_0060_0060.jpg 1 13 27 60 60
0028_0008_0009_0066_0066.jpg 1 8 9 66 66
0029_0031_0007_0043_0043.jpg 1 31 7 43 43
0030_0007_0047_0025_0025.jpg 1 7 47 25 25
0031_0034_0009_0059_0059.jpg 1 34 9 59 59
0032_0005_0038_0056_0056.jpg 1 5 38 56 56
0033_0011_0021_0033_0033.jpg 1 11 21 33 33
0034_0009_0038_0027_0027.jpg 1 9 38 27 27
0035_0011_0016_0026_0026.jpg 1 11 16 26 26
0036_0007_0036_0039_0039.jpg 1 7 36 39 39
0037_0029_0009_0065_0065.jpg 1 29 9 65 65
0038_0045_0039_0039_0039.jpg 1 45 39 39 39
0039_0043_0027_0026_0026.jpg 1 43 27 26 26
0040_0011_0007_0058_0058.jpg 1 11 7 58 58
0041_0027_0034_0061_0061.jpg 1 27 34 61 61
0042_0031_0010_0059_0059.jpg 1 31 10 59 59
0043_0046_0035_0031_0031.jpg 1 46 35 31 31
0044_0021_0012_0056_0056.jpg 1 21 12 56 56
0045_0038_0039_0029_0029.jpg 1 38 39 29 29
0046_0053_0018_0032_0032.jpg 1 53 18 32 32
0047_0045_0042_0047_0047.jpg 1 45 42 47 47
0048_0016_0016_0055_0055.jpg 1 16 16 55 55
0049_0049_0028_0030_0030.jpg 1 49 28 30 30
0050_0028_0047_0046_0046.jpg 1 28 47 46 46
0051_0030_0015_0060_0060.jpg 1 30 15 60 60
0052_0051_0037_0026_0026.jpg 1 51 37 26 26
0053_0006_0033_0059_0059.jpg 1 6 33 59 59
0054_0007_0017_0043_0043.jpg 1 7 17 43 43
0055_0028_0034_0035_0035.jpg 1 28 34 35 35
0056_0013_0036_0035_0035.jpg 1 13 36 35 35
0057_0022_0018_0028_0028.jpg 1 22 18 28 28
0058_0048_0061_0028_0028.jpg 1 48 61 28 28
0059_0017_0047_0027_0027.jpg 1 17 47 27 27
0060_0023_0011_0049_0049.jpg 1 23 11 49 49
0061_0020_0013_0056_0056.jpg 1 20 13 56 56
0062_0048_0030_0029_0029.jpg 1 48 30 29 29
0063_0035_0043_0031_0031.jpg 1 35 43 31 31
0064_0016_0016_0052_0052.jpg 1 16 16 52 52
0065_0016_0016_0043_0043.jpg 1 16 16 43 43
0066_0022_0045_0027_0027.jpg 1 22 45 27 27
0067_0020_0027_0067_0067.jpg 1 20 27 67 67
0068_0014_0028_0054_0054.jpg 1 14 28 54 54
0069_0043_0045_0024_0024.jpg 1 43 45 24 24
0070_0024_0034_0055_0055.jpg 1 24 34 55 55
0071_0054_0017_0039_0039.jpg 1 54 17 39 39
0072_0009_0025_0066_0066.jpg 1 9 25 66 66
0073_0009_0028_0046_0046.jpg 1 9 28 46 46
0074_0029_0031_0058_0058.jpg 1 29 31 58 58
0075_0025_0011_0055_0055.jpg 1 25 11 55 55
0076_0044_0055_0026_0026.jpg 1 44 55 26 26
0077_0017_0016_0057_0057.jpg 1 17 16 57 57
0078_0048_0017_0044_0044.jpg 1 48 17 44 44
0079_0050_0022_0041_0041.jpg 1 50 22 41 41
0080_0032_0006_0061_0061.jpg 1 32 6 61 61
0081_0030_0038_0056_0056.jpg 1 30 38 56 56
0082_0031_0043_0047_0047.jpg 1 31 43 47 47
0083_0034_0051_0034_0034.jpg 1 34 51 34 34
0084_0022_0012_0062_0062.jpg 1 22 12 62 62
0085_0026_0012_0054_0054.jpg 1 26 12 54 54
0086_0038_0021_0055_0055.jpg 1 38 21 55 55
0087_0034_0020_0057_0057.jpg 1 34 20 57 57
0088_0016_0011_0064_0064.jpg 1 16 11 64 64
0089_0032_0027_0053_0053.jpg 1 32 27 53 53
0090_0022_0010_0033_0033.jpg 1 22 10 33 33
0091_0028_0027_0065_0065.jpg 1 28 27 65 65
0092_0016_0044_0025_0025.jpg 1 16 44 25 25
0093_0016_0026_0067_0067.jpg 1 16 26 67 67
0094_0033_0024_0042_0042.jpg 1 33 24 42 42
0095_0033_0046_0040_0040.jpg 1 33 46 40 40
0096_0014_0017_0061_0061.jpg 1 14 17 61 61
0097_0049_0030_0036_0036.jpg 1 49 30 36 36
0098_0034_0037_0052_0052.jpg 1 34 37 52 52
0099_0005_0024_0067_0067.jpg 1 5 24 67 67
0100_0034_0021_0043_0043.jpg 1 34 21 43 43
0101_0032_0021_0060_0060.jpg 1 32 21 60 60
0102_0018_0006_0044_0044.jpg 1 18 6 44 44
0103_0024_0031_0033_0033.jpg 1 24 31 33 33
0104_0040_0047_0033_0033.jpg 1 40 47 33 33
0105_0011_0018_0033_0033.jpg 1 11 18 33 33
0106_0025_0015_0051_0051.jpg 1 25 15 51 51
0107_0023_0025_0039_0039.jpg 1 23 25 39 39
0108_0023_0051_0039_0039.jpg 1 23 51 39 39
0109_0024_0016_0055_0055.jpg 1 24 16 55 55
0110_0040_0013_0032_0032.jpg 1 40 13 32 32
0111_0005_0029_0058_0058.jpg 1 5 29 58 58
0112_0019_0016_0050_0050.jpg 1 19 16 50 50
0113_0018_0013_0060_0060.jpg 1 18 13 60 60
0114_0059_0054_0028_0028.jpg 1 59 54 28 28
0115_0025_0023_0069_0069.jpg 1 25 23 69 69
0116_0012_0031_0051_0051.jpg 1 12 31 51 51
0117_0018_0008_0069_0069.jpg 1 18 8 69 69
0118_0011_0030_0060_0060.jpg 1 11 30 60 60
0119_0027_0028_0057_0057.jpg 1 27 28 57 57
0120_0009_0013_0057_0057.jpg 1 9 13 57 57
0121_0012_0026_0036_0036.jpg 1 12 26 36 36
0122_0026_0018_0046_0046.jpg 1 26 18 46 46
0123_0034_0030_0038_0038.jpg 1 34 30 38 38
0124_0047_0018_0027_0027.jpg 1 47 18 27 27
0125_0012_0018_0069_0069.jpg 1 12 18 69 69
0126_0023_0025_0067_0067.jpg 1 23 25 67 67
0127_0008_0023_0056_0056.jpg 1 8 23 56 56
0128_0017_0031_0039_0039.jpg 1 17 31 39 39
0129_0016_0032_0052_0052.jpg 1 16 32 52 52
0130_0026_0017_0034_0034.jpg 1 26 17 34 34
0131_0019_0008_0045_0045.jpg 1 19 8 45 45
0132_0013_0023_0054_0054.jpg 1 13 23 54 54
0133_0015_0012_0035_0035.jpg 1 15 12 35 35
0134_0035_0006_0055_0055.jpg 1 35 6 55 55
0135_0030_0036_0044_0044.jpg 1 30 36 44 44
0136_0033_0029_0060_0060.jpg 1 33 29 60 60
0137_0052_0056_0030_0030.jpg 1 52 56 30 30
0138_0011_0025_0039_0039.jpg 1 11 25 39 39
0139_0058_0019_0031_0031.jpg 1 58 19 31 31
0140_0009_0014_0069_0069.jpg 1 9 14 69 69
0141_0033_0025_0050_0050.jpg 1 33 25 50 50
0142_0018_0035_0045_0045.jpg 1 18 35 45 45
0143_0007_0011_0044_0044.jpg 1 7 11 44 44
0144_0026_0052_0038_0038.jpg 1 26 52 38 38
0145_0018_0006_0066_0066.jpg 1 18 6 66 66
0146_0029_0049_0041_0041.jpg 1 29 49 41 41
0147_0016_0010_0051_0051.jpg 1 16 10 51 51
0148_0004_0031_0055_0055.jpg 1 4 31 55 55
0149_0016_0017_0067_0067.jpg 1 16 17 67 67
0150_0019_0060_0033_0033.jpg 1 19 60 33 33
0151_0044_0023_0036_0036.jpg 1 44 23 36 36
0152_0017_0023_0056_0056.jpg 1 17 23 56 56
0153_0020_0007_0041_0041.jpg 1 20 7 41 41
0154_0047_0015_0040_0040.jpg 1 47 15 40 40
0155_0018_0024_0049_0049.jpg 1 18 24 49 49
0156_0016_0010_0059_0059.jpg 1 16 10 59 59
0157_0041_0036_0046_0046.jpg 1 41 36 46 46
0158_0006_0016_0066_0066.jpg 1 6 16 66 66
0159_0016_0048_0042_0042.jpg 1 16 48 42 42
0160_0034_0050_0031_0031.jpg 1 34 50 31 31
0161_0040_0019_0054_0054.jpg 1 40 19 54 54
0162_0017_0013_0060_0060.jpg 1 17 13 60 60
0163_0017_0021_0064_0064.jpg 1 17 21 64 64
0164_0033_0028_0055_0055.jpg 1 33 28 55 55
0165_0031_0025_0043_0043.jpg 1 31 25 43 43
0166_0007_0013_0038_0038.jpg 1 7 13 38 38
0167_0009_0044_0048_0048.jpg 1 9 44 48 48
0168_0022_0015_0045_0045.jpg 1 22 15 45 45
0169_0039_0038_0028_0028.jpg 1 39 38 28 28
0170_0056_0049_0034_0034.jpg 1 56 49 34 34
0171_0022_0013_0069_0069.jpg 1 22 13 69 69
0172_0010_0031_0054_0054.jpg 1 10 31 54 54
0173_0039_0015_0037_0037.jpg 1 39 15 37 37
0174_0056_0041_0033_0033.jpg 1 56 41 33 33
0175_0044_0041_0042_0042.jpg 1 44 41 42 42
0176_0007_0006_0064_0064.jpg 1 7 6 64 64
0177_0033_0042_0044_0044.jpg 1 33 42 44 44
0178_0029_0056_0032_0032.jpg 1 29 56 32 32
0179_0008_0019_0063_0063.jpg 1 8 19 63 63
0180_0039_0011_0052_0052.jpg 1 39 11 52 52
0181_0011_0042_0044_0044.jpg 1 11 42 44 44
0182_0023_0021_0060_0060.jpg 1 23 21 60 60
0183_0039_0009_0046_0046.jpg 1 39 9 46 46
0184_0020_0020_0068_0068.jpg 1 20 20 68 68
0185_0007_0017_0049_0049.jpg 1 7 17 49 49
0186_0032_0021_0025_0025.jpg 1 32 21 25 25
0187_0008_0009_0068_0068.jpg 1 8 9 68 68
0188_0035_0044_0032_0032.jpg 1 35 44 32 32
0189_0021_0014_0067_0067.jpg 1 21 14 67 67
0190_0030_0042_0028_0028.jpg 1 30 42 28 28
0191_0027_0020_0068_0068.jpg 1 27 20 68 68
0192_0033_0046_0024_0024.jpg 1 33 46 24 24
0193_0019_0016_0051_0051.jpg 1 19 16 51 51
0194_0015_0022_0065_0065.jpg 1 15 22 65 65
0195_0011_0028_0063_0063.jpg 1 11 28 63 63
0196_0022_0019_0049_0049.jpg 1 22 19 49 49
0197_0013_0027_0053_0053.jpg 1 13 27 53 53
0198_0018_0009_0061_0061.jpg 1 18 9 61 61
0199_0032_0032_0062_0062.jpg 1 32 32 62 62
0200_0043_0028_0032_0032.jpg 1 43 28 32 32
0201_0036_0026_0058_0058.jpg 1 36 26 58 58
0202_0008_0012_0062_0062.jpg 1 8 12 62 62
0203_0048_0055_0030_0030.jpg 1 48 55 30 30
0204_0021_0025_0059_0059.jpg 1 21 25 59 59
0205_0021_0044_0047_0047.jpg 1 21 44 47 47
0206_0038_0047_0032_0032.jpg 1 38 47 32 32
0207_0021_0028_0057_0057.jpg 1 21 28 57 57
0208_0021_0010_0066_0066.jpg 1 21 10 66 66
0209_0026_0006_0060_0060.jpg 1 26 6 60 60
0210_0013_0043_0042_0042.jpg 1 13 43 42 42
0211_0023_0018_0057_0057.jpg 1 23 18 57 57
0212_0013_0040_0048_0048.jpg 1 13 40 48 48
0213_0048_0029_0031_0031.jpg 1 48 29 31 31
0214_0008_0055_0027_0027.jpg 1 8 55 27 27
0215_0051_0016_0038_0038.jpg 1 51 16 38 38
0216_0018_0027_0032_0032.jpg 1 18 27 32 32
0217_0026_0025_0061_0061.jpg 1 26 25 61 61
0218_0023_0038_0054_0054.jpg 1 23 38 54 54
0219_0022_0042_0040_0040.jpg 1 22 42 40 40
0220_0030_0016_0034_0034.jpg 1 30 16 34 34
0221_0023_0058_0028_0028.jpg 1 23 58 28 28
0222_0006_0014_0068_0068.jpg 1 6 14 68 68
0223_0041_0035_0050_0050.jpg 1 41 35 50 50
0224_0031_0008_0053_0053.jpg 1 31 8 53 53
0225_0047_0008_0027_0027.jpg 1 47 8 27 27
0226_0008_0035_0053_0053.jpg 1 8 35 53 53
0227_0032_0027_0043_0043.jpg 1 32 27 43 43
0228_0021_0041_0024_0024.jpg 1 21 41 24 24
0229_0018_0032_0044_0044.jpg 1 18 32 44 44
0230_0044_0010_0044_0044.jpg 1 44 10 44 44
0231_0012_0008_0056_0056.jpg 1 12 8 56 56
0232_0023_0033_0051_0051.jpg 1 23 33 51 51
0233_0015_0029_0041_0041.jpg 1 15 29 41 41
0234_0032_0051_0034_0034.jpg 1 32 51 34 34
0235_0044_0019_0037_0037.jpg 1 44 19 37 37
0236_0026_0023_0059_0059.jpg 1 26 23 59 59
0237_0046_0028_0036_0036.jpg 1 46 28 36 36
0238_0025_0040_0052_0052.jpg 1 25 40 52 52
0239_0017_0028_0054_0054.jpg 1 17 28 54 54
0240_0014_0031_0052_0052.jpg 1 14 31 52 52
0241_0020_0029_0045_0045.jpg 1 20 29 45 45
0242_0044_0016_0033_0033.jpg 1 44 16 33 33
0243_0026_0030_0065_0065.jpg 1 26 30 65 65
0244_0013_0013_0050_0050.jpg 1 13 13 50 50
0245_0017_0013_0069_0069.jpg 1 17 13 69 69
0246_0015_0030_0046_0046.jpg 1 15 30 46 46
0247_0011_0009_0067_0067.jpg 1 11 9 67 67
0248_0032_0034_0054_0054.jpg 1 32 34 54 54
0249_0021_0051_0035_0035.jpg 1 21 51 35 35
0250_0009_0014_0068_0068.jpg 1 9 14 68 68
0251_0012_0009_0048_0048.jpg 1 12 9 48 48
0252_0045_0016_0049_0049.jpg 1 45 16 49 49
0253_0027_0014_0047_0047.jpg 1 27 14 47 47
0254_0035_0023_0054_0054.jpg 1 35 23 54 54
0255_0059_0051_0030_0030.jpg 1 59 51 30 30
0256_0009_0013_0043_0043.jpg 1 9 13 43 43
0257_0008_0022_0041_0041.jpg 1 8 22 41 41
0258_0024_0023_0060_0060.jpg 1 24 23 60 60
0259_0019_0034_0047_0047.jpg 1 19 34 47 47
0260_0020_0030_0026_0026.jpg 1 20 30 26 26
0261_0055_0045_0036_0036.jpg 1 55 45 36 36
0262_0030_0028_0061_0061.jpg 1 30 28 61 61
0263_0037_0037_0049_0049.jpg 1 37 37 49 49
0264_0042_0018_0045_0045.jpg 1 42 18 45 45
0265_0033_0063_0025_0025.jpg 1 33 63 25 25
0266_0031_0027_0044_0044.jpg 1 31 27 44 44
0267_0026_0017_0029_0029.jpg 1 26 17 29 29
0268_0018_0016_0053_0053.jpg 1 18 16 53 53
0269_0024_0014_0068_0068.jpg 1 24 14 68 68
0270_0044_0024_0043_0043.jpg 1 44 24 43 43
0271_0035_0026_0055_0055.jpg 1 35 26 55 55
0272_0018_0047_0040_0040.jpg 1 18 47 40 40
0273_0020_0038_0033_0033.jpg 1 20 38 33 33
0274_0004_0009_0062_0062.jpg 1 4 9 62 62
0275_0018_0044_0033_0033.jpg 1 18 44 33 33
0276_0014_0030_0026_0026.jpg 1 14 30 26 26
0277_0038_0039_0053_0053.jpg 1 38 39 53 53
0278_0042_0036_0032_0032.jpg 1 42 36 32 32
0279_0017_0007_0051_0051.jpg 1 17 7 51 51
0280_0023_0010_0032_0032.jpg 1 23 10 32 32
0281_0007_0020_0027_0027.jpg 1 7 20 27 27
0282_0047_0018_0030_0030.jpg 1 47 18 30 30
0283_0013_0030_0059_0059.jpg 1 13 30 59 59
0284_0010_0010_0051_0051.jpg 1 10 10 51 51
0285_0050_0061_0028_0028.jpg 1 50 61 28 28
0286_0013_0006_0050_0050.jpg 1 13 6 50 50
0287_0020_0017_0061_0061.jpg 1 20 17 61 61
0288_0060_0042_0032_0032.jpg 1 60 42 32 32
0289_0013_0005_0068_0068.jpg 1 13 5 68 68
0290_0016_0032_0058_0058.jpg 1 16 32 58 58
0291_0029_0050_0036_0036.jpg 1 29 50 36 36
0292_0028_0012_0066_0066.jpg 1 28 12 66 66
0293_0011_0034_0047_0047.jpg 1 11 34 47 47
0294_0031_0040_0045_0045.jpg 1 31 40 45 45
0295_0018_0015_0069_0069.jpg 1 18 15 69 69
0296_0014_0051_0036_0036.jpg 1 14 51 36 36
0297_0027_0029_0060_0060.jpg 1 27 29 60 60
0298_0024_0008_0068_0068.jpg 1 24 8 68 68
0299_0051_0012_0028_0028.jpg 1 51 12 28 28
0300_0013_0035_0024_0024.jpg 1 13 35 24 24
0301_0018_0010_0044_0044.jpg 1 18 10 44 44
0302_0027_0011_0057_0057.jpg 1 27 11 57 57
0303_0015_0039_0036_0036.jpg 1 15 39 36 36
0304_0012_0038_0050_0050.jpg 1 12 38 50 50
0305_0024_0039_0035_0035.jpg 1 24 39 35 35
0306_0021_0010_0028_0028.jpg 1 21 10 28 28
0307_0027_0016_0043_0043.jpg 1 27 16 43 43
0308_0055_0010_0037_0037.jpg 1 55 10 37 37
0309_0010_0009_0049_0049.jpg 1 10 9 49 49
0310_0030_0018_0058_0058.jpg 1 30 18 58 58
0311_0037_0022_0039_0039.jpg 1 37 22 39 39
0312_0034_0028_0046_0046.jpg 1 34 28 46 46
0313_0021_0039_0055_0055.jpg 1 21 39 55 55
0314_0016_0008_0049_0049.jpg 1 16 8 49 49
0315_0043_0014_0035_0035.jpg 1 43 14 35 35
0316_0014_0049_0025_0025.jpg 1 14 49 25 25
0317_0008_0010_0033_0033.jpg 1 8 10 33 33
0318_0042_0052_0041_0041.jpg 1 42 52 41 41
0319_0004_0003_0069_0069.jpg 1 4 3 69 69
0320_0011_0026_0055_0055.jpg 1 11 26 55 55
0321_0048_0063_0025_0025.jpg 1 48 63 25 25
0322_0017_0008_0048_0048.jpg 1 17 8 48 48
0323_0012_0013_0068_0068.jpg 1 12 13 68 68
0324_0014_0027_0035_0035.jpg 1 14 27 35 35
0325_0048_0036_0046_0046.jpg 1 48 36 46 46
0326_0026_0026_0052_0052.jpg 1 26 26 52 52
0327_0021_0020_0044_0044.jpg 1 21 20 44 44
0328_0003_0022_0064_0064.jpg 1 3 22 64 64
0329_0014_0042_0051_0051.jpg 1 14 42 51 51
0330_0015_0046_0046_0046.jpg 1 15 46 46 46
0331_0008_0022_0049_0049.jpg 1 8 22 49 49
0332_0009_0025_0030_0030.jpg 1 9 25 30 30
0333_0033_0032_0063_0063.jpg 1 33 32 63 63
0334_0007_0038_0053_0053.jpg 1 7 38 53 53
0335_0025_0011_0064_0064.jpg 1 25 11 64 64
0336_0038_0043_0034_0034.jpg 1 38 43 34 34
0337_0015_0051_0033_0033.jpg 1 15 51 33 33
0338_0007_0025_0054_0054.jpg 1 7 25 54 54
0339_0007_0020_0069_0069.jpg 1 7 20 69 69
0340_0026_0018_0040_0040.jpg 1 26 18 40 40
0341_0045_0045_0037_0037.jpg 1 45 45 37 37
0342_0025_0029_0061_0061.jpg 1 25 29 61 61
0343_0019_0019_0048_0048.jpg 1 19 19 48 48
0344_0019_0009_0060_0060.jpg 1 19 9 60 60
0345_0010_0049_0037_0037.jpg 1 10 49 37 37
0346_0007_0018_0062_0062.jpg 1 7 18 62 62
0347_0018_0014_0064_0064.jpg 1 18 14 64 64
0348_0017_0021_0067_0067.jpg 1 17 21 67 67
0349_0015_0028_0068_0068.jpg 1 15 28 68 68
0350_0033_0043_0040_0040.jpg 1 33 43 40 40
0351_0027_0010_0065_0065.jpg 1 27 10 65 65
0352_0051_0018_0024_0024.jpg 1 51 18 24 24
0353_0022_0027_0064_0064.jpg 1 22 27 64 64
0354_0057_0021_0027_0027.jpg 1 57 21 27 27
0355_0035_0029_0059_0059.jpg 1 35 29 59 59
0356_0046_0025_0047_0047.jpg 1 46 25 47 47
0357_0015_0016_0044_0044.jpg 1 15 16 44 44
0358_0011_0005_0063_0063.jpg 1 11 5 63 63
0359_0029_0022_0026_0026.jpg 1 29 22 26 26
0360_0032_0030_0061_0061.jpg 1 32 30 61 61
0361_0030_0012_0054_0054.jpg 1 30 12 54 54
0362_0036_0026_0037_0037.jpg 1 36 26 37 37
0363_0020_0043_0043_0043.jpg 1 20 43 43 43
0364_0024_0020_0034_0034.jpg 1 24 20 34 34
0365_0006_0050_0037_0037.jpg 1 6 50 37 37
0366_0029_0014_0055_0055.jpg 1 29 14 55 55
0367_0055_0039_0024_0024.jpg 1 55 39 24 24
0368_0021_0014_0054_0054.jpg 1 21 14 54 54
0369_0007_0039_0051_0051.jpg 1 7 39 51 51
0370_0030_0011_0047_0047.jpg 1 30 11 47 47
0371_0018_0009_0069_0069.jpg 1 18 9 69 69
0372_0035_0038_0050_0050.jpg 1 35 38 50 50
0373_0014_0027_0046_0046.jpg 1 14 27 46 46
0374_0032_0031_0063_0063.jpg 1 32 31 63 63
0375_0011_0031_0046_0046.jpg 1 11 31 46 46
0376_0005_0025_0069_0069.jpg 1 5 25 69 69
0377_0047_0017_0039_0039.jpg 1 47 17 39 39
0378_0008_0018_0028_0028.jpg 1 8 18 28 28
0379_0020_0005_0047_0047.jpg 1 20 5 47 47
0380_0019_0019_0069_0069.jpg 1 19 19 69 69
0381_0062_0059_0028_0028.jpg 1 62 59 28 28
0382_0017_0010_0064_0064.jpg 1 17 10 64 64
0383_0018_0052_0025_0025.jpg 1 18 52 25 25
0384_0042_0039_0041_0041.jpg 1 42 39 41 41
0385_0005_0004_0063_0063.jpg 1 5 4 63 63
0386_0010_0049_0041_0041.jpg 1 10 49 41 41
0387_0034_0007_0055_0055.jpg 1 34 7 55 55
0388_0043_0027_0037_0037.jpg 1 43 27 37 37
0389_0039_0052_0037_0037.jpg 1 39 52 37 37
0390_0052_0052_0033_0033.jpg 1 52 52 33 33
0391_0039_0023_0048_0048.jpg 1 39 23 48 48
0392_0018_0054_0036_0036.jpg 1 18 54 36 36
0393_0032_0031_0027_0027.jpg 1 32 31 27 27
0394_0058_0044_0035_0035.jpg 1 58 44 35 35
0395_0006_0046_0039_0039.jpg 1 6 46 39 39
0396_0023_0022_0053_0053.jpg 1 23 22 53 53
0397_0012_0021_0050_0050.jpg 1 12 21 50 50
0398_0058_0038_0029_0029.jpg 1 58 38 29 29
0399_0012_0007_0068_0068.jpg 1 12 7 68 68
0400_0042_0023_0047_0047.jpg 1 42 23 47 47
0401_0016_0013_0068_0068.jpg 1 16 13 68 68
0402_0017_0022_0055_0055.jpg 1 17 22 55 55
0403_0037_0019_0050_0050.jpg 1 37 19 50 50
0404_0042_0017_0027_0027.jpg 1 42 17 27 27
0405_0037_0066_0025_0025.jpg 1 37 66 25 25
0406_0047_0017_0028_0028.jpg 1 47 17 28 28
0407_0035_0005_0058_0058.jpg 1 35 5 58 58
0408_0039_0014_0036_0036.jpg 1 39 14 36 36
0409_0027_0023_0045_0045.jpg 1 27 23 45 45
0410_0027_0040_0046_0046.jpg 1 27 40 46 46
0411_0010_0053_0039_0039.jpg 1 10 53 39 39
0412_0046_0010_0026_0026.jpg 1 46 10 26 26
0413_0021_0027_0061_0061.jpg 1 21 27 61 61
0414_0014_0034_0058_0058.jpg 1 14 34 58 58
0415_0032_0035_0047_0047.jpg 1 32 35 47 47
0416_0007_0026_0046_0046.jpg 1 7 26 46 46
0417_0008_0024_0053_0053.jpg 1 8 24 53 53
0418_0050_0046_0040_0040.jpg 1 50 46 40 40
0419_0019_0011_0027_0027.jpg 1 19 11 27 27
0420_0008_0023_0040_0040.jpg 1 8 23 40 40
0421_0024_0039_0052_0052.jpg 1 24 39 52 52
0422_0060_0055_0032_0032.jpg 1 60 55 32 32
0423_0046_0012_0041_0041.jpg 1 46 12 41 41
0424_0009_0009_0026_0026.jpg 1 9 9 26 26
0425_0012_0017_0052_0052.jpg 1 12 17 52 52
0426_0012_0021_0026_0026.jpg 1 12 21 26 26
0427_0022_0042_0052_0052.jpg 1 22 42 52 52
0428_0025_0020_0049_0049.jpg 1 25 20 49 49
0429_0034_0021_0042_0042.jpg 1 34 21 42 42
0430_0036_0034_0046_0046.jpg 1 36 34 46 46
0431_0026_0011_0039_0039.jpg 1 26 11 39 39
0432_0020_0030_0058_0058.jpg 1 20 30 58 58
0433_0027_0009_0042_0042.jpg 1 27 9 42 42
0434_0012_0033_0052_0052.jpg 1 12 33 52 52
0435_0027_0044_0051_0051.jpg 1 27 44 51 51
0436_0034_0020_0034_0034.jpg 1 34 20 34 34
0437_0027_0011_0052_0052.jpg 1 27 11 52 52
0438_0031_0029_0062_0062.jpg 1 31 29 62 62
0439_0030_0011_0042_0042.jpg 1 30 11 42 42
0440_0017_0007_0067_0067.jpg 1 17 7 67 67
0441_0051_0010_0030_0030.jpg 1 51 10 30 30
0442_0038_0034_0053_0053.jpg 1 38 34 53 53
0443_0026_0023_0045_0045.jpg 1 26 23 45 45
0444_0029_0030_0059_0059.jpg 1 29 30 59 59
0445_0025_0025_0034_0034.jpg 1 25 25 34 34
0446_0022_0025_0030_0030.jpg 1 22 25 30 30
0447_0035_0027_0059_0059.jpg 1 35 27 59 59
0448_0052_0051_0040_0040.jpg 1 52 51 40 40
0449_0014_0037_0036_0036.jpg 1 14 37 36 36
0450_0039_0006_0039_0039.jpg 1 39 6 39 39
0451_0034_0043_0030_0030.jpg 1 34 43 30 30
0452_0044_0039_0036_0036.jpg 1 44 39 36 36
0453_0036_0041_0045_0045.jpg 1 36 41 45 45
0454_0017_0045_0044_0044.jpg 1 17 45 44 44
0455_0023_0021_0026_0026.jpg 1 23 21 26 26
0456_0023_0026_0058_0058.jpg 1 23 26 58 58
0457_0018_0007_0062_0062.jpg 1 18 7 62 62
0458_0006_0028_0068_0068.jpg 1 6 28 68 68
0459_0054_0064_0026_0026.jpg 1 54 64 26 26
0460_0018_0021_0061_0061.jpg 1 18 21 61 61
0461_0014_0012_0063_0063.jpg 1 14 12 63 63
0462_0020_0006_0042_0042.jpg 1 20 6 42 42
0463_0017_0038_0039_0039.jpg 1 17 38 39 39
0464_0036_0042_0048_0048.jpg 1 36 42 48 48
0465_0025_0050_0027_0027.jpg 1 25 50 27 27
0466_0026_0035_0051_0051.jpg 1 26 35 51 51
0467_0034_0020_0060_0060.jpg 1 34 20 60 60
0468_0047_0014_0037_0037.jpg 1 47 14 37 37
0469_0012_0024_0056_0056.jpg 1 12 24 56 56
0470_0051_0035_0025_0025.jpg 1 51 35 25 25
0471_0044_0056_0027_0027.jpg 1 44 56 27 27
0472_0011_0029_0045_0045.jpg 1 11 29 45 45
0473_0025_0004_0066_0066.jpg 1 25 4 66 66
0474_0007_0044_0028_0028.jpg 1 7 44 28 28
0475_0030_0036_0052_0052.jpg 1 30 36 52 52
0476_0038_0046_0038_0038.jpg 1 38 46 38 38
0477_0039_0043_0043_0043.jpg 1 39 43 43 43
0478_0036_0038_0044_0044.jpg 1 36 38 44 44
0479_0045_0031_0041_0041.jpg 1 45 31 41 41
0480_0031_0050_0034_0034.jpg 1 31 50 34 34
0481_0051_0025_0030_0030.jpg 1 51 25 30 30
0482_0012_0006_0049_0049.jpg 1 12 6 49 49
0483_0053_0021_0039_0039.jpg 1 53 21 39 39
0484_0028_0045_0025_0025.jpg 1 28 45 25 25
0485_0012_0029_0036_0036.jpg 1 12 29 36 36
0486_0042_0018_0049_0049.jpg 1 42 18 49 49
0487_0058_0049_0026_0026.jpg 1 58 49 26 26
0488_0028_0033_0033_0033.jpg 1 28 33 33 33
0489_0021_0003_0068_0068.jpg 1 21 3 68 68
0490_0028_0027_0062_0062.jpg 1 28 27 62 62
0491_0045_0054_0028_0028.jpg 1 45 54 28 28
0492_0019_0026_0064_0064.jpg 1 19 26 64 64
0493_0015_0029_0067_0067.jpg 1 15 29 67 67
0494_0046_0039_0024_0024.jpg 1 46 39 24 24
0495_0021_0027_0050_0050.jpg 1 21 27 50 50
0496_0013_0045_0039_0039.jpg 1 13 45 39 39
0497_0034_0013_0055_0055.jpg 1 34 13 55 55
0498_0016_0027_0058_0058.jpg 1 16 27 58 58
0499_0034_0021_0054_0054.jpg 1 34 21 54 54
0500_0052_0055_0035_0035.jpg 1 52 55 35 35
0501_0051_0036_0038_0038.jpg 1 51 36 38 38
0502_0009_0018_0049_0049.jpg 1 9 18 49 49
0503_0022_0010_0059_0059.jpg 1 22 10 59 59
0504_0019_0019_0059_0059.jpg 1 19 19 59 59
0505_0016_0012_0063_0063.jpg 1 16 12 63 63
0506_0019_0019_0066_0066.jpg 1 19 19 66 66
0507_0018_0024_0063_0063.jpg 1 18 24 63 63
0508_0029_0018_0067_0067.jpg 1 29 18 67 67
0509_0006_0021_0055_0055.jpg 1 6 21 55 55
0510_0048_0049_0036_0036.jpg 1 48 49 36 36
0511_0045_0007_0049_0049.jpg 1 45 7 49 49
0512_0025_0023_0046_0046.jpg 1 25 23 46 46
0513_0007_0025_0033_0033.jpg 1 7 25 33 33
0514_0008_0004_0059_0059.jpg 1 8 4 59 59
0515_0022_0019_0062_0062.jpg 1 22 19 62 62
0516_0008_0018_0066_0066.jpg 1 8 18 66 66
0517_0057_0030_0024_0024.jpg 1 57 30 24 24
0518_0007_0011_0065_0065.jpg 1 7 11 65 65
0519_0016_0036_0056_0056.jpg 1 16 36 56 56
0520_0028_0005_0068_0068.jpg 1 28 5 68 68
0521_0003_0009_0067_0067.jpg 1 3 9 67 67
0522_0013_0006_0065_0065.jpg 1 13 6 65 65
0523_0009_0014_0034_0034.jpg 1 9 14 34 34
0524_0025_0014_0058_0058.jpg 1 25 14 58 58
0525_0008_0027_0052_0052.jpg 1 8 27 52 52
0526_0024_0033_0033_0033.jpg 1 24 33 33 33
0527_0020_0013_0057_0057.jpg 1 20 13 57 57
0528_0027_0045_0048_0048.jpg 1 27 45 48 48
0529_0008_0053_0033_0033.jpg 1 8 53 33 33
0530_0008_0014_0045_0045.jpg 1 8 14 45 45
0531_0041_0009_0043_0043.jpg 1 41 9 43 43
0532_0038_0023_0046_0046.jpg 1 38 23 46 46
0533_0024_0024_0068_0068.jpg 1 24 24 68 68
0534_0017_0018_0041_0041.jpg 1 17 18 41 41
0535_0020_0010_0054_0054.jpg 1 20 10 54 54
0536_0051_0026_0038_0038.jpg 1 51 26 38 38
0537_0013_0017_0063_0063.jpg 1 13 17 63 63
0538_0021_0044_0040_0040.jpg 1 21 44 40 40
0539_0019_0006_0044_0044.jpg 1 19 6 44 44
0540_0020_0005_0058_0058.jpg 1 20 5 58 58
0541_0033_0018_0036_0036.jpg 1 33 18 36 36
0542_0031_0012_0054_0054.jpg 1 31 12 54 54
0543_0008_0017_0069_0069.jpg 1 8 17 69 69
0544_0033_0014_0025_0025.jpg 1 33 14 25 25
0545_0021_0026_0029_0029.jpg 1 21 26 29 29
0546_0007_0031_0059_0059.jpg 1 7 31 59 59
0547_0037_0051_0031_0031.jpg 1 37 51 31 31
0548_0050_0035_0024_0024.jpg 1 50 35 24 24
0549_0022_0049_0041_0041.jpg 1 22 49 41 41
0550_0035_0048_0031_0031.jpg 1 35 48 31 31
0551_0036_0052_0025_0025.jpg 1 36 52 25 25
0552_0043_0022_0046_0046.jpg 1 43 22 46 46
0553_0016_0010_0033_0033.jpg 1 16 10 33 33
0554_0025_0037_0050_0050.jpg 1 25 37 50 50
0555_0039_0043_0049_0049.jpg 1 39 43 49 49
0556_0042_0012_0035_0035.jpg 1 42 12 35 35
0557_0041_0028_0052_0052.jpg 1 41 28 52 52
0558_0034_0062_0029_0029.jpg 1 34 62 29 29
0559_0037_0021_0039_0039.jpg 1 37 21 39 39
0560_0005_0028_0053_0053.jpg 1 5 28 53 53
0561_0014_0015_0055_0055.jpg 1 14 15 55 55
0562_0028_0005_0057_0057.jpg 1 28 5 57 57
0563_0005_0030_0056_0056.jpg 1 5 30 56 56
0564_0009_0014_0046_0046.jpg 1 9 14 46 46
0565_0023_0031_0054_0054.jpg 1 23 31 54 54
0566_0022_0009_0033_0033.jpg 1 22 9 33 33
0567_0023_0007_0057_0057.jpg 1 23 7 57 57
0568_0039_0025_0039_0039.jpg 1 39 25 39 39
0569_0009_0047_0035_0035.jpg 1 9 47 35 35
0570_0024_0055_0033_0033.jpg 1 24 55 33 33
0571_0049_0036_0031_0031.jpg 1 49 36 31 31
0572_0024_0024_0046_0046.jpg 1 24 24 46 46
0573_0054_0064_0026_0026.jpg 1 54 64 26 26
0574_0009_0039_0049_0049.jpg 1 9 39 49 49
0575_0038_0039_0047_0047.jpg 1 38 39 47 47
0576_0022_0010_0057_0057.jpg 1 22 10 57 57
0577_0043_0012_0047_0047.jpg 1 43 12 47 47
0578_0009_0030_0062_0062.jpg 1 9 30 62 62
0579_0020_0030_0045_0045.jpg 1 20 30 45 45
0580_0065_0021_0026_0026.jpg 1 65 21 26 26
0581_0024_0005_0069_0069.jpg 1 24 5 69 69
0582_0048_0044_0043_0043.jpg 1 48 44 43 43
0583_0034_0060_0028_0028.jpg 1 34 60 28 28
0584_0006_0033_0046_0046.jpg 1 6 33 46 46
0585_0012_0030_0027_0027.jpg 1 12 30 27 27
0586_0021_0020_0067_0067.jpg 1 21 20 67 67
0587_0034_0025_0037_0037.jpg 1 34 25 37 37
0588_0029_0011_0050_0050.jpg 1 29 11 50 50
0589_0049_0038_0039_0039.jpg 1 49 38 39 39
0590_0033_0042_0039_0039.jpg 1 33 42 39 39
0591_0027_0027_0062_0062.jpg 1 27 27 62 62
0592_0013_0032_0040_0040.jpg 1 13 32 40 40
0593_0012_0007_0045_0045.jpg 1 12 7 45 45
0594_0027_0024_0068_0068.jpg 1 27 24 68 68
0595_0027_0033_0060_0060.jpg 1 27 33 60 60
0596_0060_0046_0025_0025.jpg 1 60 46 25 25
0597_0047_0047_0026_0026.jpg 1 47 47 26 26
0598_0036_0033_0054_0054.jpg 1 36 33 54 54
0599_0021_0056_0034_0034.jpg 1 21 56 34 34
0600_0017_0035_0036_0036.jpg 1 17 35 36 36
0601_0055_0024_0033_0033.jpg 1 55 24 33 33
0602_0047_0042_0040_0040.jpg 1 47 42 40 40
0603_0010_0022_0067_0067.jpg 1 10 22 67 67
0604_0028_0021_0051_0051.jpg 1 28 21 51 51
0605_0036_0058_0027_0027.jpg 1 36 58 27 27
0606_0016_0026_0060_0060.jpg 1 16 26 60 60
0607_0025_0017_0035_0035.jpg 1 25 17 35 35
0608_0024_0013_0068_0068.jpg 1 24 13 68 68
0609_0056_0030_0036_0036.jpg 1 56 30 36 36
0610_0019_0023_0053_0053.jpg 1 19 23 53 53
0611_0019_0028_0068_0068.jpg 1 19 28 68 68
0612_0053_0049_0038_0038.jpg 1 53 49 38 38
0613_0015_0035_0058_0058.jpg 1 15 35 58 58
0614_0024_0011_0053_0053.jpg 1 24 11 53 53
0615_0041_0048_0044_0044.jpg 1 41 48 44 44
0616_0021_0007_0051_0051.jpg 1 21 7 51 51
0617_0019_0019_0052_0052.jpg 1 19 19 52 52
0618_0019_0018_0042_0042.jpg 1 19 18 42 42
0619_0054_0011_0033_0033.jpg 1 54 11 33 33
0620_0049_0057_0031_0031.jpg 1 49 57 31 31
0621_0025_0026_0063_0063.jpg 1 25 26 63 63
0622_0026_0028_0042_0042.jpg 1 26 28 42 42
0623_0014_0006_0035_0035.jpg 1 14 6 35 35
0624_0007_0034_0051_0051.jpg 1 7 34 51 51
0625_0055_0008_0035_0035.jpg 1 55 8 35 35
0626_0021_0030_0036_0036.jpg 1 21 30 36 36
0627_0041_0020_0026_0026.jpg 1 41 20 26 26
0628_0007_0022_0044_0044.jpg 1 7 22 44 44
0629_0021_0009_0032_0032.jpg 1 21 9 32 32
0630_0024_0009_0054_0054.jpg 1 24 9 54 54
0631_0016_0041_0029_0029.jpg 1 16 41 29 29
0632_0013_0030_0064_0064.jpg 1 13 30 64 64
0633_0045_0026_0028_0028.jpg 1 45 26 28 28
0634_0010_0014_0049_0049.jpg 1 10 14 49 49
0635_0011_0023_0027_0027.jpg 1 11 23 27 27
0636_0007_0009_0062_0062.jpg 1 7 9 62 62
0637_0012_0017_0067_0067.jpg 1 12 17 67 67
0638_0013_0044_0049_0049.jpg 1 13 44 49 49
0639_0040_0061_0029_0029.jpg 1 40 61 29 29
0640_0017_0018_0067_0067.jpg 1 17 18 67 67
0641_0020_0007_0032_0032.jpg 1 20 7 32 32
0642_0013_0023_0053_0053.jpg 1 13 23 53 53
0643_0058_0033_0031_0031.jpg 1 58 33 31 31
0644_0018_0022_0046_0046.jpg 1 18 22 46 46
0645_0020_0030_0060_0060.jpg 1 20 30 60 60
0646_0030_0021_0060_0060.jpg 1 30 21 60 60
0647_0047_0051_0041_0041.jpg 1 47 51 41 41
0648_0045_0024_0031_0031.jpg 1 45 24 31 31
0649_0014_0038_0040_0040.jpg 1 14 38 40 40
0650_0036_0037_0058_0058.jpg 1 36 37 58 58
0651_0004_0018_0062_0062.jpg 1 4 18 62 62
0652_0038_0017_0033_0033.jpg 1 38 17 33 33
0653_0022_0017_0033_0033.jpg 1 22 17 33 33
0654_0029_0021_0049_0049.jpg 1 29 21 49 49
0655_0020_0023_0064_0064.jpg 1 20 23 64 64
0656_0014_0021_0035_0035.jpg 1 14 21 35 35
0657_0028_0010_0066_0066.jpg 1 28 10 66 66
0658_0059_0021_0032_0032.jpg 1 59 21 32 32
0659_0023_0033_0050_0050.jpg 1 23 33 50 50
0660_0018_0032_0046_0046.jpg 1 18 32 46 46
0661_0018_0020_0067_0067.jpg 1 18 20 67 67
0662_0022_0028_0068_0068.jpg 1 22 28 68 68
0663_0023_0023_0025_0025.jpg 1 23 23 25 25
0664_0025_0006_0066_0066.jpg 1 25 6 66 66
0665_0062_0064_0026_0026.jpg 1 62 64 26 26
0666_0042_0005_0046_0046.jpg 1 42 5 46 46
0667_0013_0008_0068_0068.jpg 1 13 8 68 68
0668_0042_0032_0029_0029.jpg 1 42 32 29 29
0669_0026_0048_0046_0046.jpg 1 26 48 46 46
0670_0020_0028_0062_0062.jpg 1 20 28 62 62
0671_0031_0014_0028_0028.jpg 1 31 14 28 28
0672_0032_0013_0031_0031.jpg 1 32 13 31 31
0673_0011_0049_0036_0036.jpg 1 11 49 36 36
0674_0021_0015_0045_0045.jpg 1 21 15 45 45
0675_0003_0005_0064_0064.jpg 1 3 5 64 64
0676_0051_0039_0041_0041.jpg 1 51 39 41 41
0677_0027_0028_0029_0029.jpg 1 27 28 29 29
0678_0007_0008_0041_0041.jpg 1 7 8 41 41
0679_0017_0008_0069_0069.jpg 1 17 8 69 69
0680_0049_0018_0028_0028.jpg 1 49 18 28 28
0681_0015_0047_0044_0044.jpg 1 15 47 44 44
0682_0041_0048_0037_0037.jpg 1 41 48 37 37
0683_0062_0043_0027_0027.jpg 1 62 43 27 27
0684_0014_0014_0049_0049.jpg 1 14 14 49 49
0685_0025_0005_0056_0056.jpg 1 25 5 56 56
0686_0028_0010_0067_0067.jpg 1 28 10 67 67
0687_0031_0032_0059_0059.jpg 1 31 32 59 59
0688_0034_0063_0026_0026.jpg 1 34 63 26 26
0689_0013_0010_0058_0058.jpg 1 13 10 58 58
0690_0010_0019_0063_0063.jpg 1 10 19 63 63
0691_0019_0018_0047_0047.jpg 1 19 18 47 47
0692_0023_0019_0051_0051.jpg 1 23 19 51 51
0693_0028_0032_0027_0027.jpg 1 28 32 27 27
0694_0046_0009_0042_0042.jpg 1 46 9 42 42
0695_0025_0008_0067_0067.jpg 1 25 8 67 67
0696_0048_0051_0031_0031.jpg 1 48 51 31 31
0697_0016_0027_0026_0026.jpg 1 16 27 26 26
0698_0008_0006_0063_0063.jpg 1 8 6 63 63
0699_0005_0014_0062_0062.jpg 1 5 14 62 62
0700_0033_0036_0033_0033.jpg 1 33 36 33 33
0701_0027_0009_0064_0064.jpg 1 27 9 64 64
0702_0010_0025_0063_0063.jpg 1 10 25 63 63
0703_0057_0053_0030_0030.jpg 1 57 53 30 30
0704_0007_0027_0068_0068.jpg 1 7 27 68 68
0705_0023_0025_0065_0065.jpg 1 23 25 65 65
0706_0042_0034_0044_0044.jpg 1 42 34 44 44
0707_0022_0032_0058_0058.jpg 1 22 32 58 58
0708_0009_0042_0037_0037.jpg 1 9 42 37 37
0709_0031_0031_0061_0061.jpg 1 31 31 61 61
0710_0033_0018_0028_0028.jpg 1 33 18 28 28
0711_0018_0031_0060_0060.jpg 1 18 31 60 60
0712_0031_0036_0047_0047.jpg 1 31 36 47 47
0713_0045_0034_0030_0030.jpg 1 45 34 30 30
0714_0046_0037_0039_0039.jpg 1 46 37 39 39
0715_0039_0020_0052_0052.jpg 1 39 20 52 52
0716_0046_0029_0039_0039.jpg 1 46 29 39 39
0717_0025_0005_0045_0045.jpg 1 25 5 45 45
0718_0041_0008_0049_0049.jpg 1 41 8 49 49
0719_0028_0047_0039_0039.jpg 1 28 47 39 39
0720_0035_0035_0035_0035.jpg 1 35 35 35 35
0721_0023_0027_0049_0049.jpg 1 23 27 49 49
0722_0024_0011_0056_0056.jpg 1 24 11 56 56
0723_0012_0040_0051_0051.jpg 1 12 40 51 51
0724_0064_0035_0025_0025.jpg 1 64 35 25 25
0725_0011_0015_0062_0062.jpg 1 11 15 62 62
0726_0037_0059_0026_0026.jpg 1 37 59 26 26
0727_0009_0025_0034_0034.jpg 1 9 25 34 34
0728_0017_0029_0061_0061.jpg 1 17 29 61 61
0729_0008_0036_0030_0030.jpg 1 8 36 30 30
0730_0009_0047_0045_0045.jpg 1 9 47 45 45
0731_0015_0024_0068_0068.jpg 1 15 24 68 68
0732_0008_0013_0034_0034.jpg 1 8 13 34 34
0733_0005_0031_0059_0059.jpg 1 5 31 59 59
0734_0040_0026_0025_0025.jpg 1 40 26 25 25
0735_0004_0030_0061_0061.jpg 1 4 30 61 61
0736_0012_0047_0046_0046.jpg 1 12 47 46 46
0737_0039_0039_0028_0028.jpg 1 39 39 28 28
0738_0011_0007_0048_0048.jpg 1 11 7 48 48
0739_0042_0047_0036_0036.jpg 1 42 47 36 36
0740_0009_0016_0059_0059.jpg 1 9 16 59 59
0741_0048_0020_0028_0028.jpg 1 48 20 28 28
0742_0027_0027_0040_0040.jpg 1 27 27 40 40
0743_0049_0026_0045_0045.jpg 1 49 26 45 45
0744_0050_0031_0037_0037.jpg 1 50 31 37 37
0745_0008_0016_0069_0069.jpg 1 8 16 69 69
0746_0033_0056_0035_0035.jpg 1 33 56 35 35
0747_0007_0028_0066_0066.jpg 1 7 28 66 66
0748_0048_0039_0034_0034.jpg 1 48 39 34 34
0749_0007_0014_0045_0045.jpg 1 7 14 45 45
0750_0031_0037_0048_0048.jpg 1 31 37 48 48
0751_0029_0044_0027_0027.jpg 1 29 44 27 27
0752_0024_0017_0069_0069.jpg 1 24 17 69 69
0753_0037_0038_0046_0046.jpg 1 37 38 46 46
0754_0045_0041_0046_0046.jpg 1 45 41 46 46
0755_0045_0056_0028_0028.jpg 1 45 56 28 28
0756_0048_0013_0042_0042.jpg 1 48 13 42 42
0757_0016_0046_0028_0028.jpg 1 16 46 28 28
0758_0042_0007_0034_0034.jpg 1 42 7 34 34
0759_0004_0015_0068_0068.jpg 1 4 15 68 68
0760_0012_0010_0027_0027.jpg 1 12 10 27 27
0761_0023_0014_0062_0062.jpg 1 23 14 62 62
0762_0011_0009_0048_0048.jpg 1 11 9 48 48
0763_0050_0018_0039_0039.jpg 1 50 18 39 39
0764_0035_0026_0027_0027.jpg 1 35 26 27 27
0765_0019_0008_0051_0051.jpg 1 19 8 51 51
0766_0013_0030_0036_0036.jpg 1 13 30 36 36
0767_0036_0006_0033_0033.jpg 1 36 6 33 33
0768_0023_0004_0062_0062.jpg 1 23 4 62 62
0769_0008_0012_0068_0068.jpg 1 8 12 68 68
0770_0022_0018_0064_0064.jpg 1 22 18 64 64
0771_0032_0011_0056_0056.jpg 1 32 11 56 56
0772_0028_0004_0061_0061.jpg 1 28 4 61 61
0773_0018_0014_0056_0056.jpg 1 18 14 56 56
0774_0018_0005_0049_0049.jpg 1 18 5 49 49
0775_0037_0042_0036_0036.jpg 1 37 42 36 36
0776_0020_0030_0055_0055.jpg 1 20 30 55 55
0777_0038_0023_0030_0030.jpg 1 38 23 30 30
0778_0005_0032_0055_0055.jpg 1 5 32 55 55
0779_0037_0022_0053_0053.jpg 1 37 22 53 53
0780_0031_0018_0043_0043.jpg 1 31 18 43 43
0781_0036_0040_0036_0036.jpg 1 36 40 36 36
0782_0022_0018_0040_0040.jpg 1 22 18 40 40
0783_0029_0011_0045_0045.jpg 1 29 11 45 45
0784_0037_0010_0054_0054.jpg 1 37 10 54 54
0785_0013_0028_0068_0068.jpg 1 13 28 68 68
0786_0010_0011_0066_0066.jpg 1 10 11 66 66
0787_0025_0014_0048_0048.jpg 1 25 14 48 48
0788_0029_0031_0049_0049.jpg 1 29 31 49 49
0789_0028_0017_0024_0024.jpg 1 28 17 24 24
0790_0037_0055_0037_0037.jpg 1 37 55 37 37
0791_0034_0018_0031_0031.jpg 1 34 18 31 31
0792_0038_0038_0044_0044.jpg 1 38 38 44 44
0793_0011_0014_0029_0029.jpg 1 11 14 29 29
0794_0054_0029_0025_0025.jpg 1 54 29 25 25
0795_0032_0017_0055_0055.jpg 1 32 17 55 55
0796_0012_0007_0068_0068.jpg 1 12 7 68 68
0797_0038_0009_0044_0044.jpg 1 38 9 44 44
0798_0019_0027_0042_0042.jpg 1 19 27 42 42
0799_0007_0057_0033_0033.jpg 1 7 57 33 33
0800_0039_0047_0046_0046.jpg 1 39 47 46 46
0801_0015_0022_0027_0027.jpg 1 15 22 27 27
0802_0024_0057_0026_0026.jpg 1 24 57 26 26
0803_0037_0033_0056_0056.jpg 1 37 33 56 56
0804_0042_0005_0049_0049.jpg 1 42 5 49 49
0805_0007_0015_0069_0069.jpg 1 7 15 69 69
0806_0065_0049_0024_0024.jpg 1 65 49 24 24
0807_0058_0046_0028_0028.jpg 1 58 46 28 28
0808_0048_0023_0043_0043.jpg 1 48 23 43 43
0809_0041_0042_0029_0029.jpg 1 41 42 29 29
0810_0005_0006_0061_0061.jpg 1 5 6 61 61
0811_0036_0051_0026_0026.jpg 1 36 51 26 26
0812_0026_0041_0041_0041.jpg 1 26 41 41 41
0813_0035_0018_0049_0049.jpg 1 35 18 49 49
0814_0019_0045_0048_0048.jpg 1 19 45 48 48
0815_0012_0036_0033_0033.jpg 1 12 36 33 33
0816_0031_0006_0048_0048.jpg 1 31 6 48 48
0817_0015_0020_0061_0061.jpg 1 15 20 61 61
0818_0044_0028_0030_0030.jpg 1 44 28 30 30
0819_0037_0036_0053_0053.jpg 1 37 36 53 53
0820_0050_0039_0025_0025.jpg 1 50 39 25 25
0821_0031_0048_0046_0046.jpg 1 31 48 46 46
0822_0018_0016_0057_0057.jpg 1 18 16 57 57
0823_0030_0022_0050_0050.jpg 1 30 22 50 50
0824_0046_0019_0043_0043.jpg 1 46 19 43 43
0825_0058_0044_0028_0028.jpg 1 58 44 28 28
0826_0034_0020_0059_0059.jpg 1 34 20 59 59
0827_0036_0036_0047_0047.jpg 1 36 36 47 47
0828_0049_0030_0030_0030.jpg 1 49 30 30 30
0829_0027_0010_0059_0059.jpg 1 27 10 59 59
0830_0029_0021_0063_0063.jpg 1 29 21 63 63
0831_0003_0010_0069_0069.jpg 1 3 10 69 69
0832_0013_0019_0037_0037.jpg 1 13 19 37 37
0833_0036_0033_0024_0024.jpg 1 36 33 24 24
0834_0008_0014_0057_0057.jpg 1 8 14 57 57
0835_0047_0014_0036_0036.jpg 1 47 14 36 36
0836_0010_0039_0043_0043.jpg 1 10 39 43 43
0837_0008_0036_0050_0050.jpg 1 8 36 50 50
0838_0019_0015_0051_0051.jpg 1 19 15 51 51
0839_0021_0020_0054_0054.jpg 1 21 20 54 54
0840_0007_0032_0048_0048.jpg 1 7 32 48 48
0841_0008_0035_0060_0060.jpg 1 8 35 60 60
0842_0026_0036_0047_0047.jpg 1 26 36 47 47
0843_0041_0039_0024_0024.jpg 1 41 39 24 24
0844_0032_0007_0051_0051.jpg 1 32 7 51 51
0845_0021_0028_0030_0030.jpg 1 21 28 30 30
0846_0026_0025_0055_0055.jpg 1 26 25 55 55
0847_0009_0019_0058_0058.jpg 1 9 19 58 58
0848_0041_0034_0050_0050.jpg 1 41 34 50 50
0849_0035_0050_0024_0024.jpg 1 35 50 24 24
0850_0006_0011_0059_0059.jpg 1 6 11 59 59
0851_0008_0031_0061_0061.jpg 1 8 31 61 61
0852_0021_0040_0052_0052.jpg 1 21 40 52 52
0853_0043_0029_0034_0034.jpg 1 43 29 34 34
0854_0011_0058_0035_0035.jpg 1 11 58 35 35
0855_0024_0063_0025_0025.jpg 1 24 63 25 25
0856_0011_0022_0067_0067.jpg 1 11 22 67 67
0857_0032_0031_0036_0036.jpg 1 32 31 36 36
0858_0026_0034_0032_0032.jpg 1 26 34 32 32
0859_0027_0010_0060_0060.jpg 1 27 10 60 60
0860_0022_0013_0030_0030.jpg 1 22 13 30 30
0861_0012_0010_0046_0046.jpg 1 12 10 46 46
0862_0037_0035_0045_0045.jpg 1 37 35 45 45
0863_0058_0013_0035_0035.jpg 1 58 13 35 35
0864_0019_0029_0051_0051.jpg 1 19 29 51 51
0865_0035_0040_0043_0043.jpg 1 35 40 43 43
0866_0035_0039_0050_0050.jpg 1 35 39 50 50
0867_0018_0029_0057_0057.jpg 1 18 29 57 57
0868_0049_0018_0026_0026.jpg 1 49 18 26 26
0869_0032_0012_0025_0025.jpg 1 32 12 25 25
0870_0013_0021_0066_0066.jpg 1 13 21 66 66
0871_0006_0011_0048_0048.jpg 1 6 11 48 48
0872_0042_0036_0036_0036.jpg 1 42 36 36 36
0873_0030_0041_0043_0043.jpg 1 30 41 43 43
0874_0029_0010_0056_0056.jpg 1 29 10 56 56
0875_0010_0030_0043_0043.jpg 1 10 30 43 43
0876_0050_0008_0036_0036.jpg 1 50 8 36 36
0877_0024_0016_0033_0033.jpg 1 24 16 33 33
0878_0008_0019_0061_0061.jpg 1 8 19 61 61
0879_0020_0038_0042_0042.jpg 1 20 38 42 42
0880_0012_0023_0056_0056.jpg 1 12 23 56 56
0881_0041_0015_0034_0034.jpg 1 41 15 34 34
0882_0040_0017_0054_0054.jpg 1 40 17 54 54
0883_0020_0041_0043_0043.jpg 1 20 41 43 43
0884_0047_0025_0031_0031.jpg 1 47 25 31 31
0885_0028_0037_0035_0035.jpg 1 28 37 35 35
0886_0023_0010_0064_0064.jpg 1 23 10 64 64
0887_0021_0011_0053_0053.jpg 1 21 11 53 53
0888_0033_0043_0038_0038.jpg 1 33 43 38 38
0889_0010_0031_0063_0063.jpg 1 10 31 63 63
0890_0007_0036_0039_0039.jpg 1 7 36 39 39
0891_0044_0022_0040_0040.jpg 1 44 22 40 40
0892_0010_0059_0029_0029.jpg 1 10 59 29 29
0893_0028_0026_0043_0043.jpg 1 28 26 43 43
0894_0041_0025_0053_0053.jpg 1 41 25 53 53
0895_0030_0023_0041_0041.jpg 1 30 23 41 41
0896_0030_0021_0031_0031.jpg 1 30 21 31 31
0897_0009_0058_0027_0027.jpg 1 9 58 27 27
0898_0007_0011_0067_0067.jpg 1 7 11 67 67
0899_0014_0018_0058_0058.jpg 1 14 18 58 58
0900_0011_0009_0069_0069.jpg 1 11 9 69 69
0901_0041_0056_0033_0033.jpg 1 41 56 33 33
0902_0015_0009_0055_0055.jpg 1 15 9 55 55
0903_0028_0028_0067_0067.jpg 1 28 28 67 67
0904_0020_0049_0026_0026.jpg 1 20 49 26 26
0905_0041_0010_0026_0026.jpg 1 41 10 26 26
0906_0022_0055_0037_0037.jpg 1 22 55 37 37
0907_0064_0046_0025_0025.jpg 1 64 46 25 25
0908_0013_0043_0034_0034.jpg 1 13 43 34 34
0909_0028_0039_0033_0033.jpg 1 28 39 33 33
0910_0017_0057_0028_0028.jpg 1 17 57 28 28
0911_0011_0021_0038_0038.jpg 1 11 21 38 38
0912_0021_0009_0047_0047.jpg 1 21 9 47 47
0913_0027_0023_0054_0054.jpg 1 27 23 54 54
0914_0019_0017_0051_0051.jpg 1 19 17 51 51
0915_0022_0044_0034_0034.jpg 1 22 44 34 34
0916_0026_0011_0062_0062.jpg 1 26 11 62 62
0917_0011_0038_0054_0054.jpg 1 11 38 54 54
0918_0062_0008_0030_0030.jpg 1 62 8 30 30
0919_0036_0028_0045_0045.jpg 1 36 28 45 45
0920_0022_0039_0053_0053.jpg 1 22 39 53 53
0921_0019_0023_0066_0066.jpg 1 19 23 66 66
0922_0015_0039_0055_0055.jpg 1 15 39 55 55
0923_0006_0045_0043_0043.jpg 1 6 45 43 43
0924_0008_0013_0066_0066.jpg 1 8 13 66 66
0925_0059_0009_0032_0032.jpg 1 59 9 32 32
0926_0008_0038_0028_0028.jpg 1 8 38 28 28
0927_0045_0045_0030_0030.jpg 1 45 45 30 30
0928_0035_0028_0028_0028.jpg 1 35 28 28 28
0929_0025_0035_0044_0044.jpg 1 25 35 44 44
0930_0043_0044_0030_0030.jpg 1 43 44 30 30
0931_0032_0015_0055_0055.jpg 1 32 15 55 55
0932_0038_0007_0036_0036.jpg 1 38 7 36 36
0933_0027_0011_0061_0061.jpg 1 27 11 61 61
0934_0014_0028_0055_0055.jpg 1 14 28 55 55
0935_0039_0011_0028_0028.jpg 1 39 11 28 28
0936_0014_0018_0043_0043.jpg 1 14 18 43 43
0937_0037_0031_0026_0026.jpg 1 37 31 26 26
0938_0034_0041_0026_0026.jpg 1 34 41 26 26
0939_0062_0027_0026_0026.jpg 1 62 27 26 26
0940_0023_0014_0059_0059.jpg 1 23 14 59 59
0941_0009_0005_0065_0065.jpg 1 9 5 65 65
0942_0058_0044_0024_0024.jpg 1 58 44 24 24
0943_0005_0006_0046_0046.jpg 1 5 6 46 46
0944_0035_0014_0037_0037.jpg 1 35 14 37 37
0945_0032_0024_0034_0034.jpg 1 32 24 34 34
0946_0008_0043_0030_0030.jpg 1 8 43 30 30
0947_0008_0012_0062_0062.jpg 1 8 12 62 62
0948_0026_0021_0069_0069.jpg 1 26 21 69 69
0949_0030_0058_0033_0033.jpg 1 30 58 33 33
0950_0017_0015_0057_0057.jpg 1 17 15 57 57
0951_0019_0042_0048_0048.jpg 1 19 42 48 48
0952_0035_0039_0041_0041.jpg 1 35 39 41 41
0953_0047_0026_0044_0044.jpg 1 47 26 44 44
0954_0009_0016_0058_0058.jpg 1 9 16 58 58
0955_0047_0016_0037_0037.jpg 1 47 16 37 37
0956_0024_0028_0051_0051.jpg 1 24 28 51 51
0957_0022_0015_0033_0033.jpg 1 22 15 33 33
0958_0025_0027_0067_0067.jpg 1 25 27 67 67
0959_0030_0027_0063_0063.jpg 1 30 27 63 63
0960_0012_0023_0069_0069.jpg 1 12 23 69 69
0961_0020_0008_0040_0040.jpg 1 20 8 40 40
0962_0023_0042_0025_0025.jpg 1 23 42 25 25
0963_0014_0024_0066_0066.jpg 1 14 24 66 66
0964_0019_0016_0025_0025.jpg 1 19 16 25 25
0965_0023_0037_0044_0044.jpg 1 23 37 44 44
0966_0058_0056_0034_0034.jpg 1 58 56 34 34
0967_0016_0042_0028_0028.jpg 1 16 42 28 28
0968_0031_0037_0029_0029.jpg 1 31 37 29 29
0969_0006_0015_0069_0069.jpg 1 6 15 69 69
0970_0025_0049_0039_0039.jpg 1 25 49 39 39
0971_0015_0036_0055_0055.jpg 1 15 36 55 55
0972_0037_0025_0056_0056.jpg 1 37 25 56 56
0973_0043_0020_0050_0050.jpg 1 43 20 50 50
0974_0022_0020_0065_0065.jpg 1 22 20 65 65
0975_0034_0018_0057_0057.jpg 1 34 18 57 57
0976_0025_0019_0065_0065.jpg 1 25 19 65 65
0977_0018_0031_0055_0055.jpg 1 18 31 55 55
0978_0028_0017_0065_0065.jpg 1 28 17 65 65
0979_0044_0005_0045_0045.jpg 1 44 5 45 45
0980_0036_0021_0037_0037.jpg 1 36 21 37 37
0981_0038_0031_0033_0033.jpg 1 38 31 33 33
0982_0018_0029_0063_0063.jpg 1 18 29 63 63
0983_0030_0044_0033_0033.jpg 1 30 44 33 33
0984_0009_0007_0045_0045.jpg 1 9 7 45 45
0985_0050_0050_0026_0026.jpg 1 50 50 26 26
0986_0059_0058_0029_0029.jpg 1 59 58 29 29
0987_0033_0021_0046_0046.jpg 1 33 21 46 46
0988_0030_0026_0061_0061.jpg 1 30 26 61 61
0989_0026_0026_0047_0047.jpg 1 26 26 47 47
0990_0033_0023_0040_0040.jpg 1 33 23 40 40
0991_0025_0056_0026_0026.jpg 1 25 56 26 26
0992_0033_0014_0030_0030.jpg 1 33 14 30 30
0993_0044_0051_0025_0025.jpg 1 44 51 25 25
0994_0022_0007_0061_0061.jpg 1 22 7 61 61
0995_0039_0045_0028_0028.jpg 1 39 45 28 28
0996_0033_0036_0058_0058.jpg 1 33 36 58 58
0997_0009_0015_0064_0064.jpg 1 9 15 64 64
0998_0028_0011_0065_0065.jpg 1 28 11 65 65
0999_0015_0039_0038_0038.jpg 1 15 39 38 38
1000_0038_0013_0037_0037.jpg 1 38 13 37 37
1001_0034_0041_0044_0044.jpg 1 34 41 44 44
1002_0009_0029_0028_0028.jpg 1 9 29 28 28
1003_0041_0025_0047_0047.jpg 1 41 25 47 47
1004_0058_0007_0035_0035.jpg 1 58 7 35 35
1005_0042_0013_0033_0033.jpg 1 42 13 33 33
1006_0020_0044_0044_0044.jpg 1 20 44 44 44
1007_0026_0017_0032_0032.jpg 1 26 17 32 32
1008_0008_0033_0057_0057.jpg 1 8 33 57 57
1009_0005_0010_0065_0065.jpg 1 5 10 65 65
1010_0041_0049_0033_0033.jpg 1 41 49 33 33
1011_0030_0009_0058_0058.jpg 1 30 9 58 58
1012_0038_0029_0048_0048.jpg 1 38 29 48 48
1013_0006_0011_0041_0041.jpg 1 6 11 41 41
1014_0013_0027_0067_0067.jpg 1 13 27 67 67
1015_0028_0006_0043_0043.jpg 1 28 6 43 43
1016_0011_0017_0062_0062.jpg 1 11 17 62 62
1017_0022_0022_0067_0067.jpg 1 22 22 67 67
1018_0025_0032_0059_0059.jpg 1 25 32 59 59
1019_0035_0037_0038_0038.jpg 1 35 37 38 38
1020_0047_0044_0040_0040.jpg 1 47 44 40 40
1021_0006_0025_0045_0045.jpg 1 6 25 45 45
1022_0043_0016_0045_0045.jpg 1 43 16 45 45
1023_0021_0010_0055_0055.jpg 1 21 10 55 55
1024_0010_0014_0050_0050.jpg 1 10 14 50 50
1025_0036_0011_0043_0043.jpg 1 36 11 43 43
1026_0015_0016_0030_0030.jpg 1 15 16 30 30
1027_0008_0016_0068_0068.jpg 1 8 16 68 68
1028_0037_0038_0057_0057.jpg 1 37 38 57 57
1029_0026_0035_0051_0051.jpg 1 26 35 51 51
1030_0019_0011_0050_0050.jpg 1 19 11 50 50
1031_0009_0006_0064_0064.jpg 1 9 6 64 64
1032_0024_0050_0039_0039.jpg 1 24 50 39 39
1033_0024_0026_0026_0026.jpg 1 24 26 26 26
1034_0023_0018_0038_0038.jpg 1 23 18 38 38
1035_0044_0033_0046_0046.jpg 1 44 33 46 46
1036_0025_0006_0064_0064.jpg 1 25 6 64 64
1037_0035_0044_0032_0032.jpg 1 35 44 32 32
1038_0017_0004_0068_0068.jpg 1 17 4 68 68
1039_0046_0018_0043_0043.jpg 1 46 18 43 43
1040_0026_0004_0058_0058.jpg 1 26 4 58 58
1041_0007_0040_0051_0051.jpg 1 7 40 51 51
1042_0027_0031_0050_0050.jpg 1 27 31 50 50
1043_0010_0022_0056_0056.jpg 1 10 22 56 56
1044_0021_0025_0059_0059.jpg 1 21 25 59 59
1045_0007_0025_0066_0066.jpg 1 7 25 66 66
1046_0023_0041_0038_0038.jpg 1 23 41 38 38
1047_0016_0030_0054_0054.jpg 1 16 30 54 54
1048_0008_0012_0065_0065.jpg 1 8 12 65 65
1049_0055_0053_0031_0031.jpg 1 55 53 31 31
1050_0032_0008_0062_0062.jpg 1 32 8 62 62
